INFO: [HLS 200-10] Running 'D:/Xilinx/Vivado/2018.1/bin/unwrapped/win64.o/vivado_hls.exe'
INFO: [HLS 200-10] For user 'minliu' on host 'desktop-3tnsmfc' (Windows NT_amd64 version 6.2) on Mon Sep 17 15:35:24 +0200 2018
INFO: [HLS 200-10] In directory 'E:/xfOpenCV/hls_2018_1'
INFO: [HLS 200-10] Opening project 'E:/xfOpenCV/hls_2018_1/calcDataFlow'.
INFO: [HLS 200-10] Opening solution 'E:/xfOpenCV/hls_2018_1/calcDataFlow/solution1'.
INFO: [SYN 201-201] Setting up clock 'default' with a period of 10ns.
INFO: [SYN 201-201] Setting up clock 'default' with an uncertainty of 0.1ns.
INFO: [HLS 200-10] Setting target device to 'xc7z007sclg225-1'
INFO: [SIM 211-2] *************** CSIM start ***************
INFO: [SIM 211-4] CSIM will launch GCC as the compiler.
   Compiling ../../../src/test.cpp in debug mode
   Compiling ../../../src/calcDataFlow.cpp in debug mode
   Generating csim.exe
In file included from D:/Xilinx/Vivado/2018.1/include/floating_point_v7_0_bitacc_cmodel.h:143:0,
                 from D:/Xilinx/Vivado/2018.1/include/hls_fpo.h:172,
                 from D:/Xilinx/Vivado/2018.1/include/hls_half.h:57,
                 from D:/Xilinx/Vivado/2018.1/include/ap_int.h:74,
                 from D:/Xilinx/Vivado/2018.1/include/ap_fixed.h:67,
                 from ../../../src/test.cpp:7:
D:/Xilinx/Vivado/2018.1/include/gmp.h:62:0: warning: "__GMP_LIBGMP_DLL" redefined [enabled by default]
D:/Xilinx/Vivado/2018.1/include/floating_point_v7_0_bitacc_cmodel.h:135:0: note: this is the location of the previous definition
In file included from D:/Xilinx/Vivado/2018.1/include/floating_point_v7_0_bitacc_cmodel.h:143:0,
                 from D:/Xilinx/Vivado/2018.1/include/hls_fpo.h:172,
                 from D:/Xilinx/Vivado/2018.1/include/hls_half.h:57,
                 from D:/Xilinx/Vivado/2018.1/include/ap_int.h:74,
                 from ../../../src/calcDataFlow.h:5,
                 from ../../../src/calcDataFlow.cpp:1:
D:/Xilinx/Vivado/2018.1/include/gmp.h:62:0: warning: "__GMP_LIBGMP_DLL" redefined [enabled by default]
D:/Xilinx/Vivado/2018.1/include/floating_point_v7_0_bitacc_cmodel.h:135:0: note: this is the location of the previous definition
INFO: [SIM 211-1] CSim file generation done with 0 errors.
INFO: [SIM 211-3] *************** CSIM finish ***************
