==============================================================
File generated by Vivado(TM) HLS - High-Level Synthesis from C, C++ and SystemC
Version: 2018.1
Copyright (C) 1986-2018 Xilinx, Inc. All Rights Reserved.

==============================================================

INFO: [SYN 201-201] Setting up clock 'default' with a period of 10ns.
INFO: [SYN 201-201] Setting up clock 'default' with an uncertainty of 0.1ns.
INFO: [HLS 200-10] Setting target device to 'xc7z007sclg225-1'
INFO: [HLS 200-10] Analyzing design file 'abmofParseEvents_SmallBitWidth/src/abmof_hw_accel.cpp' ...
INFO: [HLS 200-10] Validating synthesis directives ...
WARNING: [HLS 200-40] Directive 'UNROLL' cannot be applied: Label 'calcOF_label0' does not exist in function 'calcOF'.
WARNING: [HLS 200-40] Directive 'UNROLL' cannot be applied: Label 'calcOF_label1' does not exist in function 'calcOF'.
INFO: [HLS 200-111] Finished Checking Pragmas Time (s): cpu = 00:00:02 ; elapsed = 00:00:12 . Memory (MB): peak = 103.762 ; gain = 46.125
INFO: [HLS 200-111] Finished Linking Time (s): cpu = 00:00:02 ; elapsed = 00:00:14 . Memory (MB): peak = 103.785 ; gain = 46.148
INFO: [HLS 200-10] Starting code transformations ...
INFO: [XFORM 203-603] Inlining function 'accumulateHW' into 'parseEvents' (abmofParseEvents_SmallBitWidth/src/abmof_hw_accel.cpp:307).
INFO: [XFORM 203-603] Inlining function 'calcOF' into 'parseEvents' (abmofParseEvents_SmallBitWidth/src/abmof_hw_accel.cpp:321).
INFO: [HLS 200-111] Finished Standard Transforms Time (s): cpu = 00:00:02 ; elapsed = 00:00:15 . Memory (MB): peak = 128.367 ; gain = 70.730
INFO: [HLS 200-10] Checking synthesizability ...
WARNING: [SYNCHK 200-23] abmofParseEvents_SmallBitWidth/src/abmof_hw_accel.cpp:50: variable-indexed range selection may cause suboptimal QoR.
INFO: [SYNCHK 200-10] 0 error(s), 1 warning(s).
INFO: [HLS 200-111] Finished Checking Synthesizability Time (s): cpu = 00:00:02 ; elapsed = 00:00:15 . Memory (MB): peak = 129.301 ; gain = 71.664
INFO: [XFORM 203-502] Unrolling all sub-loops inside loop 'loop_1' (abmofParseEvents_SmallBitWidth/src/abmof_hw_accel.cpp:289) in function 'parseEvents' for pipelining.
INFO: [XFORM 203-501] Unrolling loop 'Loop-1.1' (abmofParseEvents_SmallBitWidth/src/abmof_hw_accel.cpp:48) in function 'parseEvents' completely.
INFO: [XFORM 203-501] Unrolling loop 'Loop-1.2' (abmofParseEvents_SmallBitWidth/src/abmof_hw_accel.cpp:54) in function 'parseEvents' completely.
INFO: [XFORM 203-501] Unrolling loop 'Loop-1.3' (abmofParseEvents_SmallBitWidth/src/abmof_hw_accel.cpp:68) in function 'parseEvents' completely.
INFO: [XFORM 203-501] Unrolling loop 'Loop-1.4' (abmofParseEvents_SmallBitWidth/src/abmof_hw_accel.cpp:74) in function 'parseEvents' completely.
INFO: [XFORM 203-501] Unrolling loop 'Loop-1.5' (abmofParseEvents_SmallBitWidth/src/abmof_hw_accel.cpp:88) in function 'parseEvents' completely.
INFO: [XFORM 203-501] Unrolling loop 'Loop-1.6' (abmofParseEvents_SmallBitWidth/src/abmof_hw_accel.cpp:94) in function 'parseEvents' completely.
INFO: [XFORM 203-501] Unrolling loop 'readRefBlockLoop1' (abmofParseEvents_SmallBitWidth/src/abmof_hw_accel.cpp:160) in function 'parseEvents' completely.
INFO: [XFORM 203-501] Unrolling loop 'readBlockInnerLoop0' (abmofParseEvents_SmallBitWidth/src/abmof_hw_accel.cpp:172) in function 'parseEvents' completely.
INFO: [XFORM 203-501] Unrolling loop 'Loop-1.7.1.1' (abmofParseEvents_SmallBitWidth/src/abmof_hw_accel.cpp:174) in function 'parseEvents' completely.
INFO: [XFORM 203-501] Unrolling loop 'readBlockInnerLoop1' (abmofParseEvents_SmallBitWidth/src/abmof_hw_accel.cpp:189) in function 'parseEvents' completely.
INFO: [XFORM 203-501] Unrolling loop 'Loop-1.7.2.1' (abmofParseEvents_SmallBitWidth/src/abmof_hw_accel.cpp:191) in function 'parseEvents' completely.
INFO: [XFORM 203-501] Unrolling loop 'readBlockInnerLoop2' (abmofParseEvents_SmallBitWidth/src/abmof_hw_accel.cpp:206) in function 'parseEvents' completely.
INFO: [XFORM 203-501] Unrolling loop 'Loop-1.7.3.1' (abmofParseEvents_SmallBitWidth/src/abmof_hw_