==============================================================
File generated by Vivado(TM) HLS - High-Level Synthesis from C, C++ and SystemC
Version: 2018.1
Copyright (C) 1986-2018 Xilinx, Inc. All Rights Reserved.

==============================================================

INFO: [SYN 201-201] Setting up clock 'default' with a period of 10ns.
INFO: [SYN 201-201] Setting up clock 'default' with an uncertainty of 0.1ns.
INFO: [HLS 200-10] Setting target device to 'xc7z007sclg225-1'
INFO: [SYN 201-201] Setting up clock 'default' with a period of 10ns.
INFO: [HLS 200-10] Analyzing design file 'xlnk_LK_OF/src/motion_compensation.cpp' ...
INFO: [HLS 200-10] Analyzing design file 'xlnk_LK_OF/src/ap_bmp.cpp' ...
INFO: [HLS 200-10] Analyzing design file 'xlnk_LK_OF/src/LKof_ref.cpp' ...
INFO: [HLS 200-10] Analyzing design file 'xlnk_LK_OF/src/LKof_hls_opt.cpp' ...
INFO: [HLS 200-10] Validating synthesis directives ...
INFO: [HLS 200-111] Finished Checking Pragmas Time (s): cpu = 00:00:04 ; elapsed = 00:01:18 . Memory (MB): peak = 103.328 ; gain = 46.090
INFO: [HLS 200-111] Finished Linking Time (s): cpu = 00:00:05 ; elapsed = 00:02:16 . Memory (MB): peak = 103.363 ; gain = 46.125
INFO: [HLS 200-10] Starting code transformations ...
INFO: [XFORM 203-603] Inlining function 'ap_fixed_base<63, 39, false, (ap_q_mode)5, (ap_o_mode)3, 0>::operator<<' into 'generic_cast_IEEE754<short, (ap_q_mode)6, float>' (r:/builds/2018.1/nightly/2018_04_04_2188600/src/products/hls/hls_lib/hlsmath/src/../include/internal/hls_round.h:286).
INFO: [XFORM 203-603] Inlining function 'ap_fixed_base<1, 16, false, (ap_q_mode)5, (ap_o_mode)0, 0>::overflow_adjust' into 'ap_fixed_base<1, 16, false, (ap_q_mode)5, (ap_o_mode)0, 0>::ap_fixed_base<63, 39, false, (ap_q_mode)5, (ap_o_mode)3, 0>' ().
INFO: [HLS 200-111] Finished Standard Transforms Time (s): cpu = 00:00:07 ; elapsed = 00:02:34 . Memory (MB): peak = 252.199 ; gain = 194.961
INFO: [HLS 200-10] Checking synthesizability ...
INFO: [XFORM 203-602] Inlining function 'hls_tyx_integration_kernel' into 'hls_ComputeIntegrals' (xlnk_LK_OF/src/LKof_hls_opt.cpp:985) automatically.
INFO: [XFORM 203-602] Inlining function 'fp_struct<float>::mantissa' into 'generic_cast_IEEE754<short, (ap_q_mode)6, float>' (r:/builds/2018.1/nightly/2018_04_04_2188600/src/products/hls/hls_lib/hlsmath/src/../include/internal/hls_round.h:283) automatically.
INFO: [XFORM 203-602] Inlining function 'fp_struct<float>::expv' into 'generic_cast_IEEE754<short, (ap_q_mode)6, float>' (r:/builds/2018.1/nightly/2018_04_04_2188600/src/products/hls/hls_lib/hlsmath/src/../include/internal/hls_round.h:286) automatically.
INFO: [XFORM 203-602] Inlining function 'fp_struct<float>::__signbit' into 'generic_cast_IEEE754<short, (ap_q_mode)6, float>' (r:/builds/2018.1/nightly/2018_04_04_2188600/src/products/hls/hls_lib/hlsmath/src/../include/internal/hls_round.h:318) automatically.
INFO: [XFORM 203-602] Inlining function 'generic_cast_IEEE754<short, (ap_q_mode)6, float>' into 'generic_cast_IEEE754<short, float>' (r:/builds/2018.1/nightly/2018_04_04_2188600/src/products/hls/hls_lib/hlsmath/src/../include/internal/hls_round.h:368) automatically.
INFO: [XFORM 203-602] Inlining function 'generic_cast_IEEE754<short, float>' into '__hls_fptosi_float_i16' (r:/builds/2018.1/nightly/2018_04_04_2188600/src/products/hls/hls_lib/hlsmath/src/lib_floatconversion.cpp:48) automatically.
INFO: [XFORM 203-602] Inlining function 'hls_matrix_inversion' into 'hls_ComputeVectors' (xlnk_LK_OF/src/LKof_hls_opt.cpp:1045) automatically.
INFO: [HLS 200-111] Finished Checking Synthesizability Time (s): cpu = 00:00:09 ; elapsed = 00:02:37 . Memory (MB): peak = 291.492 ; gain = 234.254
INFO: [XFORM 203-502] Unrolling all loops for pipelining in function 'hls_tyx_integration_kernel' (xlnk_LK_OF/src/LKof_hls_opt.cpp:838:43).
INFO: [XFORM 203-502] Unrolling all sub-loops inside loop 'L2' (xlnk_LK_OF/src/LKof_hls_opt.cpp:927) in function 'hls_ComputeIntegrals' for pipelining.
WARNING: [XFORM 203-505] Ignored pipeline directive for loop 'L5' (xlnk_LK_OF/src/LKof_hls_opt.cpp:955) because its parent loop or function is pipelined.
INFO: [XFORM 203-502] Unrolling all sub-loops inside loop 'L2' (xlnk_LK_OF/src/LKof_hls_opt.cpp:468) in function 'hls_SpatialTemporalDerivatives' for pipelining.
INFO: [XFORM 203-502] Unrolling all loops for pipelining in function 'hls_derivatives_kernel' (xlnk_LK_OF/src/LKof_hls_opt.cpp:380).
INFO: [XFORM 203-502] Unrolling all sub-loops inside loop 'L2' (xlnk_LK_OF/src/LKof_hls_opt.cpp:181) in function 'hls_twoIsotropicFilters' for pipelining.
INFO: [XFORM 203-502] Unrolling all loops for pipelining in function 'hls_isotropic_kernel' (xlnk_LK_OF/src/LKof_hls_opt.cpp:117).
INFO: [XFORM 203-501] Unrolling loop 'L0' (xlnk_LK_OF/src/LKof_hls_opt.cpp:853) in function 'hls_tyx_integration_kernel' completely.
INFO: [XFORM 203-501] Unrolling loop 'Loop-1.1.1' (xlnk_LK_OF/src/LKof_hls_opt.cpp:933) in function 'hls_ComputeIntegrals' completely.
INFO: [XFORM 203-501] Unrolling loop 'L5' (xlnk_LK_OF/src/LKof_hls_opt.cpp:955) in function 'hls_ComputeIntegrals' completely.
INFO: [XFORM 203-501] Unrolling loop 'L3' (xlnk_LK_OF/src/LKof_hls_opt.cpp:475) in function 'hls_SpatialTemporalDerivatives' completely.
INFO: [XFORM 203-501] Unrolling loop 'L4' (xlnk_LK_OF/src/LKof_hls_opt.cpp:490) in function 'hls_SpatialTemporalDerivatives' completely.
INFO: [XFORM 203-501] Unrolling loop 'L5' (xlnk_LK_OF/src/LKof_hls_opt.cpp:491) in function 'hls_SpatialTemporalDerivatives' completely.
INFO: [XFORM 203-501] Unrolling loop 'L6' (xlnk_LK_OF/src/LKof_hls_opt.cpp:496) in function 'hls_SpatialTemporalDerivatives' completely.
INFO: [XFORM 203-501] Unrolling loop 'L1' (xlnk_LK_OF/src/LKof_hls_opt.cpp:415) in function 'hls_derivatives_kernel' completely.
INFO: [XFORM 203-501] Unrolling loop 'L2' (xlnk_LK_OF/src/LKof_hls_opt.cpp:417) in function 'hls_derivatives_kernel' completely.
INFO: [XFORM 203-501] Unrolling loop 'Loop-1.1.1' (xlnk_LK_OF/src/LKof_hls_opt.cpp:188) in function 'hls_twoIsotropicFilters' completely.
INFO: [XFORM 203-501] Unrolling loop 'L3' (xlnk_LK_OF/src/LKof_hls_opt.cpp:206) in function 'hls_twoIsotropicFilters' completely.
INFO: [XFORM 203-501] Unrolling loop 'L4' (xlnk_LK_OF/src/LKof_hls_opt.cpp:207) in function 'hls_twoIsotropicFilters' completely.
INFO: [XFORM 203-501] Unrolling loop 'L5' (xlnk_LK_OF/src/LKof_hls_opt.cpp:212) in function 'hls_twoIsotropicFilters' completely.
INFO: [XFORM 203-501] Unrolling loop 'L1' (xlnk_LK_OF/src/LKof_hls_opt.cpp:136) in function 'hls_isotropic_kernel' completely.
INFO: [XFORM 203-501] Unrolling loop 'L2' (xlnk_LK_OF/src/LKof_hls_opt.cpp:137) in function 'hls_isotropic_kernel' completely.
INFO: [XFORM 203-102] Partitioning array 'pixel1.V' (xlnk_LK_OF/src/LKof_hls_opt.cpp:164) automatically.
INFO: [XFORM 203-102] Partitioning array 'pixel2.V' (xlnk_LK_OF/src/LKof_hls_opt.cpp:164) automatically.
INFO: [XFORM 203-102] Partitioning array 'two_pixel.V' (xlnk_LK_OF/src/LKof_hls_opt.cpp:457) automatically.
INFO: [XFORM 203-102] Partitioning array 'deriv_window.V' (xlnk_LK_OF/src/LKof_hls_opt.cpp:458) automatically.
INFO: [XFORM 203-102] Partitioning array 'packed3_column.V' (xlnk_LK_OF/src/LKof_hls_opt.cpp:909) automatically.
INFO: [XFORM 203-102] Partitioning array 'A.V.0' automatically.
INFO: [XFORM 203-102] Partitioning array 'A.V.1' automatically.
INFO: [XFORM 203-102] Partitioning array 'A.V' (xlnk_LK_OF/src/LKof_hls_opt.cpp:1024) in dimension 1 automatically.
INFO: [XFORM 203-102] Partitioning array 'B.V' (xlnk_LK_OF/src/LKof_hls_opt.cpp:1025) automatically.
INFO: [XFORM 203-102] Partitioning array 'A.V.0' (xlnk_LK_OF/src/LKof_hls_opt.cpp:1024) automatically.
INFO: [XFORM 203-102] Partitioning array 'A.V.1' (xlnk_LK_OF/src/LKof_hls_opt.cpp:1024) automatically.
INFO: [XFORM 203-101] Partitioning array 'packed5_window.V'  in dimension 1 completely.
INFO: [XFORM 203-101] Partitioning array 'packed3_lines_buffer.V'  in dimension 1 completely.
INFO: [XFORM 203-101] Partitioning array 'deriv_lines_buffer.V'  in dimension 1 completely.
INFO: [XFORM 203-101] Partitioning array 'window1.V' (xlnk_LK_OF/src/LKof_hls_opt.cpp:166) in dimension 1 completely.
INFO: [XFORM 203-101] Partitioning array 'window2.V' (xlnk_LK_OF/src/LKof_hls_opt.cpp:168) in dimension 1 completely.
INFO: [XFORM 203-101] Partitioning array 'lpf1_line_buffer.V'  in dimension 1 completely.
INFO: [XFORM 203-101] Partitioning array 'lpf2_line_buffer.V'  in dimension 1 completely.
INFO: [XFORM 203-602] Inlining function 'hls_derivatives_kernel' into 'hls_SpatialTemporalDerivatives' (xlnk_LK_OF/src/LKof_hls_opt.cpp:503) automatically.
INFO: [XFORM 203-602] Inlining function 'hls_tyx_integration_kernel' into 'hls_ComputeIntegrals' (xlnk_LK_OF/src/LKof_hls_opt.cpp:985) automatically.
INFO: [XFORM 203-602] Inlining function 'fp_struct<float>::mantissa' into 'generic_cast_IEEE754<short, (ap_q_mode)6, float>' (r:/builds/2018.1/nightly/2018_04_04_2188600/src/products/hls/hls_lib/hlsmath/src/../include/internal/hls_round.h:283) automatically.
INFO: [XFORM 203-602] Inlining function 'fp_struct<float>::expv' into 'generic_cast_IEEE754<short, (ap_q_mode)6, float>' (r:/builds/2018.1/nightly/2018_04_04_2188600/src/products/hls/hls_lib/hlsmath/src/../include/internal/hls_round.h:286) automatically.
INFO: [XFORM 203-602] Inlining function 'fp_struct<float>::__signbit' into 'generic_cast_IEEE754<short, (ap_q_mode)6, float>' (r:/builds/2018.1/nightly/2018_04_04_2188600/src/products/hls/hls_lib/hlsmath/src/../include/internal/hls_round.h:318) automatically.
INFO: [XFORM 203-602] Inlining function 'generic_cast_IEEE754<short, (ap_q_mode)6, float>' into 'generic_cast_IEEE754<short, float>' (r:/builds/2018.1/nightly/2018_04_04_2188600/src/products/hls/hls_lib/hlsmath/src/../include/internal/hls_round.h:368) automatically.
INFO: [XFORM 203-602] Inlining function 'generic_cast_IEEE754<short, float>' into '__hls_fptosi_float_i16' (r:/builds/2018.1/nightly/2018_04_04_2188600/src/products/hls/hls_lib/hlsmath/src/lib_floatconversion.cpp:48) automatically.
INFO: [XFORM 203-602] Inlining function 'hls_matrix_inversion' into 'hls_ComputeVectors' (xlnk_LK_OF/src/LKof_hls_opt.cpp:1045) automatically.
INFO: [XFORM 203-602] Inlining function '__hls_fptosi_float_i16' into 'hls_ComputeVectors' (xlnk_LK_OF/src/LKof_hls_opt.cpp:1049) automatically.
WARNING: [XFORM 203-713] All the elements of global array 'flt1_img'  should be updated in process function 'hls_twoIsotropicFilters', otherwise it may not be synthesized correctly.
WARNING: [XFORM 203-713] All the elements of global array 'flt2_img'  should be updated in process function 'hls_twoIsotropicFilters', otherwise it may not be synthesized correctly.
WARNING: [XFORM 203-713] All the elements of global array 'Dx1_img'  should be updated in process function 'hls_SpatialTemporalDerivatives', otherwise it may not be synthesized correctly.
WARNING: [XFORM 203-713] All the elements of global array 'Dy1_img'  should be updated in process function 'hls_SpatialTemporalDerivatives', otherwise it may not be synthesized correctly.
WARNING: [XFORM 203-713] All the elements of global array 'Dt_img'  should be updated in process function 'hls_SpatialTemporalDerivatives', otherwise it may not be synthesized correctly.
WARNING: [XFORM 203-713] All the elements of global array 'A11_img'  should be updated in process function 'hls_ComputeIntegrals', otherwise it may not be synthesized correctly.
WARNING: [XFORM 203-713] All the elements of global array 'A12_img'  should be updated in process function 'hls_ComputeIntegrals', otherwise it may not be synthesized correctly.
WARNING: [XFORM 203-713] All the elements of global array 'A22_img'  should be updated in process function 'hls_ComputeIntegrals', otherwise it may not be synthesized correctly.
WARNING: [XFORM 203-713] All the elements of global array 'B1_img'  should be updated in process function 'hls_ComputeIntegrals', otherwise it may not be synthesized correctly.
WARNING: [XFORM 203-713] All the elements of global array 'B2_img'  should be updated in process function 'hls_ComputeIntegrals', otherwise it may not be synthesized correctly.
WARNING: [XFORM 203-713] All the elements of global array 'vx_img' should be updated in process function 'hls_ComputeVectors', otherwise it may not be synthesized correctly.
WARNING: [XFORM 203-713] All the elements of global array 'vy_img' should be updated in process function 'hls_ComputeVectors', otherwise it may not be synthesized correctly.
INFO: [XFORM 203-712] Applying dataflow to function 'hls_LK', detected/extracted 4 process function(s): 
	 'hls_twoIsotropicFilters'
	 'hls_SpatialTemporalDerivatives'
	 'hls_ComputeIntegrals'
	 'hls_ComputeVectors'.
WARNING: [XFORM 203-124] Array  'A11_img' : may have improper streaming access(es), possible reasons: (1) some entries are accessed more than once; (2) some entries are not used; (3) the entries are not accessed in sequential order.
WARNING: [XFORM 203-124] Array  'A12_img' : may have improper streaming access(es), possible reasons: (1) some entries are accessed more than once; (2) some entries are not used; (3) the entries are not accessed in sequential order.
WARNING: [XFORM 203-124] Array  'A22_img' : may have improper streaming access(es), possible reasons: (1) some entries are accessed more than once; (2) some entries are not used; (3) the entries are not accessed in sequential order.
WARNING: [XFORM 203-124] Array  'B1_img' : may have improper streaming access(es), possible reasons: (1) some entries are accessed more than once; (2) some entries are not used; (3) the entries are not accessed in sequential order.
WARNING: [XFORM 203-124] Array  'B2_img' : may have improper streaming access(es), possible reasons: (1) some entries are accessed more than once; (2) some entries are not used; (3) the entries are not accessed in sequential order.
WARNING: [XFORM 203-124] Array  'Dx1_img' : may have improper streaming access(es), possible reasons: (1) some entries are accessed more than once; (2) some entries are not used; (3) the entries are not accessed in sequential order.
WARNING: [XFORM 203-124] Array  'Dy1_img' : may have improper streaming access(es), possible reasons: (1) some entries are accessed more than once; (2) some entries are not used; (3) the entries are not accessed in sequential order.
WARNING: [XFORM 203-124] Array  'Dt_img' : may have improper streaming access(es), possible reasons: (1) some entries are accessed more than once; (2) some entries are not used; (3) the entries are not accessed in sequential order.
WARNING: [XFORM 203-124] Array  'flt1_img' : may have improper streaming access(es), possible reasons: (1) some entries are accessed more than once; (2) some entries are not used; (3) the entries are not accessed in sequential order.
WARNING: [XFORM 203-124] Array  'flt2_img' : may have improper streaming access(es), possible reasons: (1) some entries are accessed more than once; (2) some entries are not used; (3) the entries are not accessed in sequential order.
WARNING: [XFORM 203-124] Array  'inp1_img': may have improper streaming access(es), possible reasons: (1) some entries are accessed more than once; (2) some entries are not used; (3) the entries are not accessed in sequential order.
WARNING: [XFORM 203-124] Array  'inp2_img': may have improper streaming access(es), possible reasons: (1) some entries are accessed more than once; (2) some entries are not used; (3) the entries are not accessed in sequential order.
WARNING: [XFORM 203-124] Array  'vx_img': may have improper streaming access(es), possible reasons: (1) some entries are accessed more than once; (2) some entries are not used; (3) the entries are not accessed in sequential order.
WARNING: [XFORM 203-124] Array  'vy_img': may have improper streaming access(es), possible reasons: (1) some entries are accessed more than once; (2) some entries are not used; (3) the entries are not accessed in sequential order.
INFO: [XFORM 203-401] Performing if-conversion on hyperblock from (xlnk_LK_OF/src/LKof_hls_opt.cpp:1031:4) to (xlnk_LK_OF/src/LKof_hls_opt.cpp:1030:32) in function 'hls_ComputeVectors'... converting 3 basic blocks.
INFO: [XFORM 203-11] Balancing expressions in function 'hls_isotropic_kernel' (xlnk_LK_OF/src/LKof_hls_opt.cpp:117)...23 expression(s) balanced.
INFO: [XFORM 203-11] Balancing expressions in function 'hls_ComputeIntegrals' (xlnk_LK_OF/src/LKof_hls_opt.cpp:893)...46 expression(s) balanced.
INFO: [HLS 200-111] Finished Pre-synthesis Time (s): cpu = 00:00:13 ; elapsed = 00:02:47 . Memory (MB): peak = 389.934 ; gain = 332.695
                         Cannot flatten a loop nest 'L1' (xlnk_LK_OF/src/LKof_hls_opt.cpp:178:3) in function 'hls_twoIsotropicFilters' : 

the outer loop is not a perfect loop because either the parent loop or the sub loop has no computeable trip count.
INFO: [XFORM 203-541] Flattening a loop nest 'L1' (xlnk_LK_OF/src/LKof_hls_opt.cpp:465:3) in function 'hls_SpatialTemporalDerivatives'.
INFO: [XFORM 203-541] Flattening a loop nest 'L1' (xlnk_LK_OF/src/LKof_hls_opt.cpp:1028:3) in function 'hls_ComputeVectors'.
INFO: [XFORM 203-541] Flattening a loop nest 'L1' (xlnk_LK_OF/src/LKof_hls_opt.cpp:924:3) in function 'hls_ComputeIntegrals'.
WARNING: [XFORM 203-631] Renaming function 'hls_twoIsotropicFilters' to 'hls_twoIsotropicFilt' (xlnk_LK_OF/src/LKof_hls_opt.cpp:177:38)
WARNING: [XFORM 203-631] Renaming function 'hls_SpatialTemporalDerivatives' to 'hls_SpatialTemporalD' (xlnk_LK_OF/src/LKof_hls_opt.cpp:419:38)
INFO: [HLS 200-111] Finished Architecture Synthesis Time (s): cpu = 00:00:15 ; elapsed = 00:02:50 . Memory (MB): peak = 446.816 ; gain = 389.578
INFO: [HLS 200-10] Starting hardware synthesis ...
INFO: [HLS 200-10] Synthesizing 'hls_LK' ...
INFO: [HLS 200-10] ----------------------------------------------------------------
INFO: [HLS 200-42] -- Implementing module 'hls_isotropic_kernel'
INFO: [HLS 200-10] ----------------------------------------------------------------
INFO: [SCHED 204-11] Starting scheduling ...
INFO: [SCHED 204-61] Pipelining function 'hls_isotropic_kernel'.
INFO: [SCHED 204-61] Pipelining result : Target II = 1, Final II = 1, Depth = 3.
INFO: [SCHED 204-11] Finished scheduling.
INFO: [HLS 200-111]  Elapsed time: 171.353 seconds; current allocated memory: 382.693 MB.
INFO: [BIND 205-100] Starting micro-architecture generation ...
INFO: [BIND 205-101] Performing variable lifetime analysis.
INFO: [BIND 205-101] Exploring resource sharing.
INFO: [BIND 205-101] Binding ...
INFO: [BIND 205-100] Finished micro-architecture generation.
INFO: [HLS 200-111]  Elapsed time: 2.485 seconds; current allocated memory: 383.095 MB.
INFO: [HLS 200-10] ----------------------------------------------------------------
INFO: [HLS 200-42] -- Implementing module 'hls_twoIsotropicFilt'
INFO: [HLS 200-10] ----------------------------------------------------------------
INFO: [SCHED 204-11] Starting scheduling ...
INFO: [SCHED 204-61] Pipelining loop 'L2'.
INFO: [SCHED 204-61] Pipelining result : Target II = 1, Final II = 1, Depth = 7.
INFO: [SCHED 204-11] Finished scheduling.
INFO: [HLS 200-111]  Elapsed time: 0.743 seconds; current allocated memory: 383.969 MB.
INFO: [BIND 205-100] Starting micro-architecture generation ...
INFO: [BIND 205-101] Performing variable lifetime analysis.
INFO: [BIND 205-101] Exploring resource sharing.
INFO: [BIND 205-101] Binding ...
INFO: [BIND 205-100] Finished micro-architecture generation.
INFO: [HLS 200-111]  Elapsed time: 0.674 seconds; current allocated memory: 384.832 MB.
INFO: [HLS 200-10] ----------------------------------------------------------------
INFO: [HLS 200-42] -- Implementing module 'hls_SpatialTemporalD'
INFO: [HLS 200-10] ----------------------------------------------------------------
INFO: [SCHED 204-11] Starting scheduling ...
INFO: [SCHED 204-61] Pipelining loop 'L1_L2'.
INFO: [SCHED 204-61] Pipelining result : Target II = 1, Final II = 1, Depth = 6.
INFO: [SCHED 204-11] Finished scheduling.
INFO: [HLS 200-111]  Elapsed time: 1.01 seconds; current allocated memory: 385.559 MB.
INFO: [BIND 205-100] Starting micro-architecture generation ...
INFO: [BIND 205-101] Performing variable lifetime analysis.
INFO: [BIND 205-101] Exploring resource sharing.
INFO: [BIND 205-101] Binding ...
INFO: [BIND 205-100] Finished micro-architecture generation.
INFO: [HLS 200-111]  Elapsed time: 0.67 seconds; current allocated memory: 386.159 MB.
INFO: [HLS 200-10] ----------------------------------------------------------------
INFO: [HLS 200-42] -- Implementing module 'hls_ComputeIntegrals'
INFO: [HLS 200-10] ----------------------------------------------------------------
INFO: [SCHED 204-11] Starting scheduling ...
INFO: [SCHED 204-61] Pipelining loop 'L1_L2'.
INFO: [SCHED 204-61] Pipelining result : Target II = 1, Final II = 1, Depth = 6.
WARNING: [SCHED 204-21] Estimated clock period (12.42ns) exceeds the target (target clock period: 10ns, clock uncertainty: 0.1ns, effective delay budget: 9.9ns).
WARNING: [SCHED 204-21] The critical path consists of the following:
	'load' operation ('packed3_column_2_V_s', xlnk_LK_OF/src/LKof_hls_opt.cpp:959) on local variable 'packed3_column[2].V' (0 ns)
	'mul' operation ('Ixx_V_2_i', xlnk_LK_OF/src/LKof_hls_opt.cpp:963) (3.36 ns)
	'add' operation ('tmp', xlnk_LK_OF/src/LKof_hls_opt.cpp:969) (3.02 ns)
	'add' operation ('sum_Ixx_V_2_i', xlnk_LK_OF/src/LKof_hls_opt.cpp:969) (3.02 ns)
	'add' operation ('tmp5', xlnk_LK_OF/src/LKof_hls_opt.cpp:969) (3.02 ns)
INFO: [SCHED 204-11] Finished scheduling.
INFO: [HLS 200-111]  Elapsed time: 1.248 seconds; current allocated memory: 387.276 MB.
INFO: [BIND 205-100] Starting micro-architecture generation ...
INFO: [BIND 205-101] Performing variable lifetime analysis.
INFO: [BIND 205-101] Exploring resource sharing.
INFO: [BIND 205-101] Binding ...
INFO: [BIND 205-100] Finished micro-architecture generation.
INFO: [HLS 200-111]  Elapsed time: 0.751 seconds; current allocated memory: 388.507 MB.
INFO: [HLS 200-10] ----------------------------------------------------------------
INFO: [HLS 200-42] -- Implementing module 'hls_ComputeVectors'
INFO: [HLS 200-10] ----------------------------------------------------------------
INFO: [SCHED 204-11] Starting scheduling ...
INFO: [SCHED 204-61] Pipelining loop 'L1_L2'.
INFO: [SCHED 204-61] Pipelining result : Target II = 1, Final II = 1, Depth = 31.
INFO: [SCHED 204-11] Finished scheduling.
INFO: [HLS 200-111]  Elapsed time: 1.139 seconds; current allocated memory: 389.429 MB.
INFO: [BIND 205-100] Starting micro-architecture generation ...
INFO: [BIND 205-101] Performing variable lifetime analysis.
INFO: [BIND 205-101] Exploring resource sharing.
INFO: [BIND 205-101] Binding ...
INFO: [BIND 205-100] Finished micro-architecture generation.
INFO: [HLS 200-111]  Elapsed time: 0.508 seconds; current allocated memory: 390.031 MB.
INFO: [HLS 200-10] ----------------------------------------------------------------
INFO: [HLS 200-42] -- Implementing module 'hls_LK'
INFO: [HLS 200-10] ----------------------------------------------------------------
INFO: [SCHED 204-11] Starting scheduling ...
INFO: [SCHED 204-11] Finished scheduling.
INFO: [HLS 200-111]  Elapsed time: 0.363 seconds; current allocated memory: 390.245 MB.
INFO: [BIND 205-100] Starting micro-architecture generation ...
INFO: [BIND 205-101] Performing variable lifetime analysis.
INFO: [BIND 205-101] Exploring resource sharing.
INFO: [BIND 205-101] Binding ...
INFO: [BIND 205-100] Finished micro-architecture generation.
INFO: [HLS 200-111]  Elapsed time: 0.924 seconds; current allocated memory: 390.966 MB.
INFO: [HLS 200-10] ----------------------------------------------------------------
INFO: [HLS 200-10] -- Generating RTL for module 'hls_isotropic_kernel'
INFO: [HLS 200-10] ----------------------------------------------------------------
INFO: [RTGEN 206-100] Finished creating RTL model for 'hls_isotropic_kernel'.
INFO: [HLS 200-111]  Elapsed time: 1.067 seconds; current allocated memory: 391.930 MB.
INFO: [HLS 200-10] ----------------------------------------------------------------
INFO: [HLS 200-10] -- Generating RTL for module 'hls_twoIsotropicFilt'
INFO: [HLS 200-10] ----------------------------------------------------------------
INFO: [SYN 201-210] Renamed object name 'hls_twoIsotropicFilt_lpf1_line_buffer_V_1' to 'hls_twoIsotropicFbkb' due to the length limit 20
INFO: [SYN 201-210] Renamed object name 'hls_twoIsotropicFilt_lpf2_line_buffer_V_1' to 'hls_twoIsotropicFcud' due to the length limit 20
INFO: [SYN 201-210] Renamed object name 'hls_twoIsotropicFilt_lpf1_line_buffer_V_2' to 'hls_twoIsotropicFdEe' due to the length limit 20
INFO: [SYN 201-210] Renamed object name 'hls_twoIsotropicFilt_lpf2_line_buffer_V_2' to 'hls_twoIsotropicFeOg' due to the length limit 20
INFO: [SYN 201-210] Renamed object name 'hls_twoIsotropicFilt_lpf1_line_buffer_V_3' to 'hls_twoIsotropicFfYi' due to the length limit 20
INFO: [SYN 201-210] Renamed object name 'hls_twoIsotropicFilt_lpf2_line_buffer_V_3' to 'hls_twoIsotropicFg8j' due to the length limit 20
INFO: [SYN 201-210] Renamed object name 'hls_twoIsotropicFilt_lpf1_line_buffer_V_4' to 'hls_twoIsotropicFhbi' due to the length limit 20
INFO: [SYN 201-210] Renamed object name 'hls_twoIsotropicFilt_lpf2_line_buffer_V_4' to 'hls_twoIsotropicFibs' due to the length limit 20
INFO: [RTGEN 206-100] Finished creating RTL model for 'hls_twoIsotropicFilt'.
INFO: [HLS 200-111]  Elapsed time: 1.098 seconds; current allocated memory: 393.716 MB.
INFO: [HLS 200-10] ----------------------------------------------------------------
INFO: [HLS 200-10] -- Generating RTL for module 'hls_SpatialTemporalD'
INFO: [HLS 200-10] ----------------------------------------------------------------
INFO: [SYN 201-210] Renamed object name 'hls_SpatialTemporalD_deriv_lines_buffer_V_1' to 'hls_SpatialTemporjbC' due to the length limit 20
INFO: [SYN 201-210] Renamed object name 'hls_SpatialTemporalD_deriv_lines_buffer_V_2' to 'hls_SpatialTemporkbM' due to the length limit 20
INFO: [SYN 201-210] Renamed object name 'hls_SpatialTemporalD_deriv_lines_buffer_V_3' to 'hls_SpatialTemporlbW' due to the length limit 20
INFO: [SYN 201-210] Renamed object name 'hls_SpatialTemporalD_deriv_lines_buffer_V_4' to 'hls_SpatialTempormb6' due to the length limit 20
INFO: [SYN 201-210] Renamed object name 'hls_LK_am_addmul_16ns_3ns_17ns_34_1_1' to 'hls_LK_am_addmul_ncg' due to the length limit 20
INFO: [SYN 201-210] Renamed object name 'hls_LK_mul_mul_19ns_17s_36_1_1' to 'hls_LK_mul_mul_19ocq' due to the length limit 20
INFO: [RTGEN 206-100] Generating core module 'hls_LK_am_addmul_ncg': 1 instance(s).
INFO: [RTGEN 206-100] Generating core module 'hls_LK_mul_mul_19ocq': 2 instance(s).
INFO: [RTGEN 206-100] Finished creating RTL model for 'hls_SpatialTemporalD'.
INFO: [HLS 200-111]  Elapsed time: 1.098 seconds; current allocated memory: 395.207 MB.
INFO: [HLS 200-10] ----------------------------------------------------------------
INFO: [HLS 200-10] -- Generating RTL for module 'hls_ComputeIntegrals'
INFO: [HLS 200-10] ----------------------------------------------------------------
INFO: [SYN 201-210] Renamed object name 'hls_ComputeIntegrals_packed3_lines_buffer_9' to 'hls_ComputeIntegrpcA' due to the length limit 20
INFO: [SYN 201-210] Renamed object name 'hls_ComputeIntegrals_packed3_lines_buffer_7' to 'hls_ComputeIntegrqcK' due to the length limit 20
INFO: [SYN 201-210] Renamed object name 'hls_ComputeIntegrals_packed3_lines_buffer_6' to 'hls_ComputeIntegrrcU' due to the length limit 20
INFO: [SYN 201-210] Renamed object name 'hls_ComputeIntegrals_packed3_lines_buffer_5' to 'hls_ComputeIntegrsc4' due to the length limit 20
INFO: [SYN 201-210] Renamed object name 'hls_ComputeIntegrals_packed3_lines_buffer_4' to 'hls_ComputeIntegrtde' due to the length limit 20
INFO: [SYN 201-210] Renamed object name 'hls_ComputeIntegrals_packed3_lines_buffer_3' to 'hls_ComputeIntegrudo' due to the length limit 20
INFO: [SYN 201-210] Renamed object name 'hls_ComputeIntegrals_packed3_lines_buffer_2' to 'hls_ComputeIntegrvdy' due to the length limit 20
INFO: [SYN 201-210] Renamed object name 'hls_ComputeIntegrals_packed3_lines_buffer_1' to 'hls_ComputeIntegrwdI' due to the length limit 20
INFO: [SYN 201-210] Renamed object name 'hls_ComputeIntegrals_packed3_lines_buffer' to 'hls_ComputeIntegrxdS' due to the length limit 20
INFO: [SYN 201-210] Renamed object name 'hls_ComputeIntegrals_packed3_lines_buffer_8' to 'hls_ComputeIntegryd2' due to the length limit 20
WARNING: [RTGEN 206-101] Register 'packed5_window_V_0' is power-on initialization.
WARNING: [RTGEN 206-101] Register 'packed5_window_V_1' is power-on initialization.
WARNING: [RTGEN 206-101] Register 'packed5_window_V_2' is power-on initialization.
WARNING: [RTGEN 206-101] Register 'packed5_window_V_3' is power-on initialization.
WARNING: [RTGEN 206-101] Register 'packed5_window_V_4' is power-on initialization.
WARNING: [RTGEN 206-101] Register 'packed5_window_V_5' is power-on initialization.
WARNING: [RTGEN 206-101] Register 'packed5_window_V_6' is power-on initialization.
WARNING: [RTGEN 206-101] Register 'packed5_window_V_7' is power-on initialization.
WARNING: [RTGEN 206-101] Register 'packed5_window_V_8' is power-on initialization.
WARNING: [RTGEN 206-101] Register 'packed5_window_V_9' is power-on initialization.
WARNING: [RTGEN 206-101] Register 'packed5_window_V_10' is power-on initialization.
WARNING: [RTGEN 206-101] Register 'sum_Ixx_V' is power-on initialization.
WARNING: [RTGEN 206-101] Register 'sum_Ixy_V' is power-on initialization.
WARNING: [RTGEN 206-101] Register 'sum_Iyy_V' is power-on initialization.
WARNING: [RTGEN 206-101] Register 'sum_Ity_V' is power-on initialization.
WARNING: [RTGEN 206-101] Register 'sum_Itx_V' is power-on initialization.
INFO: [SYN 201-210] Renamed object name 'hls_LK_am_addmul_16ns_4ns_17ns_34_1_1' to 'hls_LK_am_addmul_zec' due to the length limit 20
INFO: [SYN 201-210] Renamed object name 'hls_LK_mul_mul_13s_13s_26_1_1' to 'hls_LK_mul_mul_13Aem' due to the length limit 20
INFO: [SYN 201-210] Renamed object name 'hls_LK_mac_muladd_13s_13s_27s_27_1_1' to 'hls_LK_mac_muladdBew' due to the length limit 20
INFO: [SYN 201-210] Renamed object name 'hls_LK_mac_muladd_13s_13s_26s_27_1_1' to 'hls_LK_mac_muladdCeG' due to the length limit 20
INFO: [SYN 201-210] Renamed object name 'hls_LK_mac_muladd_13s_13s_27s_28_1_1' to 'hls_LK_mac_muladdDeQ' due to the length limit 20
INFO: [SYN 201-210] Renamed object name 'hls_LK_mac_muladd_13s_13s_28s_29_1_1' to 'hls_LK_mac_muladdEe0' due to the length limit 20
INFO: [RTGEN 206-100] Generating core module 'hls_LK_am_addmul_zec': 1 instance(s).
INFO: [RTGEN 206-100] Generating core module 'hls_LK_mac_muladdBew': 15 instance(s).
INFO: [RTGEN 206-100] Generating core module 'hls_LK_mac_muladdCeG': 15 instance(s).
INFO: [RTGEN 206-100] Generating core module 'hls_LK_mac_muladdDeQ': 5 instance(s).
INFO: [RTGEN 206-100] Generating core module 'hls_LK_mac_muladdEe0': 5 instance(s).
INFO: [RTGEN 206-100] Generating core module 'hls_LK_mul_mul_13Aem': 15 instance(s).
INFO: [RTGEN 206-100] Finished creating RTL model for 'hls_ComputeIntegrals'.
INFO: [HLS 200-111]  Elapsed time: 1.549 seconds; current allocated memory: 398.080 MB.
INFO: [HLS 200-10] ----------------------------------------------------------------
INFO: [HLS 200-10] -- Generating RTL for module 'hls_ComputeVectors'
INFO: [HLS 200-10] ----------------------------------------------------------------
INFO: [SYN 201-210] Renamed object name 'hls_LK_fmul_32ns_32ns_32_4_max_dsp_1' to 'hls_LK_fmul_32ns_Ffa' due to the length limit 20
INFO: [SYN 201-210] Renamed object name 'hls_LK_fdiv_32ns_32ns_32_12_1' to 'hls_LK_fdiv_32ns_Gfk' due to the length limit 20
INFO: [SYN 201-210] Renamed object name 'hls_LK_sitofp_64ns_32_5_1' to 'hls_LK_sitofp_64nHfu' due to the length limit 20
INFO: [SYN 201-210] Renamed object name 'hls_LK_mul_mul_16ns_16ns_32_1_1' to 'hls_LK_mul_mul_16IfE' due to the length limit 20
INFO: [RTGEN 206-100] Generating core module 'hls_LK_fdiv_32ns_Gfk': 1 instance(s).
INFO: [RTGEN 206-100] Generating core module 'hls_LK_fmul_32ns_Ffa': 4 instance(s).
INFO: [RTGEN 206-100] Generating core module 'hls_LK_mul_mul_16IfE': 1 instance(s).
INFO: [RTGEN 206-100] Generating core module 'hls_LK_sitofp_64nHfu': 3 instance(s).
INFO: [RTGEN 206-100] Finished creating RTL model for 'hls_ComputeVectors'.
INFO: [HLS 200-111]  Elapsed time: 1.928 seconds; current allocated memory: 400.055 MB.
INFO: [HLS 200-10] ----------------------------------------------------------------
INFO: [HLS 200-10] -- Generating RTL for module 'hls_LK'
INFO: [HLS 200-10] ----------------------------------------------------------------
INFO: [RTGEN 206-500] Setting interface mode on port 'hls_LK/inp1_img' to 'ap_fifo'.
INFO: [RTGEN 206-500] Setting interface mode on port 'hls_LK/inp2_img' to 'ap_fifo'.
INFO: [RTGEN 206-500] Setting interface mode on port 'hls_LK/vx_img' to 'ap_fifo'.
INFO: [RTGEN 206-500] Setting interface mode on port 'hls_LK/vy_img' to 'ap_fifo'.
INFO: [RTGEN 206-500] Setting interface mode on port 'hls_LK/height' to 'ap_none'.
INFO: [RTGEN 206-500] Setting interface mode on port 'hls_LK/width' to 'ap_none'.
INFO: [RTGEN 206-500] Setting interface mode on function 'hls_LK' to 'ap_ctrl_hs'.
INFO: [SYN 201-210] Renamed object name 'start_for_hls_SpatialTemporalD_U0' to 'start_for_hls_SpaJfO' due to the length limit 20
INFO: [SYN 201-210] Renamed object name 'start_for_hls_ComputeIntegrals_U0' to 'start_for_hls_ComKfY' due to the length limit 20
INFO: [SYN 201-210] Renamed object name 'start_for_hls_ComputeVectors_U0' to 'start_for_hls_ComLf8' due to the length limit 20
INFO: [RTGEN 206-100] Finished creating RTL model for 'hls_LK'.
INFO: [HLS 200-111]  Elapsed time: 1.021 seconds; current allocated memory: 401.117 MB.
INFO: [RTMG 210-278] Implementing memory 'hls_twoIsotropicFbkb_ram (RAM)' using block RAMs with power-on initialization.
INFO: [RTMG 210-278] Implementing memory 'hls_SpatialTemporjbC_ram (RAM)' using block RAMs with power-on initialization.
INFO: [RTMG 210-278] Implementing memory 'hls_ComputeIntegrpcA_ram (RAM)' using block RAMs with power-on initialization.
INFO: [RTMG 210-285] Implementing FIFO 'fifo_w12_d10_A' using Shift Registers.
INFO: [RTMG 210-285] Implementing FIFO 'fifo_w12_d10_A' using Shift Registers.
INFO: [RTMG 210-285] Implementing FIFO 'fifo_w16_d2_A' using Shift Registers.
INFO: [RTMG 210-285] Implementing FIFO 'fifo_w16_d2_A' using Shift Registers.
INFO: [RTMG 210-285] Implementing FIFO 'fifo_w13_d10_A' using Shift Registers.
INFO: [RTMG 210-285] Implementing FIFO 'fifo_w13_d10_A' using Shift Registers.
INFO: [RTMG 210-285] Implementing FIFO 'fifo_w13_d10_A' using Shift Registers.
INFO: [RTMG 210-285] Implementing FIFO 'fifo_w16_d2_A' using Shift Registers.
INFO: [RTMG 210-285] Implementing FIFO 'fifo_w16_d2_A' using Shift Registers.
INFO: [RTMG 210-285] Implementing FIFO 'fifo_w34_d10_A' using Shift Registers.
INFO: [RTMG 210-285] Implementing FIFO 'fifo_w34_d10_A' using Shift Registers.
INFO: [RTMG 210-285] Implementing FIFO 'fifo_w34_d10_A' using Shift Registers.
INFO: [RTMG 210-285] Implementing FIFO 'fifo_w34_d10_A' using Shift Registers.
INFO: [RTMG 210-285] Implementing FIFO 'fifo_w34_d10_A' using Shift Registers.
INFO: [RTMG 210-285] Implementing FIFO 'fifo_w16_d2_A' using Shift Registers.
INFO: [RTMG 210-285] Implementing FIFO 'fifo_w16_d2_A' using Shift Registers.
INFO: [RTMG 210-285] Implementing FIFO 'start_for_hls_SpaJfO' using Shift Registers.
INFO: [RTMG 210-285] Implementing FIFO 'start_for_hls_ComKfY' using Shift Registers.
INFO: [RTMG 210-285] Implementing FIFO 'start_for_hls_ComLf8' using Shift Registers.
INFO: [HLS 200-111] Finished generating all RTL models Time (s): cpu = 00:00:29 ; elapsed = 00:03:18 . Memory (MB): peak = 484.734 ; gain = 427.496
INFO: [SYSC 207-301] Generating SystemC RTL for hls_LK.
INFO: [VHDL 208-304] Generating VHDL RTL for hls_LK.
INFO: [VLOG 209-307] Generating Verilog RTL for hls_LK.
INFO: [HLS 200-112] Total elapsed time: 198.31 seconds; peak allocated memory: 401.117 MB.
