==============================================================
File generated by Vivado(TM) HLS - High-Level Synthesis from C, C++ and SystemC
Version: 2018.1
Copyright (C) 1986-2018 Xilinx, Inc. All Rights Reserved.

==============================================================

INFO: [SYN 201-201] Setting up clock 'default' with a period of 10ns.
INFO: [SYN 201-201] Setting up clock 'default' with an uncertainty of 0.1ns.
INFO: [HLS 200-10] Setting target device to 'xc7z007sclg225-1'
INFO: [HLS 200-10] Analyzing design file 'abmofParseEvents/src/abmof_hw_accel.cpp' ...
INFO: [HLS 200-10] Validating synthesis directives ...
INFO: [HLS 200-111] Finished Checking Pragmas Time (s): cpu = 00:00:01 ; elapsed = 00:00:12 . Memory (MB): peak = 103.230 ; gain = 45.230
INFO: [HLS 200-111] Finished Linking Time (s): cpu = 00:00:02 ; elapsed = 00:00:13 . Memory (MB): peak = 103.270 ; gain = 45.270
INFO: [HLS 200-10] Starting code transformations ...
INFO: [XFORM 203-603] Inlining function 'resetCurrentSliceHW' into 'parseEvents' (abmofParseEvents/src/abmof_hw_accel.cpp:171).
INFO: [XFORM 203-603] Inlining function 'accumulateHW' into 'parseEvents' (abmofParseEvents/src/abmof_hw_accel.cpp:194).
INFO: [HLS 200-111] Finished Standard Transforms Time (s): cpu = 00:00:02 ; elapsed = 00:00:14 . Memory (MB): peak = 121.969 ; gain = 63.969
INFO: [HLS 200-10] Checking synthesizability ...
WARNING: [SYNCHK 200-23] abmofParseEvents/src/abmof_hw_accel.cpp:29: variable-indexed range selection may cause suboptimal QoR.
INFO: [SYNCHK 200-10] 0 error(s), 1 warning(s).
INFO: [HLS 200-111] Finished Checking Synthesizability Time (s): cpu = 00:00:02 ; elapsed = 00:00:14 . Memory (MB): peak = 124.523 ; gain = 66.523
INFO: [XFORM 203-502] Unrolling all sub-loops inside loop 'loop_1' (abmofParseEvents/src/abmof_hw_accel.cpp:184) in function 'parseEvents' for pipelining.
INFO: [XFORM 203-501] Unrolling loop 'accumulateHW_label1' (abmofParseEvents/src/abmof_hw_accel.cpp:28) in function 'parseEvents' completely.
INFO: [XFORM 203-501] Unrolling loop 'accumulateHW_label2' (abmofParseEvents/src/abmof_hw_accel.cpp:33) in function 'parseEvents' completely.
INFO: [XFORM 203-101] Partitioning array 'glPLSlices.V'  in dimension 2 with a cyclic factor 60.
INFO: [XFORM 203-401] Performing if-conversion on hyperblock from (abmofParseEvents/src/abmof_hw_accel.cpp:305:2) to (abmofParseEvents/src/abmof_hw_accel.cpp:183:49) in function 'parseEvents'... converting 4 basic blocks.
INFO: [HLS 200-111] Finished Pre-synthesis Time (s): cpu = 00:00:02 ; elapsed = 00:00:15 . Memory (MB): peak = 152.320 ; gain = 94.320
WARNING: [ANALYSIS 214-52] Found false 'RAW' inter dependency for variable 'glPLSlices.V.50'.
WARNING: [ANALYSIS 214-52] Found false 'RAW' inter dependency for variable 'glPLSlices.V.57'.
WARNING: [ANALYSIS 214-52] Found false 'RAW' inter dependency for variable 'glPLSlices.V.58'.
WARNING: [ANALYSIS 214-52] Found false 'RAW' inter dependency for variable 'glPLSlices.V.41'.
WARNING: [ANALYSIS 214-52] Found false 'RAW' inter dependency for variable 'glPLSlices.V.38'.
WARNING: [ANALYSIS 214-52] Found false 'RAW' inter dependency for variable 'glPLSlices.V.33'.
WARNING: [ANALYSIS 214-52] Found false 'RAW' inter dependency for variable 'glPLSlices.V.35'.
WARNING: [ANALYSIS 214-52] Found false 'RAW' inter dependency for variable 'glPLSlices.V.56'.
WARNING: [ANALYSIS 214-52] Found false 'RAW' inter dependency for variable 'glPLSlices.V.53'.
WARNING: [ANALYSIS 214-52] Found false 'RAW' inter dependency for variable 'glPLSlices.V.5'.
WARNING: [ANALYSIS 214-52] Found false 'RAW' inter dependency for variable 'glPLSlices.V.26'.
WARNING: [ANALYSIS 214-52] Found false 'RAW' inter dependency for variable 'glPLSlices.V.6'.
WARNING: [ANALYSIS 214-52] Found false 'RAW' inter dependency for variable 'glPLSlices.V.28'.
WARNING: [ANALYSIS 214-52] Found false 'RAW' inter dependency for variable 'glPLSlices.V.25'.
WARNING: [ANALYSIS 214-52] Found false 'RAW' inter dependency for variable 'glPLSlices.V.24'.
WARNING: [ANALYSIS 214-52] Found false 'RAW' inter dependency for variable 'glPLSlices.V.19'.
WARNING: [ANALYSIS 214-52] Found false 'RAW' inter dependency for variable 'glPLSlices.V.18'.
WARNING: [ANALYSIS 214-52] Found false 'RAW' inter dependency for variable 'glPLSlices.V.23'.
WARNING: [ANALYSIS 214-52] Found false 'RAW' inter dependency for variable 'glPLSlices.V.52'.
WARNING: [ANALYSIS 214-52] Found false 'RAW' inter dependency for variable 'glPLSlices.V.51'.
WARNING: [ANALYSIS 214-52] Found false 'RAW' inter dependency for variable 'glPLSlices.V.9'.
WARNING: [ANALYSIS 214-52] Found false 'RAW' inter dependency for variable 'glPLSlices.V.39'.
WARNING: [ANALYSIS 214-52] Found false 'RAW' inter dependency for variable 'glPLSlices.V.54'.
WARNING: [ANALYSIS 214-52] Found false 'RAW' inter dependency for variable 'glPLSlices.V.45'.
WARNING: [ANALYSIS 214-52] Found false 'RAW' inter dependency for variable 'glPLSlices.V.29'.
WARNING: [ANALYSIS 214-52] Found false 'RAW' inter dependency for variable 'glPLSlices.V.13'.
WARNING: [ANALYSIS 214-52] Found false 'RAW' inter dependency for variable 'glPLSlices.V.21'.
WARNING: [ANALYSIS 214-52] Found false 'RAW' inter dependency for variable 'glPLSlices.V.15'.
WARNING: [ANALYSIS 214-52] Found false 'RAW' inter dependency for variable 'glPLSlices.V.12'.
WARNING: [ANALYSIS 214-52] Found false 'RAW' inter dependency for variable 'glPLSlices.V.47'.
WARNING: [ANALYSIS 214-52] Found false 'RAW' inter dependency for variable 'glPLSlices.V.3'.
WARNING: [ANALYSIS 214-52] Found false 'RAW' inter dependency for variable 'glPLSlices.V.4'.
WARNING: [ANALYSIS 214-52] Found false 'RAW' inter dependency for variable 'glPLSlices.V.36'.
WARNING: [ANALYSIS 214-52] Found false 'RAW' inter dependency for variable 'glPLSlices.V.7'.
WARNING: [ANALYSIS 214-52] Found false 'RAW' inter dependency for variable 'glPLSlices.V.30'.
WARNING: [ANALYSIS 214-52] Found false 'RAW' inter dependency for variable 'glPLSlices.V.40'.
WARNING: [ANALYSIS 214-52] Found false 'RAW' inter dependency for variable 'glPLSlices.V.59'.
WARNING: [ANALYSIS 214-52] Found false 'RAW' inter dependency for variable 'glPLSlices.V.2'.
WARNING: [ANALYSIS 214-52] Found false 'RAW' inter dependency for variable 'glPLSlices.V.16'.
WARNING: [ANALYSIS 214-52] Found false 'RAW' inter dependency for variable 'glPLSlices.V.1'.
WARNING: [ANALYSIS 214-52] Found false 'RAW' inter dependency for variable 'glPLSlices.V.46'.
WARNING: [ANALYSIS 214-52] Found false 'RAW' inter dependency for variable 'glPLSlices.V.0'.
WARNING: [ANALYSIS 214-52] Found false 'RAW' inter dependency for variable 'glPLSlices.V.34'.
WARNING: [ANALYSIS 214-52] Found false 'RAW' inter dependency for variable 'glPLSlices.V.8'.
WARNING: [ANALYSIS 214-52] Found false 'RAW' inter dependency for variable 'glPLSlices.V.22'.
WARNING: [ANALYSIS 214-52] Found false 'RAW' inter dependency for variable 'glPLSlices.V.31'.
WARNING: [ANALYSIS 214-52] Found false 'RAW' inter dependency for variable 'glPLSlices.V.32'.
WARNING: [ANALYSIS 214-52] Found false 'RAW' inter dependency for variable 'glPLSlices.V.20'.
WARNING: [ANALYSIS 214-52] Found false 'RAW' inter dependency for variable 'glPLSlices.V.17'.
WARNING: [ANALYSIS 214-52] Found false 'RAW' inter dependency for variable 'glPLSlices.V.44'.
WARNING: [ANALYSIS 214-52] Found false 'RAW' inter dependency for variable 'glPLSlices.V.14'.
WARNING: [ANALYSIS 214-52] Found false 'RAW' inter dependency for variable 'glPLSlices.V.11'.
WARNING: [ANALYSIS 214-52] Found false 'RAW' inter dependency for variable 'glPLSlices.V.48'.
WARNING: [ANALYSIS 214-52] Found false 'RAW' inter dependency for variable 'glPLSlices.V.43'.
WARNING: [ANALYSIS 214-52] Found false 'RAW' inter dependency for variable 'glPLSlices.V.55'.
WARNING: [ANALYSIS 214-52] Found false 'RAW' inter dependency for variable 'glPLSlices.V.49'.
WARNING: [ANALYSIS 214-52] Found false 'RAW' inter dependency for variable 'glPLSlices.V.42'.
WARNING: [ANALYSIS 214-52] Found false 'RAW' inter dependency for variable 'glPLSlices.V.37'.
WARNING: [ANALYSIS 214-52] Found false 'RAW' inter dependency for variable 'glPLSlices.V.27'.
WARNING: [ANALYSIS 214-52] Found false 'RAW' inter dependency for variable 'glPLSlices.V.10'.
INFO: [HLS 200-111] Finished Architecture Synthesis Time (s): cpu = 00:00:03 ; elapsed = 00:00:16 . Memory (MB): peak = 165.043 ; gain = 107.043
INFO: [HLS 200-10] Starting hardware synthesis ...
INFO: [HLS 200-10] Synthesizing 'parseEvents' ...
INFO: [HLS 200-10] ----------------------------------------------------------------
INFO: [HLS 200-42] -- Implementing module 'parseEvents'
INFO: [HLS 200-10] ----------------------------------------------------------------
INFO: [SCHED 204-11] Starting scheduling ...
INFO: [SCHED 204-61] Pipelining loop 'resetSliceLoop2'.
INFO: [SCHED 204-61] Pipelining result : Target II = 1, Final II = 1, Depth = 1.
INFO: [SCHED 204-61] Pipelining loop 'loop_1'.
INFO: [SCHED 204-61] Pipelining result : Target II = 1, Final II = 1, Depth = 21.
INFO: [SCHED 204-11] Finished scheduling.
INFO: [HLS 200-111]  Elapsed time: 16.935 seconds; current allocated memory: 122.224 MB.
INFO: [BIND 205-100] Starting micro-architecture generation ...
INFO: [BIND 205-101] Performing variable lifetime analysis.
INFO: [BIND 205-101] Exploring resource sharing.
INFO: [BIND 205-101] Binding ...
INFO: [BIND 205-100] Finished micro-architecture generation.
INFO: [HLS 200-111]  Elapsed time: 0.419 seconds; current allocated memory: 123.851 MB.
INFO: [HLS 200-10] ----------------------------------------------------------------
INFO: [HLS 200-10] -- Generating RTL for module 'parseEvents'
INFO: [HLS 200-10] ----------------------------------------------------------------
INFO: [RTGEN 206-500] Setting interface mode on port 'parseEvents/data' to 'ap_fifo'.
INFO: [RTGEN 206-500] Setting interface mode on port 'parseEvents/eventsArraySize' to 'ap_none'.
INFO: [RTGEN 206-500] Setting interface mode on port 'parseEvents/eventSlice' to 'ap_fifo'.
INFO: [RTGEN 206-500] Setting interface mode on function 'parseEvents' to 'ap_ctrl_hs'.
WARNING: [RTGEN 206-101] Register 'glPLActiveSliceIdx_V' is power-on initialization.
INFO: [SYN 201-210] Renamed object name 'parseEvents_glPLSlices_V_0' to 'parseEvents_glPLSbkb' due to the length limit 20
INFO: [SYN 201-210] Renamed object name 'parseEvents_glPLSlices_V_1' to 'parseEvents_glPLScud' due to the length limit 20
INFO: [SYN 201-210] Renamed object name 'parseEvents_glPLSlices_V_2' to 'parseEvents_glPLSdEe' due to the length limit 20
INFO: [SYN 201-210] Renamed object name 'parseEvents_glPLSlices_V_3' to 'parseEvents_glPLSeOg' due to the length limit 20
INFO: [SYN 201-210] Renamed object name 'parseEvents_glPLSlices_V_4' to 'parseEvents_glPLSfYi' due to the length limit 20
INFO: [SYN 201-210] Renamed object name 'parseEvents_glPLSlices_V_5' to 'parseEvents_glPLSg8j' due to the length limit 20
INFO: [SYN 201-210] Renamed object name 'parseEvents_glPLSlices_V_6' to 'parseEvents_glPLShbi' due to the length limit 20
INFO: [SYN 201-210] Renamed object name 'parseEvents_glPLSlices_V_7' to 'parseEvents_glPLSibs' due to the length limit 20
INFO: [SYN 201-210] Renamed object name 'parseEvents_glPLSlices_V_8' to 'parseEvents_glPLSjbC' due to the length limit 20
INFO: [SYN 201-210] Renamed object name 'parseEvents_glPLSlices_V_9' to 'parseEvents_glPLSkbM' due to the length limit 20
INFO: [SYN 201-210] Renamed object name 'parseEvents_glPLSlices_V_10' to 'parseEvents_glPLSlbW' due to the length limit 20
INFO: [SYN 201-210] Renamed object name 'parseEvents_glPLSlices_V_11' to 'parseEvents_glPLSmb6' due to the length limit 20
INFO: [SYN 201-210] Renamed object name 'parseEvents_glPLSlices_V_12' to 'parseEvents_glPLSncg' due to the length limit 20
INFO: [SYN 201-210] Renamed object name 'parseEvents_glPLSlices_V_13' to 'parseEvents_glPLSocq' due to the length limit 20
INFO: [SYN 201-210] Renamed object name 'parseEvents_glPLSlices_V_14' to 'parseEvents_glPLSpcA' due to the length limit 20
INFO: [SYN 201-210] Renamed object name 'parseEvents_glPLSlices_V_15' to 'parseEvents_glPLSqcK' due to the length limit 20
INFO: [SYN 201-210] Renamed object name 'parseEvents_glPLSlices_V_16' to 'parseEvents_glPLSrcU' due to the length limit 20
INFO: [SYN 201-210] Renamed object name 'parseEvents_glPLSlices_V_17' to 'parseEvents_glPLSsc4' due to the length limit 20
INFO: [SYN 201-210] Renamed object name 'parseEvents_glPLSlices_V_18' to 'parseEvents_glPLStde' due to the length limit 20
INFO: [SYN 201-210] Renamed object name 'parseEvents_glPLSlices_V_19' to 'parseEvents_glPLSudo' due to the length limit 20
INFO: [SYN 201-210] Renamed object name 'parseEvents_glPLSlices_V_20' to 'parseEvents_glPLSvdy' due to the length limit 20
INFO: [SYN 201-210] Renamed object name 'parseEvents_glPLSlices_V_21' to 'parseEvents_glPLSwdI' due to the length limit 20
INFO: [SYN 201-210] Renamed object name 'parseEvents_glPLSlices_V_22' to 'parseEvents_glPLSxdS' due to the length limit 20
INFO: [SYN 201-210] Renamed object name 'parseEvents_glPLSlices_V_23' to 'parseEvents_glPLSyd2' due to the length limit 20
INFO: [SYN 201-210] Renamed object name 'parseEvents_glPLSlices_V_24' to 'parseEvents_glPLSzec' due to the length limit 20
INFO: [SYN 201-210] Renamed object name 'parseEvents_glPLSlices_V_25' to 'parseEvents_glPLSAem' due to the length limit 20
INFO: [SYN 201-210] Renamed object name 'parseEvents_glPLSlices_V_26' to 'parseEvents_glPLSBew' due to the length limit 20
INFO: [SYN 201-210] Renamed object name 'parseEvents_glPLSlices_V_27' to 'parseEvents_glPLSCeG' due to the length limit 20
INFO: [SYN 201-210] Renamed object name 'parseEvents_glPLSlices_V_28' to 'parseEvents_glPLSDeQ' due to the length limit 20
INFO: [SYN 201-210] Renamed object name 'parseEvents_glPLSlices_V_29' to 'parseEvents_glPLSEe0' due to the length limit 20
INFO: [SYN 201-210] Renamed object name 'parseEvents_glPLSlices_V_30' to 'parseEvents_glPLSFfa' due to the length limit 20
INFO: [SYN 201-210] Renamed object name 'parseEvents_glPLSlices_V_31' to 'parseEvents_glPLSGfk' due to the length limit 20
INFO: [SYN 201-210] Renamed object name 'parseEvents_glPLSlices_V_32' to 'parseEvents_glPLSHfu' due to the length limit 20
INFO: [SYN 201-210] Renamed object name 'parseEvents_glPLSlices_V_33' to 'parseEvents_glPLSIfE' due to the length limit 20
INFO: [SYN 201-210] Renamed object name 'parseEvents_glPLSlices_V_34' to 'parseEvents_glPLSJfO' due to the length limit 20
INFO: [SYN 201-210] Renamed object name 'parseEvents_glPLSlices_V_35' to 'parseEvents_glPLSKfY' due to the length limit 20
INFO: [SYN 201-210] Renamed object name 'parseEvents_glPLSlices_V_36' to 'parseEvents_glPLSLf8' due to the length limit 20
INFO: [SYN 201-210] Renamed object name 'parseEvents_glPLSlices_V_37' to 'parseEvents_glPLSMgi' due to the length limit 20
INFO: [SYN 201-210] Renamed object name 'parseEvents_glPLSlices_V_38' to 'parseEvents_glPLSNgs' due to the length limit 20
INFO: [SYN 201-210] Renamed object name 'parseEvents_glPLSlices_V_39' to 'parseEvents_glPLSOgC' due to the length limit 20
INFO: [SYN 201-210] Renamed object name 'parseEvents_glPLSlices_V_40' to 'parseEvents_glPLSPgM' due to the length limit 20
INFO: [SYN 201-210] Renamed object name 'parseEvents_glPLSlices_V_41' to 'parseEvents_glPLSQgW' due to the length limit 20
INFO: [SYN 201-210] Renamed object name 'parseEvents_glPLSlices_V_42' to 'parseEvents_glPLSRg6' due to the length limit 20
INFO: [SYN 201-210] Renamed object name 'parseEvents_glPLSlices_V_43' to 'parseEvents_glPLSShg' due to the length limit 20
INFO: [SYN 201-210] Renamed object name 'parseEvents_glPLSlices_V_44' to 'parseEvents_glPLSThq' due to the length limit 20
INFO: [SYN 201-210] Renamed object name 'parseEvents_glPLSlices_V_45' to 'parseEvents_glPLSUhA' due to the length limit 20
INFO: [SYN 201-210] Renamed object name 'parseEvents_glPLSlices_V_46' to 'parseEvents_glPLSVhK' due to the length limit 20
INFO: [SYN 201-210] Renamed object name 'parseEvents_glPLSlices_V_47' to 'parseEvents_glPLSWhU' due to the length limit 20
INFO: [SYN 201-210] Renamed object name 'parseEvents_glPLSlices_V_48' to 'parseEvents_glPLSXh4' due to the length limit 20
INFO: [SYN 201-210] Renamed object name 'parseEvents_glPLSlices_V_49' to 'parseEvents_glPLSYie' due to the length limit 20
INFO: [SYN 201-210] Renamed object name 'parseEvents_glPLSlices_V_50' to 'parseEvents_glPLSZio' due to the length limit 20
INFO: [SYN 201-210] Renamed object name 'parseEvents_glPLSlices_V_51' to 'parseEvents_glPLS0iy' due to the length limit 20
INFO: [SYN 201-210] Renamed object name 'parseEvents_glPLSlices_V_52' to 'parseEvents_glPLS1iI' due to the length limit 20
INFO: [SYN 201-210] Renamed object name 'parseEvents_glPLSlices_V_53' to 'parseEvents_glPLS2iS' due to the length limit 20
INFO: [SYN 201-210] Renamed object name 'parseEvents_glPLSlices_V_54' to 'parseEvents_glPLS3i2' due to the length limit 20
INFO: [SYN 201-210] Renamed object name 'parseEvents_glPLSlices_V_55' to 'parseEvents_glPLS4jc' due to the length limit 20
INFO: [SYN 201-210] Renamed object name 'parseEvents_glPLSlices_V_56' to 'parseEvents_glPLS5jm' due to the length limit 20
INFO: [SYN 201-210] Renamed object name 'parseEvents_glPLSlices_V_57' to 'parseEvents_glPLS6jw' due to the length limit 20
INFO: [SYN 201-210] Renamed object name 'parseEvents_glPLSlices_V_58' to 'parseEvents_glPLS7jG' due to the length limit 20
INFO: [SYN 201-210] Renamed object name 'parseEvents_glPLSlices_V_59' to 'parseEvents_glPLS8jQ' due to the length limit 20
WARNING: [RTGEN 206-101] Register 'sum' is power-on initialization.
WARNING: [RTGEN 206-101] Global scalar 'sum' will not be exposed as RTL port.
WARNING: [RTGEN 206-101] Register 'glCnt' is power-on initialization.
INFO: [SYN 201-210] Renamed object name 'parseEvents_urem_15ns_7ns_15_19_1' to 'parseEvents_urem_9j0' due to the length limit 20
INFO: [SYN 201-210] Renamed object name 'parseEvents_mux_6016_36_1_1' to 'parseEvents_mux_6bak' due to the length limit 20
INFO: [SYN 201-210] Renamed object name 'parseEvents_mul_mul_17ns_15ns_32_1_1' to 'parseEvents_mul_mbbk' due to the length limit 20
INFO: [RTGEN 206-100] Generating core module 'parseEvents_mul_mbbk': 1 instance(s).
INFO: [RTGEN 206-100] Generating core module 'parseEvents_mux_6bak': 1 instance(s).
INFO: [RTGEN 206-100] Generating core module 'parseEvents_urem_9j0': 1 instance(s).
INFO: [RTGEN 206-100] Finished creating RTL model for 'parseEvents'.
INFO: [HLS 200-111]  Elapsed time: 0.7 seconds; current allocated memory: 127.942 MB.
INFO: [RTMG 210-282] Generating pipelined core: 'parseEvents_urem_9j0_div'
INFO: [RTMG 210-278] Implementing memory 'parseEvents_glPLSbkb_ram (RAM_2P_BRAM)' using block RAMs with power-on initialization.
INFO: [HLS 200-111] Finished generating all RTL models Time (s): cpu = 00:00:06 ; elapsed = 00:00:21 . Memory (MB): peak = 192.953 ; gain = 134.953
INFO: [SYSC 207-301] Generating SystemC RTL for parseEvents.
INFO: [VHDL 208-304] Generating VHDL RTL for parseEvents.
INFO: [VLOG 209-307] Generating Verilog RTL for parseEvents.
INFO: [HLS 200-112] Total elapsed time: 20.9 seconds; peak allocated memory: 127.942 MB.
