==============================================================
File generated by Vivado(TM) HLS - High-Level Synthesis from C, C++ and SystemC
Version: 2018.1
Copyright (C) 1986-2018 Xilinx, Inc. All Rights Reserved.

==============================================================

INFO: [SYN 201-201] Setting up clock 'default' with a period of 10ns.
INFO: [SYN 201-201] Setting up clock 'default' with an uncertainty of 0.1ns.
INFO: [HLS 200-10] Setting target device to 'xc7z007sclg225-1'
INFO: [HLS 200-10] Analyzing design file 'abmofParseEvents_SmallBitWidth/src/abmof_hw_accel.cpp' ...
INFO: [HLS 200-10] Validating synthesis directives ...
WARNING: [HLS 200-40] Directive 'UNROLL' cannot be applied: Label 'readBlockInnerLoop0' does not exist in function 'calcOF'.
WARNING: [HLS 200-40] Directive 'UNROLL' cannot be applied: Label 'readBlockInnerLoop1' does not exist in function 'calcOF'.
WARNING: [HLS 200-40] Directive 'UNROLL' cannot be applied: Label 'readBlockInnerLoop2' does not exist in function 'calcOF'.
INFO: [HLS 200-111] Finished Checking Pragmas Time (s): cpu = 00:00:02 ; elapsed = 00:00:34 . Memory (MB): peak = 104.137 ; gain = 46.516
INFO: [HLS 200-111] Finished Linking Time (s): cpu = 00:00:02 ; elapsed = 00:00:45 . Memory (MB): peak = 104.172 ; gain = 46.551
INFO: [HLS 200-10] Starting code transformations ...
INFO: [XFORM 203-603] Inlining function 'accumulateHW' into 'parseEvents' (abmofParseEvents_SmallBitWidth/src/abmof_hw_accel.cpp:363).
INFO: [XFORM 203-603] Inlining function 'calcOF' into 'parseEvents' (abmofParseEvents_SmallBitWidth/src/abmof_hw_accel.cpp:377).
INFO: [HLS 200-111] Finished Standard Transforms Time (s): cpu = 00:00:02 ; elapsed = 00:00:49 . Memory (MB): peak = 122.566 ; gain = 64.945
INFO: [HLS 200-10] Checking synthesizability ...
WARNING: [SYNCHK 200-23] abmofParseEvents_SmallBitWidth/src/abmof_hw_accel.cpp:50: variable-indexed range selection may cause suboptimal QoR.
INFO: [SYNCHK 200-10] 0 error(s), 1 warning(s).
INFO: [HLS 200-111] Finished Checking Synthesizability Time (s): cpu = 00:00:03 ; elapsed = 00:00:50 . Memory (MB): peak = 126.785 ; gain = 69.164
INFO: [XFORM 203-502] Unrolling all sub-loops inside loop 'loop_1' (abmofParseEvents_SmallBitWidth/src/abmof_hw_accel.cpp:345) in function 'parseEvents' for pipelining.
INFO: [XFORM 203-501] Unrolling loop 'Loop-1.1' (abmofParseEvents_SmallBitWidth/src/abmof_hw_accel.cpp:48) in function 'parseEvents' completely.
INFO: [XFORM 203-501] Unrolling loop 'Loop-1.2' (abmofParseEvents_SmallBitWidth/src/abmof_hw_accel.cpp:54) in function 'parseEvents' completely.
INFO: [XFORM 203-501] Unrolling loop 'Loop-1.3' (abmofParseEvents_SmallBitWidth/src/abmof_hw_accel.cpp:68) in function 'parseEvents' completely.
INFO: [XFORM 203-501] Unrolling loop 'Loop-1.4' (abmofParseEvents_SmallBitWidth/src/abmof_hw_accel.cpp:74) in function 'parseEvents' completely.
INFO: [XFORM 203-501] Unrolling loop 'Loop-1.5' (abmofParseEvents_SmallBitWidth/src/abmof_hw_accel.cpp:88) in function 'parseEvents' completely.
INFO: [XFORM 203-501] Unrolling loop 'Loop-1.6' (abmofParseEvents_SmallBitWidth/src/abmof_hw_accel.cpp:94) in function 'parseEvents' completely.
INFO: [XFORM 203-501] Unrolling loop 'readRefBlockLoop1' (abmofParseEvents_SmallBitWidth/src/abmof_hw_accel.cpp:161) in function 'parseEvents' completely.
INFO: [XFORM 203-501] Unrolling loop 'Loop-1.7.1' (abmofParseEvents_SmallBitWidth/src/abmof_hw_accel.cpp:179) in function 'parseEvents' completely.
INFO: [XFORM 203-501] Unrolling loop 'Loop-1.7.1.1' (abmofParseEvents_SmallBitWidth/src/abmof_hw_accel.cpp:182) in function 'parseEvents' completely.
INFO: [XFORM 203-101] Partitioning array 'targetBlocks.V'  in dimension 1 completely.
INFO: [XFORM 203-101] Partitioning array 'refBlock.V'  in dimension 1 completely.
INFO: [XFORM 203-101] Partitioning array 'glPLSlice2.V'  in dimension 1 with a cyclic factor 4.
INFO: [XFORM 203-101] Partitioning array 'glPLSlice1.V'  in dimension 1 with a cyclic factor 4.
INFO: [XFORM 203-101] Partitioning array 'glPLSlice0.V'  in dimension 1 with a cyclic factor 4.
INFO: [XFORM 203-101] Partitioning array 'targetBlocks.V'  in dimension 2 completely.
INFO: [XFORM 203-101] Partitioning array 'refBlock.V'  in dimension 2 completely.
INFO: [XFORM 203-401] Performing if-conversion on hyperblock from (abmofParseEvents_SmallBitWidth/src/abmof_hw_accel.cpp:473:2) to (abmofParseEvents_SmallBitWidth/src/abmof_hw_accel.cpp:344:49) in function 'parseEvents'... converting 20 basic blocks.
INFO: [HLS 200-111] Finished Pre-synthesis Time (s): cpu = 00:00:04 ; elapsed = 00:00:53 . Memory (MB): peak = 162.055 ; gain = 104.434
INFO: [HLS 200-111] Finished Architecture Synthesis Time (s): cpu = 00:00:06 ; elapsed = 00:00:54 . Memory (MB): peak = 163.594 ; gain = 105.973
INFO: [HLS 200-10] Starting hardware synthesis ...
INFO: [HLS 200-10] Synthesizing 'parseEvents' ...
INFO: [HLS 200-10] ----------------------------------------------------------------
INFO: [HLS 200-42] -- Implementing module 'parseEvents'
INFO: [HLS 200-10] ----------------------------------------------------------------
INFO: [SCHED 204-11] Starting scheduling ...
INFO: [SCHED 204-61] Pipelining loop 'loop_1'.
WARNING: [SCHED 204-68] Unable to enforce a carried dependence constraint (II = 1, distance = 1, offset = 1)
   between 'store' operation (abmofParseEvents_SmallBitWidth/src/abmof_hw_accel.cpp:59->abmofParseEvents_SmallBitWidth/src/abmof_hw_accel.cpp:363) of variable 'tmp_54', abmofParseEvents_SmallBitWidth/src/abmof_hw_accel.cpp:56->abmofParseEvents_SmallBitWidth/src/abmof_hw_accel.cpp:363 on array 'glPLSlice0_V_0' and 'load' operation ('glPLSlice0_V_0_load', abmofParseEvents_SmallBitWidth/src/abmof_hw_accel.cpp:46->abmofParseEvents_SmallBitWidth/src/abmof_hw_accel.cpp:363) on array 'glPLSlice0_V_0'.
INFO: [SCHED 204-61] Pipelining result : Target II = 1, Final II = 2, Depth = 6.
WARNING: [SCHED 204-21] Estimated clock period (10.201ns) exceeds the target (target clock period: 10ns, clock uncertainty: 0.1ns, effective delay budget: 9.9ns).
WARNING: [SCHED 204-21] The critical path consists of the following:
	'load' operation ('glPLSlice2_V_0_load', abmofParseEvents_SmallBitWidth/src/abmof_hw_accel.cpp:86->abmofParseEvents_SmallBitWidth/src/abmof_hw_accel.cpp:363) on array 'glPLSlice2_V_0' (3.25 ns)
	'mux' operation ('tmpData.V', abmofParseEvents_SmallBitWidth/src/abmof_hw_accel.cpp:86->abmofParseEvents_SmallBitWidth/src/abmof_hw_accel.cpp:363) (1.96 ns)
	'add' operation ('tmpTmpData.V', abmofParseEvents_SmallBitWidth/src/abmof_hw_accel.cpp:92->abmofParseEvents_SmallBitWidth/src/abmof_hw_accel.cpp:363) (1.74 ns)
	'store' operation (abmofParseEvents_SmallBitWidth/src/abmof_hw_accel.cpp:99->abmofParseEvents_SmallBitWidth/src/abmof_hw_accel.cpp:363) of variable 'tmp_82', abmofParseEvents_SmallBitWidth/src/abmof_hw_accel.cpp:96->abmofParseEvents_SmallBitWidth/src/abmof_hw_accel.cpp:363 on array 'glPLSlice2_V_3' (3.25 ns)
INFO: [SCHED 204-11] Finished scheduling.
INFO: [HLS 200-111]  Elapsed time: 55.315 seconds; current allocated memory: 114.958 MB.
INFO: [BIND 205-100] Starting micro-architecture generation ...
INFO: [BIND 205-101] Performing variable lifetime analysis.
INFO: [BIND 205-101] Exploring resource sharing.
INFO: [BIND 205-101] Binding ...
INFO: [BIND 205-100] Finished micro-architecture generation.
INFO: [HLS 200-111]  Elapsed time: 1.192 seconds; current allocated memory: 116.616 MB.
INFO: [HLS 200-10] ----------------------------------------------------------------
INFO: [HLS 200-10] -- Generating RTL for module 'parseEvents'
INFO: [HLS 200-10] ----------------------------------------------------------------
INFO: [RTGEN 206-500] Setting interface mode on port 'parseEvents/data' to 'ap_fifo'.
INFO: [RTGEN 206-500] Setting interface mode on port 'parseEvents/eventsArraySize' to 'ap_none'.
INFO: [RTGEN 206-500] Setting interface mode on port 'parseEvents/eventSlice' to 'ap_fifo'.
INFO: [RTGEN 206-500] Setting interface mode on function 'parseEvents' to 'ap_ctrl_hs'.
WARNING: [RTGEN 206-101] Register 'glPLActiveSliceIdx_V' is power-on initialization.
INFO: [SYN 201-210] Renamed object name 'parseEvents_glPLSlice0_V_0' to 'parseEvents_glPLSbkb' due to the length limit 20
INFO: [SYN 201-210] Renamed object name 'parseEvents_glPLSlice0_V_1' to 'parseEvents_glPLScud' due to the length limit 20
INFO: [SYN 201-210] Renamed object name 'parseEvents_glPLSlice0_V_2' to 'parseEvents_glPLSdEe' due to the length limit 20
INFO: [SYN 201-210] Renamed object name 'parseEvents_glPLSlice0_V_3' to 'parseEvents_glPLSeOg' due to the length limit 20
INFO: [SYN 201-210] Renamed object name 'parseEvents_glPLSlice1_V_0' to 'parseEvents_glPLSfYi' due to the length limit 20
INFO: [SYN 201-210] Renamed object name 'parseEvents_glPLSlice1_V_1' to 'parseEvents_glPLSg8j' due to the length limit 20
INFO: [SYN 201-210] Renamed object name 'parseEvents_glPLSlice1_V_2' to 'parseEvents_glPLShbi' due to the length limit 20
INFO: [SYN 201-210] Renamed object name 'parseEvents_glPLSlice1_V_3' to 'parseEvents_glPLSibs' due to the length limit 20
INFO: [SYN 201-210] Renamed object name 'parseEvents_glPLSlice2_V_0' to 'parseEvents_glPLSjbC' due to the length limit 20
INFO: [SYN 201-210] Renamed object name 'parseEvents_glPLSlice2_V_1' to 'parseEvents_glPLSkbM' due to the length limit 20
INFO: [SYN 201-210] Renamed object name 'parseEvents_glPLSlice2_V_2' to 'parseEvents_glPLSlbW' due to the length limit 20
INFO: [SYN 201-210] Renamed object name 'parseEvents_glPLSlice2_V_3' to 'parseEvents_glPLSmb6' due to the length limit 20
WARNING: [RTGEN 206-101] Register 'refBlock_V_0_0' is power-on initialization.
WARNING: [RTGEN 206-101] Global scalar 'refBlock_V_0_0' will not be exposed as RTL port.
WARNING: [RTGEN 206-101] Register 'targetBlocks_V_0_0' is power-on initialization.
WARNING: [RTGEN 206-101] Global scalar 'targetBlocks_V_0_0' will not be exposed as RTL port.
WARNING: [RTGEN 206-101] Global scalar 'refBlock_V_0_1' will not be exposed as RTL port.
WARNING: [RTGEN 206-101] Global scalar 'targetBlocks_V_0_1' will not be exposed as RTL port.
WARNING: [RTGEN 206-101] Global scalar 'refBlock_V_0_2' will not be exposed as RTL port.
WARNING: [RTGEN 206-101] Global scalar 'targetBlocks_V_0_2' will not be exposed as RTL port.
WARNING: [RTGEN 206-101] Global scalar 'refBlock_V_0_3' will not be exposed as RTL port.
WARNING: [RTGEN 206-101] Global scalar 'targetBlocks_V_0_3' will not be exposed as RTL port.
WARNING: [RTGEN 206-101] Global scalar 'refBlock_V_0_4' will not be exposed as RTL port.
WARNING: [RTGEN 206-101] Global scalar 'targetBlocks_V_0_4' will not be exposed as RTL port.
WARNING: [RTGEN 206-101] Global scalar 'refBlock_V_0_5' will not be exposed as RTL port.
WARNING: [RTGEN 206-101] Global scalar 'targetBlocks_V_0_5' will not be exposed as RTL port.
WARNING: [RTGEN 206-101] Global scalar 'refBlock_V_0_6' will not be exposed as RTL port.
WARNING: [RTGEN 206-101] Global scalar 'targetBlocks_V_0_6' will not be exposed as RTL port.
WARNING: [RTGEN 206-101] Global scalar 'refBlock_V_0_7' will not be exposed as RTL port.
WARNING: [RTGEN 206-101] Global scalar 'targetBlocks_V_0_7' will not be exposed as RTL port.
WARNING: [RTGEN 206-101] Global scalar 'refBlock_V_1_0' will not be exposed as RTL port.
WARNING: [RTGEN 206-101] Global scalar 'targetBlocks_V_1_0' will not be exposed as RTL port.
WARNING: [RTGEN 206-101] Register 'refBlock_V_1_1' is power-on initialization.
WARNING: [RTGEN 206-101] Global scalar 'refBlock_V_1_1' will not be exposed as RTL port.
WARNING: [RTGEN 206-101] Register 'targetBlocks_V_1_1' is power-on initialization.
WARNING: [RTGEN 206-101] Global scalar 'targetBlocks_V_1_1' will not be exposed as RTL port.
WARNING: [RTGEN 206-101] Global scalar 'refBlock_V_1_2' will not be exposed as RTL port.
WARNING: [RTGEN 206-101] Global scalar 'targetBlocks_V_1_2' will not be exposed as RTL port.
WARNING: [RTGEN 206-101] Global scalar 'refBlock_V_1_3' will not be exposed as RTL port.
WARNING: [RTGEN 206-101] Global scalar 'targetBlocks_V_1_3' will not be exposed as RTL port.
WARNING: [RTGEN 206-101] Global scalar 'refBlock_V_1_4' will not be exposed as RTL port.
WARNING: [RTGEN 206-101] Global scalar 'targetBlocks_V_1_4' will not be exposed as RTL port.
WARNING: [RTGEN 206-101] Global scalar 'refBlock_V_1_5' will not be exposed as RTL port.
WARNING: [RTGEN 206-101] Global scalar 'targetBlocks_V_1_5' will not be exposed as RTL port.
WARNING: [RTGEN 206-101] Global scalar 'refBlock_V_1_6' will not be exposed as RTL port.
WARNING: [RTGEN 206-101] Global scalar 'targetBlocks_V_1_6' will not be exposed as RTL port.
WARNING: [RTGEN 206-101] Global scalar 'refBlock_V_1_7' will not be exposed as RTL port.
WARNING: [RTGEN 206-101] Global scalar 'targetBlocks_V_1_7' will not be exposed as RTL port.
WARNING: [RTGEN 206-101] Global scalar 'refBlock_V_2_0' will not be exposed as RTL port.
WARNING: [RTGEN 206-101] Global scalar 'targetBlocks_V_2_0' will not be exposed as RTL port.
WARNING: [RTGEN 206-101] Global scalar 'refBlock_V_2_1' will not be exposed as RTL port.
WARNING: [RTGEN 206-101] Global scalar 'targetBlocks_V_2_1' will not be exposed as RTL port.
WARNING: [RTGEN 206-101] Register 'refBlock_V_2_2' is power-on initialization.
WARNING: [RTGEN 206-101] Global scalar 'refBlock_V_2_2' will not be exposed as RTL port.
WARNING: [RTGEN 206-101] Register 'targetBlocks_V_2_2' is power-on initialization.
WARNING: [RTGEN 206-101] Global scalar 'targetBlocks_V_2_2' will not be exposed as RTL port.
WARNING: [RTGEN 206-101] Global scalar 'refBlock_V_2_3' will not be exposed as RTL port.
WARNING: [RTGEN 206-101] Global scalar 'targetBlocks_V_2_3' will not be exposed as RTL port.
WARNING: [RTGEN 206-101] Global scalar 'refBlock_V_2_4' will not be exposed as RTL port.
WARNING: [RTGEN 206-101] Global scalar 'targetBlocks_V_2_4' will not be exposed as RTL port.
WARNING: [RTGEN 206-101] Global scalar 'refBlock_V_2_5' will not be exposed as RTL port.
WARNING: [RTGEN 206-101] Global scalar 'targetBlocks_V_2_5' will not be exposed as RTL port.
WARNING: [RTGEN 206-101] Global scalar 'refBlock_V_2_6' will not be exposed as RTL port.
WARNING: [RTGEN 206-101] Global scalar 'targetBlocks_V_2_6' will not be exposed as RTL port.
WARNING: [RTGEN 206-101] Global scalar 'refBlock_V_2_7' will not be exposed as RTL port.
WARNING: [RTGEN 206-101] Global scalar 'targetBlocks_V_2_7' will not be exposed as RTL port.
WARNING: [RTGEN 206-101] Global scalar 'refBlock_V_3_0' will not be exposed as RTL port.
WARNING: [RTGEN 206-101] Global scalar 'targetBlocks_V_3_0' will not be exposed as RTL port.
WARNING: [RTGEN 206-101] Global scalar 'refBlock_V_3_1' will not be exposed as RTL port.
WARNING: [RTGEN 206-101] Global scalar 'targetBlocks_V_3_1' will not be exposed as RTL port.
WARNING: [RTGEN 206-101] Global scalar 'refBlock_V_3_2' will not be exposed as RTL port.
WARNING: [RTGEN 206-101] Global scalar 'targetBlocks_V_3_2' will not be exposed as RTL port.
WARNING: [RTGEN 206-101] Register 'refBlock_V_3_3' is power-on initialization.
WARNING: [RTGEN 206-101] Global scalar 'refBlock_V_3_3' will not be exposed as RTL port.
WARNING: [RTGEN 206-101] Register 'targetBlocks_V_3_3' is power-on initialization.
WARNING: [RTGEN 206-101] Global scalar 'targetBlocks_V_3_3' will not be exposed as RTL port.
WARNING: [RTGEN 206-101] Global scalar 'refBlock_V_3_4' will not be exposed as RTL port.
WARNING: [RTGEN 206-101] Global scalar 'targetBlocks_V_3_4' will not be exposed as RTL port.
WARNING: [RTGEN 206-101] Global scalar 'refBlock_V_3_5' will not be exposed as RTL port.
WARNING: [RTGEN 206-101] Global scalar 'targetBlocks_V_3_5' will not be exposed as RTL port.
WARNING: [RTGEN 206-101] Global scalar 'refBlock_V_3_6' will not be exposed as RTL port.
WARNING: [RTGEN 206-101] Global scalar 'targetBlocks_V_3_6' will not be exposed as RTL port.
WARNING: [RTGEN 206-101] Global scalar 'refBlock_V_3_7' will not be exposed as RTL port.
WARNING: [RTGEN 206-101] Global scalar 'targetBlocks_V_3_7' will not be exposed as RTL port.
WARNING: [RTGEN 206-101] Global scalar 'refBlock_V_4_0' will not be exposed as RTL port.
WARNING: [RTGEN 206-101] Global scalar 'targetBlocks_V_4_0' will not be exposed as RTL port.
WARNING: [RTGEN 206-101] Global scalar 'refBlock_V_4_1' will not be exposed as RTL port.
WARNING: [RTGEN 206-101] Global scalar 'targetBlocks_V_4_1' will not be exposed as RTL port.
WARNING: [RTGEN 206-101] Global scalar 'refBlock_V_4_2' will not be exposed as RTL port.
WARNING: [RTGEN 206-101] Global scalar 'targetBlocks_V_4_2' will not be exposed as RTL port.
WARNING: [RTGEN 206-101] Global scalar 'refBlock_V_4_3' will not be exposed as RTL port.
WARNING: [RTGEN 206-101] Global scalar 'targetBlocks_V_4_3' will not be exposed as RTL port.
WARNING: [RTGEN 206-101] Register 'refBlock_V_4_4' is power-on initialization.
WARNING: [RTGEN 206-101] Global scalar 'refBlock_V_4_4' will not be exposed as RTL port.
WARNING: [RTGEN 206-101] Register 'targetBlocks_V_4_4' is power-on initialization.
WARNING: [RTGEN 206-101] Global scalar 'targetBlocks_V_4_4' will not be exposed as RTL port.
WARNING: [RTGEN 206-101] Global scalar 'refBlock_V_4_5' will not be exposed as RTL port.
WARNING: [RTGEN 206-101] Global scalar 'targetBlocks_V_4_5' will not be exposed as RTL port.
WARNING: [RTGEN 206-101] Global scalar 'refBlock_V_4_6' will not be exposed as RTL port.
WARNING: [RTGEN 206-101] Global scalar 'targetBlocks_V_4_6' will not be exposed as RTL port.
WARNING: [RTGEN 206-101] Global scalar 'refBlock_V_4_7' will not be exposed as RTL port.
WARNING: [RTGEN 206-101] Global scalar 'targetBlocks_V_4_7' will not be exposed as RTL port.
WARNING: [RTGEN 206-101] Global scalar 'refBlock_V_5_0' will not be exposed as RTL port.
WARNING: [RTGEN 206-101] Global scalar 'targetBlocks_V_5_0' will not be exposed as RTL port.
WARNING: [RTGEN 206-101] Global scalar 'refBlock_V_5_1' will not be exposed as RTL port.
WARNING: [RTGEN 206-101] Global scalar 'targetBlocks_V_5_1' will not be exposed as RTL port.
WARNING: [RTGEN 206-101] Global scalar 'refBlock_V_5_2' will not be exposed as RTL port.
WARNING: [RTGEN 206-101] Global scalar 'targetBlocks_V_5_2' will not be exposed as RTL port.
WARNING: [RTGEN 206-101] Global scalar 'refBlock_V_5_3' will not be exposed as RTL port.
WARNING: [RTGEN 206-101] Global scalar 'targetBlocks_V_5_3' will not be exposed as RTL port.
WARNING: [RTGEN 206-101] Global scalar 'refBlock_V_5_4' will not be exposed as RTL port.
WARNING: [RTGEN 206-101] Global scalar 'targetBlocks_V_5_4' will not be exposed as RTL port.
WARNING: [RTGEN 206-101] Register 'refBlock_V_5_5' is power-on initialization.
WARNING: [RTGEN 206-101] Global scalar 'refBlock_V_5_5' will not be exposed as RTL port.
WARNING: [RTGEN 206-101] Register 'targetBlocks_V_5_5' is power-on initialization.
WARNING: [RTGEN 206-101] Global scalar 'targetBlocks_V_5_5' will not be exposed as RTL port.
WARNING: [RTGEN 206-101] Global scalar 'refBlock_V_5_6' will not be exposed as RTL port.
WARNING: [RTGEN 206-101] Global scalar 'targetBlocks_V_5_6' will not be exposed as RTL port.
WARNING: [RTGEN 206-101] Global scalar 'refBlock_V_5_7' will not be exposed as RTL port.
WARNING: [RTGEN 206-101] Global scalar 'targetBlocks_V_5_7' will not be exposed as RTL port.
WARNING: [RTGEN 206-101] Global scalar 'refBlock_V_6_0' will not be exposed as RTL port.
WARNING: [RTGEN 206-101] Global scalar 'targetBlocks_V_6_0' will not be exposed as RTL port.
WARNING: [RTGEN 206-101] Global scalar 'refBlock_V_6_1' will not be exposed as RTL port.
WARNING: [RTGEN 206-101] Global scalar 'targetBlocks_V_6_1' will not be exposed as RTL port.
WARNING: [RTGEN 206-101] Global scalar 'refBlock_V_6_2' will not be exposed as RTL port.
WARNING: [RTGEN 206-101] Global scalar 'targetBlocks_V_6_2' will not be exposed as RTL port.
WARNING: [RTGEN 206-101] Global scalar 'refBlock_V_6_3' will not be exposed as RTL port.
WARNING: [RTGEN 206-101] Global scalar 'targetBlocks_V_6_3' will not be exposed as RTL port.
WARNING: [RTGEN 206-101] Global scalar 'refBlock_V_6_4' will not be exposed as RTL port.
WARNING: [RTGEN 206-101] Global scalar 'targetBlocks_V_6_4' will not be exposed as RTL port.
WARNING: [RTGEN 206-101] Global scalar 'refBlock_V_6_5' will not be exposed as RTL port.
WARNING: [RTGEN 206-101] Global scalar 'targetBlocks_V_6_5' will not be exposed as RTL port.
WARNING: [RTGEN 206-101] Register 'refBlock_V_6_6' is power-on initialization.
WARNING: [RTGEN 206-101] Global scalar 'refBlock_V_6_6' will not be exposed as RTL port.
WARNING: [RTGEN 206-101] Register 'targetBlocks_V_6_6' is power-on initialization.
WARNING: [RTGEN 206-101] Global scalar 'targetBlocks_V_6_6' will not be exposed as RTL port.
WARNING: [RTGEN 206-101] Global scalar 'refBlock_V_6_7' will not be exposed as RTL port.
WARNING: [RTGEN 206-101] Global scalar 'targetBlocks_V_6_7' will not be exposed as RTL port.
WARNING: [RTGEN 206-101] Global scalar 'refBlock_V_7_0' will not be exposed as RTL port.
WARNING: [RTGEN 206-101] Global scalar 'targetBlocks_V_7_0' will not be exposed as RTL port.
WARNING: [RTGEN 206-101] Global scalar 'refBlock_V_7_1' will not be exposed as RTL port.
WARNING: [RTGEN 206-101] Global scalar 'targetBlocks_V_7_1' will not be exposed as RTL port.
WARNING: [RTGEN 206-101] Global scalar 'refBlock_V_7_2' will not be exposed as RTL port.
WARNING: [RTGEN 206-101] Global scalar 'targetBlocks_V_7_2' will not be exposed as RTL port.
WARNING: [RTGEN 206-101] Global scalar 'refBlock_V_7_3' will not be exposed as RTL port.
WARNING: [RTGEN 206-101] Global scalar 'targetBlocks_V_7_3' will not be exposed as RTL port.
WARNING: [RTGEN 206-101] Global scalar 'refBlock_V_7_4' will not be exposed as RTL port.
WARNING: [RTGEN 206-101] Global scalar 'targetBlocks_V_7_4' will not be exposed as RTL port.
WARNING: [RTGEN 206-101] Global scalar 'refBlock_V_7_5' will not be exposed as RTL port.
WARNING: [RTGEN 206-101] Global scalar 'targetBlocks_V_7_5' will not be exposed as RTL port.
WARNING: [RTGEN 206-101] Global scalar 'refBlock_V_7_6' will not be exposed as RTL port.
WARNING: [RTGEN 206-101] Global scalar 'targetBlocks_V_7_6' will not be exposed as RTL port.
WARNING: [RTGEN 206-101] Register 'refBlock_V_7_7' is power-on initialization.
WARNING: [RTGEN 206-101] Global scalar 'refBlock_V_7_7' will not be exposed as RTL port.
WARNING: [RTGEN 206-101] Register 'targetBlocks_V_7_7' is power-on initialization.
WARNING: [RTGEN 206-101] Global scalar 'targetBlocks_V_7_7' will not be exposed as RTL port.
WARNING: [RTGEN 206-101] Register 'glCnt' is power-on initialization.
INFO: [SYN 201-210] Renamed object name 'parseEvents_mux_42_32_1_1' to 'parseEvents_mux_4ncg' due to the length limit 20
INFO: [SYN 201-210] Renamed object name 'parseEvents_mac_muladd_6ns_7ns_6ns_12_1_1' to 'parseEvents_mac_mocq' due to the length limit 20
INFO: [SYN 201-210] Renamed object name 'parseEvents_mac_muladd_7ns_6ns_6ns_12_1_1' to 'parseEvents_mac_mpcA' due to the length limit 20
INFO: [SYN 201-210] Renamed object name 'parseEvents_mac_muladd_8ns_6ns_6ns_12_1_1' to 'parseEvents_mac_mqcK' due to the length limit 20
INFO: [RTGEN 206-100] Generating core module 'parseEvents_mac_mocq': 3 instance(s).
INFO: [RTGEN 206-100] Generating core module 'parseEvents_mac_mpcA': 1 instance(s).
INFO: [RTGEN 206-100] Generating core module 'parseEvents_mac_mqcK': 5 instance(s).
INFO: [RTGEN 206-100] Generating core module 'parseEvents_mux_4ncg': 3 instance(s).
INFO: [RTGEN 206-100] Finished creating RTL model for 'parseEvents'.
INFO: [HLS 200-111]  Elapsed time: 2.316 seconds; current allocated memory: 119.563 MB.
INFO: [RTMG 210-278] Implementing memory 'parseEvents_glPLSbkb_ram (RAM_T2P_BRAM)' using block RAMs with power-on initialization.
INFO: [RTMG 210-278] Implementing memory 'parseEvents_glPLSfYi_ram (RAM_T2P_BRAM)' using block RAMs with power-on initialization.
INFO: [HLS 200-111] Finished generating all RTL models Time (s): cpu = 00:00:11 ; elapsed = 00:01:04 . Memory (MB): peak = 183.063 ; gain = 125.441
INFO: [SYSC 207-301] Generating SystemC RTL for parseEvents.
INFO: [VHDL 208-304] Generating VHDL RTL for parseEvents.
INFO: [VLOG 209-307] Generating Verilog RTL for parseEvents.
INFO: [HLS 200-112] Total elapsed time: 63.889 seconds; peak allocated memory: 119.563 MB.
