INFO: [HLS 200-0] Workspace E:/xfOpenCV/hls_2018_1/abmofParseEvents_SmallBitWidth/solution1 opened at Sat Sep 08 14:13:21 +0200 2018
Execute     config_clock -quiet -name default -period 10 -default=false 
INFO: [SYN 201-201] Setting up clock 'default' with a period of 10ns.
Command     config_clock returned 0; 0.014 sec.
Execute     config_clock -quiet -name default -uncertainty 0.1 
INFO: [SYN 201-201] Setting up clock 'default' with an uncertainty of 0.1ns.
Command     config_clock returned 0; 0 sec.
Execute     open_platform DefaultPlatform 
Command     open_platform returned 0; 0.001 sec.
Execute     import_lib D:/Xilinx/Vivado/2018.1/common/technology/xilinx/zynq/zynq 
Execute       source D:/Xilinx/Vivado/2018.1/common/technology/xilinx/common/xilinx.lib 
Execute         source D:/Xilinx/Vivado/2018.1/common/technology/xilinx/interface/xilinx_interface.lib 
Execute           source D:/Xilinx/Vivado/2018.1/common/technology/xilinx/interface/plb46.lib 
Command           ap_source returned 0; 0.001 sec.
Execute           source D:/Xilinx/Vivado/2018.1/common/technology/xilinx/interface/fsl.lib 
Command           ap_source returned 0; 0 sec.
Execute           source D:/Xilinx/Vivado/2018.1/common/technology/xilinx/interface/axi4.lib 
Command           ap_source returned 0; 0 sec.
Execute           source D:/Xilinx/Vivado/2018.1/common/technology/xilinx/interface/maxi.lib 
Command           ap_source returned 0; 0.001 sec.
Execute           source D:/Xilinx/Vivado/2018.1/common/technology/xilinx/interface/saxilite.lib 
Command           ap_source returned 0; 0 sec.
Command         ap_source returned 0; 0.012 sec.
Execute         source D:/Xilinx/Vivado/2018.1/common/technology/xilinx/common/dsp48.lib 
Command         ap_source returned 0; 0.001 sec.
Execute         source D:/Xilinx/Vivado/2018.1/common/technology/xilinx/ip/dds_compiler.lib 
Command         ap_source returned 0; 0 sec.
Execute         source D:/Xilinx/Vivado/2018.1/common/technology/xilinx/ip/xfft.lib 
Command         ap_source returned 0; 0.001 sec.
Execute         source D:/Xilinx/Vivado/2018.1/common/technology/xilinx/ip/xfir.lib 
Command         ap_source returned 0; 0 sec.
Command       ap_source returned 0; 0.035 sec.
Execute       source D:/Xilinx/Vivado/2018.1/common/technology/xilinx/common/xilinx_old.lib 
Command       ap_source returned 0; 0.003 sec.
Execute       source D:/Xilinx/Vivado/2018.1/common/technology/xilinx/common/xilinx_vivado.lib 
Command       ap_source returned 0; 0.002 sec.
Execute       source D:/Xilinx/Vivado/2018.1/common/technology/xilinx/common/xilinx.hlp 
Execute         source D:/Xilinx/Vivado/2018.1/common/technology/xilinx/common/target_info.tcl 
Command         ap_source returned 0; 0.011 sec.
Execute         source D:/Xilinx/Vivado/2018.1/common/technology/xilinx/interface/xilinx_interface.hlp 
Execute           source D:/Xilinx/Vivado/2018.1/common/technology/xilinx/interface/maxi.hlp 
Command           ap_source returned 0; 0.008 sec.
Execute           source D:/Xilinx/Vivado/2018.1/common/technology/xilinx/interface/saxilite.hlp 
Command           ap_source returned 0; 0.002 sec.
Command         ap_source returned 0; 0.012 sec.
Execute         source D:/Xilinx/Vivado/2018.1/common/technology/xilinx/common/dsp48.hlp 
Command         ap_source returned 0; 0.012 sec.
Command       ap_source returned 0; 0.039 sec.
Execute       source D:/Xilinx/Vivado/2018.1/common/technology/xilinx/zynq/dsp48e1.hlp 
Command       ap_source returned 0; 0.013 sec.
Execute       get_default_platform 
Command       get_default_platform returned 0; 0 sec.
Execute       config_chip_info -quiet -resource  {SLICE 13300}  {LUT 53200}     {FF 106400} {DSP48E 220}   {BRAM 280}  
Command       config_chip_info returned 0; 0 sec.
Execute       config_chip_info -quiet -speed medium 
Command       config_chip_info returned 0; 0 sec.
Execute       source D:/Xilinx/Vivado/2018.1/common/technology/xilinx/common/xilinx.hlp 
Execute         source D:/Xilinx/Vivado/2018.1/common/technology/xilinx/common/target_info.tcl 
Command         ap_source returned 0; 0.001 sec.
Execute         source D:/Xilinx/Vivado/2018.1/common/technology/xilinx/interface/xilinx_interface.hlp 
Execute           source D:/Xilinx/Vivado/2018.1/common/technology/xilinx/interface/maxi.hlp 
Command           ap_source returned 0; 0 sec.
Execute           source D:/Xilinx/Vivado/2018.1/common/technology/xilinx/interface/saxilite.hlp 
Command           ap_source returned 0; 0.001 sec.
Command         ap_source returned 0; 0.001 sec.
Execute         source D:/Xilinx/Vivado/2018.1/common/technology/xilinx/common/dsp48.hlp 
Command         ap_source returned 0; 0.001 sec.
Command       ap_source returned 0; 0.004 sec.
Command     import_lib returned 0; 0.11 sec.
Execute     source D:/Xilinx/Vivado/2018.1/common/technology/xilinx/zynq/zynq.gen 
Execute       source D:/Xilinx/Vivado/2018.1/common/technology/xilinx/common/virtex.gen 
Execute         source D:/Xilinx/Vivado/2018.1/common/technology/xilinx/common/xilinx.gen 
Execute           source D:/Xilinx/Vivado/2018.1/common/technology/xilinx/interface/plb46.gen 
Command           ap_source returned 0; 0.007 sec.
Execute           source D:/Xilinx/Vivado/2018.1/common/technology/xilinx/interface/fsl.gen 
Command           ap_source returned 0; 0.002 sec.
Execute           source D:/Xilinx/Vivado/2018.1/common/technology/xilinx/interface/axi4.gen 
Command           ap_source returned 0; 0.002 sec.
Execute           source D:/Xilinx/Vivado/2018.1/common/technology/xilinx/interface/nativeAXI4.gen 
Execute             source D:/Xilinx/Vivado/2018.1/common/technology/xilinx/interface/saxilite.gen 
Command             ap_source returned 0; 0.005 sec.
Execute             source D:/Xilinx/Vivado/2018.1/common/technology/xilinx/interface/maxi.gen 
Command             ap_source returned 0; 0.007 sec.
Command           ap_source returned 0; 0.012 sec.
Execute           source D:/Xilinx/Vivado/2018.1/common/technology/xilinx/scripts/xilinxcoregen.gen 
Command           ap_source returned 0; 0.01 sec.
Execute           source D:/Xilinx/Vivado/2018.1/common/technology/xilinx/interface/XilEDKCoreGen.gen 
Command           ap_source returned 0; 0.008 sec.
Execute           source D:/Xilinx/Vivado/2018.1/common/technology/xilinx/ip/dds_compiler.gen 
Command           ap_source returned 0; 0.004 sec.
Execute           source D:/Xilinx/Vivado/2018.1/common/technology/xilinx/ip/util.gen 
Command           ap_source returned 0; 0.001 sec.
Execute           source D:/Xilinx/Vivado/2018.1/common/technology/xilinx/ip/xfft.gen 
Command           ap_source returned 0; 0.076 sec.
Execute           source D:/Xilinx/Vivado/2018.1/common/technology/xilinx/ip/xfir.gen 
Command           ap_source returned 0; 0.002 sec.
Command         ap_source returned 0; 0.124 sec.
Execute         source D:/Xilinx/Vivado/2018.1/common/technology/xilinx/common/dsp48.gen 
Command         ap_source returned 0; 0.001 sec.
Command       ap_source returned 0; 0.132 sec.
Command     ap_source returned 0; 0.132 sec.
Execute     open_platform DefaultPlatform 
Command     open_platform returned 0; 0 sec.
Execute     import_lib D:/Xilinx/Vivado/2018.1/common/technology/xilinx/zynq/zynq_fpv6 
Execute       source D:/Xilinx/Vivado/2018.1/common/technology/xilinx/common/xilinx_fpv7.lib 
Execute         source D:/Xilinx/Vivado/2018.1/common/technology/xilinx/common/xilinx_hp.lib 
Command         ap_source returned 0; 0.001 sec.
Command       ap_source returned 0; 0.004 sec.
Execute       source D:/Xilinx/Vivado/2018.1/common/technology/xilinx/common/xilinx_fpv.hlp 
Execute         source D:/Xilinx/Vivado/2018.1/common/technology/xilinx/common/xilinx.hlp 
Execute           source D:/Xilinx/Vivado/2018.1/common/technology/xilinx/common/target_info.tcl 
Command           ap_source returned 0; 0.027 sec.
Execute           source D:/Xilinx/Vivado/2018.1/common/technology/xilinx/interface/xilinx_interface.hlp 
Execute             source D:/Xilinx/Vivado/2018.1/common/technology/xilinx/interface/maxi.hlp 
Command             ap_source returned 0; 0 sec.
Execute             source D:/Xilinx/Vivado/2018.1/common/technology/xilinx/interface/saxilite.hlp 
Command             ap_source returned 0; 0 sec.
Command           ap_source returned 0; 0.001 sec.
Execute           source D:/Xilinx/Vivado/2018.1/common/technology/xilinx/common/dsp48.hlp 
Command           ap_source returned 0; 0.001 sec.
Command         ap_source returned 0; 0.03 sec.
Command       ap_source returned 0; 0.033 sec.
Execute       source D:/Xilinx/Vivado/2018.1/common/technology/xilinx/zynq/zynq_hp.hlp 
Command       ap_source returned 0; 0.004 sec.
Command     import_lib returned 0; 0.054 sec.
Execute     source D:/Xilinx/Vivado/2018.1/common/technology/xilinx/zynq/zynq_fpv6.gen 
Execute       source D:/Xilinx/Vivado/2018.1/common/technology/xilinx/common/xilinx_fpv6.gen 
Command       ap_source returned 0; 0.003 sec.
Command     ap_source returned 0; 0.003 sec.
Execute     set_part xc7z007sclg225-1 
Execute       add_library xilinx/zynq/zynq:xc7z007s:clg225:-1 
Execute         get_default_platform 
Command         get_default_platform returned 0; 0 sec.
Execute         license_isbetapart xc7z007s 
Command         license_isbetapart returned 1; 0.009 sec.
Execute         get_default_platform 
Command         get_default_platform returned 0; 0 sec.
Execute         config_chip_info -quiet -resource  {SLICE 3600}   {LUT 14400}     {FF 28800}  {DSP48E 66}    {BRAM 100}  
Command         config_chip_info returned 0; 0.001 sec.
Execute         config_chip_info -quiet -speed slow 
Command         config_chip_info returned 0; 0 sec.
Command       add_library returned 0; 0.013 sec.
Execute       add_library xilinx/zynq/zynq_fpv6 
Execute         get_default_platform 
Command         get_default_platform returned 0; 0 sec.
Command       add_library returned 0; 0.002 sec.
INFO: [HLS 200-10] Setting target device to 'xc7z007sclg225-1'
Execute       get_default_platform 
Command       get_default_platform returned 0; 0 sec.
Command     set_part returned 0; 0.085 sec.
Execute     get_default_platform 
Command     get_default_platform returned 0; 0 sec.
Execute     config_chip_info -quiet -resource  {SLICE 3600}   {LUT 14400}     {FF 28800}  {DSP48E 66}    {BRAM 100}  
Command     config_chip_info returned 0; 0 sec.
Execute     config_chip_info -quiet -speed slow 
Command     config_chip_info returned 0; 0 sec.
Command   open_solution returned 0; 0.489 sec.
Execute   set_part xc7z007sclg225-1 -tool vivado 
Execute     add_library xilinx/zynq/zynq:xc7z007s:clg225:-1 
Execute       get_default_platform 
Command       get_default_platform returned 0; 0 sec.
Execute       license_isbetapart xc7z007s 
Command       license_isbetapart returned 1; 0 sec.
Execute       get_default_platform 
Command       get_default_platform returned 0; 0 sec.
Execute       config_chip_info -quiet -resource  {SLICE 3600}   {LUT 14400}     {FF 28800}  {DSP48E 66}    {BRAM 100}  
Command       config_chip_info returned 0; 0 sec.
Execute       config_chip_info -quiet -speed slow 
Command       config_chip_info returned 0; 0 sec.
Command     add_library returned 0; 0.004 sec.
Execute     add_library xilinx/zynq/zynq_fpv6 
Execute       get_default_platform 
Command       get_default_platform returned 0; 0 sec.
Command     add_library returned 0; 0.002 sec.
Execute     get_default_platform 
Command     get_default_platform returned 0; 0 sec.
Command   set_part returned 0; 0.033 sec.
Execute   create_clock -period 10 -name default 
Execute     config_clock -quiet -name default -period 10 -default=false 
INFO: [SYN 201-201] Setting up clock 'default' with a period of 10ns.
Command     config_clock returned 0; 0 sec.
Command   create_clock returned 0; 0.003 sec.
Execute   set_clock_uncertainty 0.1 
Command   set_clock_uncertainty returned 0; 0.002 sec.
Execute   source ./abmofParseEvents_SmallBitWidth/solution1/directives.tcl 
Execute     set_directive_array_partition -type cyclic -factor 16 -dim 1 parseEvents glPLSlice0 
INFO: [HLS 200-0] Setting directive 'ARRAY_PARTITION' partition=positionBooleanCmd variable=positionBooleanTextRequiredglPLSlice0 cyclic=positionBoolean0type factor=16 dim=1 
Command     set_directive_array_partition returned 0; 0.003 sec.
Execute     set_directive_array_partition -type cyclic -factor 16 -dim 1 parseEvents glPLSlice1 
INFO: [HLS 200-0] Setting directive 'ARRAY_PARTITION' partition=positionBooleanCmd variable=positionBooleanTextRequiredglPLSlice0 cyclic=positionBoolean0type factor=16 dim=1 
INFO: [HLS 200-0] Setting directive 'ARRAY_PARTITION' partition=positionBooleanCmd variable=positionBooleanTextRequiredglPLSlice1 cyclic=positionBoolean0type factor=16 dim=1 
Command     set_directive_array_partition returned 0; 0.029 sec.
Execute     set_directive_array_partition -type cyclic -factor 16 -dim 1 parseEvents glPLSlice2 
INFO: [HLS 200-0] Setting directive 'ARRAY_PARTITION' partition=positionBooleanCmd variable=positionBooleanTextRequiredglPLSlice0 cyclic=positionBoolean0type factor=16 dim=1 
INFO: [HLS 200-0] Setting directive 'ARRAY_PARTITION' partition=positionBooleanCmd variable=positionBooleanTextRequiredglPLSlice1 cyclic=positionBoolean0type factor=16 dim=1 
INFO: [HLS 200-0] Setting directive 'ARRAY_PARTITION' partition=positionBooleanCmd variable=positionBooleanTextRequiredglPLSlice2 cyclic=positionBoolean0type factor=16 dim=1 
Command     set_directive_array_partition returned 0; 0.02 sec.
Execute     set_directive_interface -mode ap_fifo parseEvents data 
INFO: [HLS 200-0] Setting directive 'ARRAY_PARTITION' partition=positionBooleanCmd variable=positionBooleanTextRequiredglPLSlice0 cyclic=positionBoolean0type factor=16 dim=1 
INFO: [HLS 200-0] Setting directive 'ARRAY_PARTITION' partition=positionBooleanCmd variable=positionBooleanTextRequiredglPLSlice1 cyclic=positionBoolean0type factor=16 dim=1 
INFO: [HLS 200-0] Setting directive 'ARRAY_PARTITION' partition=positionBooleanCmd variable=positionBooleanTextRequiredglPLSlice2 cyclic=positionBoolean0type factor=16 dim=1 
INFO: [HLS 200-0] Setting directive 'INTERFACE' ap_fifo=positionBoolean0mode port=positionBooleanTextRequireddata 
Command     set_directive_interface returned 0; 0.019 sec.
Execute     set_directive_interface -mode ap_fifo parseEvents eventSlice 
INFO: [HLS 200-0] Setting directive 'ARRAY_PARTITION' partition=positionBooleanCmd variable=positionBooleanTextRequiredglPLSlice0 cyclic=positionBoolean0type factor=16 dim=1 
INFO: [HLS 200-0] Setting directive 'ARRAY_PARTITION' partition=positionBooleanCmd variable=positionBooleanTextRequiredglPLSlice1 cyclic=positionBoolean0type factor=16 dim=1 
INFO: [HLS 200-0] Setting directive 'ARRAY_PARTITION' partition=positionBooleanCmd variable=positionBooleanTextRequiredglPLSlice2 cyclic=positionBoolean0type factor=16 dim=1 
INFO: [HLS 200-0] Setting directive 'INTERFACE' ap_fifo=positionBoolean0mode port=positionBooleanTextRequireddata 
INFO: [HLS 200-0] Setting directive 'INTERFACE' ap_fifo=positionBoolean0mode port=positionBooleanTextRequiredeventSlice 
Command     set_directive_interface returned 0; 0.015 sec.
Execute     set_directive_resource -core RAM_T2P_BRAM parseEvents glPLSlice0 
INFO: [HLS 200-0] Setting directive 'ARRAY_PARTITION' partition=positionBooleanCmd variable=positionBooleanTextRequiredglPLSlice0 cyclic=positionBoolean0type factor=16 dim=1 
INFO: [HLS 200-0] Setting directive 'ARRAY_PARTITION' partition=positionBooleanCmd variable=positionBooleanTextRequiredglPLSlice1 cyclic=positionBoolean0type factor=16 dim=1 
INFO: [HLS 200-0] Setting directive 'ARRAY_PARTITION' partition=positionBooleanCmd variable=positionBooleanTextRequiredglPLSlice2 cyclic=positionBoolean0type factor=16 dim=1 
INFO: [HLS 200-0] Setting directive 'INTERFACE' ap_fifo=positionBoolean0mode port=positionBooleanTextRequireddata 
INFO: [HLS 200-0] Setting directive 'INTERFACE' ap_fifo=positionBoolean0mode port=positionBooleanTextRequiredeventSlice 
INFO: [HLS 200-0] Setting directive 'RESOURCE' variable=positionBooleanTextRequiredglPLSlice0 core=RAM_T2P_BRAM 
Command     set_directive_resource returned 0; 0.019 sec.
Execute     set_directive_resource -core RAM_T2P_BRAM parseEvents glPLSlice1 
INFO: [HLS 200-0] Setting directive 'ARRAY_PARTITION' partition=positionBooleanCmd variable=positionBooleanTextRequiredglPLSlice0 cyclic=positionBoolean0type factor=16 dim=1 
INFO: [HLS 200-0] Setting directive 'ARRAY_PARTITION' partition=positionBooleanCmd variable=positionBooleanTextRequiredglPLSlice1 cyclic=positionBoolean0type factor=16 dim=1 
INFO: [HLS 200-0] Setting directive 'ARRAY_PARTITION' partition=positionBooleanCmd variable=positionBooleanTextRequiredglPLSlice2 cyclic=positionBoolean0type factor=16 dim=1 
INFO: [HLS 200-0] Setting directive 'INTERFACE' ap_fifo=positionBoolean0mode port=positionBooleanTextRequireddata 
INFO: [HLS 200-0] Setting directive 'INTERFACE' ap_fifo=positionBoolean0mode port=positionBooleanTextRequiredeventSlice 
INFO: [HLS 200-0] Setting directive 'RESOURCE' variable=positionBooleanTextRequiredglPLSlice0 core=RAM_T2P_BRAM 
INFO: [HLS 200-0] Setting directive 'RESOURCE' variable=positionBooleanTextRequiredglPLSlice1 core=RAM_T2P_BRAM 
Command     set_directive_resource returned 0; 0.015 sec.
Execute     set_directive_resource -core RAM_T2P_BRAM parseEvents glPLSlice2 
INFO: [HLS 200-0] Setting directive 'ARRAY_PARTITION' partition=positionBooleanCmd variable=positionBooleanTextRequiredglPLSlice0 cyclic=positionBoolean0type factor=16 dim=1 
INFO: [HLS 200-0] Setting directive 'ARRAY_PARTITION' partition=positionBooleanCmd variable=positionBooleanTextRequiredglPLSlice1 cyclic=positionBoolean0type factor=16 dim=1 
INFO: [HLS 200-0] Setting directive 'ARRAY_PARTITION' partition=positionBooleanCmd variable=positionBooleanTextRequiredglPLSlice2 cyclic=positionBoolean0type factor=16 dim=1 
INFO: [HLS 200-0] Setting directive 'INTERFACE' ap_fifo=positionBoolean0mode port=positionBooleanTextRequireddata 
INFO: [HLS 200-0] Setting directive 'INTERFACE' ap_fifo=positionBoolean0mode port=positionBooleanTextRequiredeventSlice 
INFO: [HLS 200-0] Setting directive 'RESOURCE' variable=positionBooleanTextRequiredglPLSlice0 core=RAM_T2P_BRAM 
INFO: [HLS 200-0] Setting directive 'RESOURCE' variable=positionBooleanTextRequiredglPLSlice1 core=RAM_T2P_BRAM 
INFO: [HLS 200-0] Setting directive 'RESOURCE' variable=positionBooleanTextRequiredglPLSlice2 core=RAM_T2P_BRAM 
Command     set_directive_resource returned 0; 0.027 sec.
Execute     set_directive_pipeline parseEvents/loop_1 
INFO: [HLS 200-0] Setting directive 'ARRAY_PARTITION' partition=positionBooleanCmd variable=positionBooleanTextRequiredglPLSlice0 cyclic=positionBoolean0type factor=16 dim=1 
INFO: [HLS 200-0] Setting directive 'ARRAY_PARTITION' partition=positionBooleanCmd variable=positionBooleanTextRequiredglPLSlice1 cyclic=positionBoolean0type factor=16 dim=1 
INFO: [HLS 200-0] Setting directive 'ARRAY_PARTITION' partition=positionBooleanCmd variable=positionBooleanTextRequiredglPLSlice2 cyclic=positionBoolean0type factor=16 dim=1 
INFO: [HLS 200-0] Setting directive 'INTERFACE' ap_fifo=positionBoolean0mode port=positionBooleanTextRequireddata 
INFO: [HLS 200-0] Setting directive 'INTERFACE' ap_fifo=positionBoolean0mode port=positionBooleanTextRequiredeventSlice 
INFO: [HLS 200-0] Setting directive 'RESOURCE' variable=positionBooleanTextRequiredglPLSlice0 core=RAM_T2P_BRAM 
INFO: [HLS 200-0] Setting directive 'RESOURCE' variable=positionBooleanTextRequiredglPLSlice1 core=RAM_T2P_BRAM 
INFO: [HLS 200-0] Setting directive 'RESOURCE' variable=positionBooleanTextRequiredglPLSlice2 core=RAM_T2P_BRAM 
INFO: [HLS 200-0] Setting directive 'PIPELINE' 
Command     set_directive_pipeline returned 0; 0.022 sec.
Command   ap_source returned 0; 0.17 sec.
Execute   csynth_design 
Execute     elaborate -effort=medium -skip_syncheck=0 -keep_printf=0 -lm=0 -skip_cdt=0 -skip_transform=0 -ng=0 -g=0 -opt_fp=0 -enable_clang39=0 
INFO: [HLS 200-10] Analyzing design file 'abmofParseEvents_SmallBitWidth/src/abmof_hw_accel.cpp' ...
INFO: [HLS 200-0] Compiling one TU...
Execute       is_m_axi_addr64 
Command       is_m_axi_addr64 returned 0; 0 sec.
INFO: [HLS 200-0] Handling abmofParseEvents_SmallBitWidth/src/abmof_hw_accel.cpp as C++
Execute       get_default_platform 
Command       get_default_platform returned 0; 0 sec.
Execute       is_encrypted abmofParseEvents_SmallBitWidth/src/abmof_hw_accel.cpp 
Command       is_encrypted returned 0; 0 sec.
Execute       get_default_platform 
Command       get_default_platform returned 0; 0 sec.
INFO: [HLS 200-0] Source preprocessing
Execute       clang  -fno-limit-debug-info -gcc-toolchain "D:/Xilinx/Vivado/2018.1/msys" -hls  -fno-exceptions  -D__llvm__  -E "abmofParseEvents_SmallBitWidth/src/abmof_hw_accel.cpp"     -fno-math-errno -c -emit-llvm -O0  -mllvm -disable-llvm-optzns -fno-threadsafe-statics  -fno-use-cxa-atexit  -fno-threadsafe-statics -fno-use-cxa-atexit -D__CLANG_3_1__ -D__cdecl= -DAESL_SYN -D__SYNTHESIS__ -D__HLS_SYN__ -I "D:/Xilinx/Vivado/2018.1/common/technology/autopilot" -I "D:/Xilinx/Vivado/2018.1/common/technology/autopilot/ap_sysc" -include etc/autopilot_ssdm_op.h -D__DSP48E1__  -o "E:/xfOpenCV/hls_2018_1/abmofParseEvents_SmallBitWidth/solution1/.autopilot/db/abmof_hw_accel.pp.0.cpp" 
INFO: [HLS 200-0] exec clang -fno-limit-debug-info -gcc-toolchain D:/Xilinx/Vivado/2018.1/msys -hls -fno-exceptions -D__llvm__ -E abmofParseEvents_SmallBitWidth/src/abmof_hw_accel.cpp -fno-math-errno -c -emit-llvm -O0 -mllvm -disable-llvm-optzns -fno-threadsafe-statics -fno-use-cxa-atexit -fno-threadsafe-statics -fno-use-cxa-atexit -D__CLANG_3_1__ -D__cdecl= -DAESL_SYN -D__SYNTHESIS__ -D__HLS_SYN__ -I D:/Xilinx/Vivado/2018.1/common/technology/autopilot -I D:/Xilinx/Vivado/2018.1/common/technology/autopilot/ap_sysc -include etc/autopilot_ssdm_op.h -D__DSP48E1__ -o E:/xfOpenCV/hls_2018_1/abmofParseEvents_SmallBitWidth/solution1/.autopilot/db/abmof_hw_accel.pp.0.cpp
Command       clang returned 0; 3.311 sec.
INFO: [HLS 200-0] Syntax Checking before pre-processing...
Execute       clang  -fno-limit-debug-info -gcc-toolchain "D:/Xilinx/Vivado/2018.1/msys" -hls    -fno-math-errno -c -emit-llvm -O0  -mllvm -disable-llvm-optzns -fno-threadsafe-statics  -fno-use-cxa-atexit  -fno-threadsafe-statics -fno-use-cxa-atexit -D__CLANG_3_1__ -D__cdecl= -DAESL_SYN -D__SYNTHESIS__ -D__HLS_SYN__ -I "D:/Xilinx/Vivado/2018.1/common/technology/autopilot" -I "D:/Xilinx/Vivado/2018.1/common/technology/autopilot/ap_sysc" -include etc/autopilot_ssdm_op.h -D__DSP48E1__  "E:/xfOpenCV/hls_2018_1/abmofParseEvents_SmallBitWidth/solution1/.autopilot/db/abmof_hw_accel.pp.0.cpp"  -o "E:/xfOpenCV/hls_2018_1/abmofParseEvents_SmallBitWidth/solution1/.autopilot/db/useless.bc"  
INFO: [HLS 200-0] exec clang -fno-limit-debug-info -gcc-toolchain D:/Xilinx/Vivado/2018.1/msys -hls -fno-math-errno -c -emit-llvm -O0 -mllvm -disable-llvm-optzns -fno-threadsafe-statics -fno-use-cxa-atexit -fno-threadsafe-statics -fno-use-cxa-atexit -D__CLANG_3_1__ -D__cdecl= -DAESL_SYN -D__SYNTHESIS__ -D__HLS_SYN__ -I D:/Xilinx/Vivado/2018.1/common/technology/autopilot -I D:/Xilinx/Vivado/2018.1/common/technology/autopilot/ap_sysc -include etc/autopilot_ssdm_op.h -D__DSP48E1__ E:/xfOpenCV/hls_2018_1/abmofParseEvents_SmallBitWidth/solution1/.autopilot/db/abmof_hw_accel.pp.0.cpp -o E:/xfOpenCV/hls_2018_1/abmofParseEvents_SmallBitWidth/solution1/.autopilot/db/useless.bc
Command       clang returned 0; 1.246 sec.
INFO: [HLS 200-0] GCC PP time: 4 seconds per iteration
INFO: [HLS 200-0] Setting directive 'ARRAY_PARTITION' partition=positionBooleanCmd variable=positionBooleanTextRequiredglPLSlice0 cyclic=positionBoolean0type factor=16 dim=1 
INFO: [HLS 200-0] Setting directive 'ARRAY_PARTITION' partition=positionBooleanCmd variable=positionBooleanTextRequiredglPLSlice1 cyclic=positionBoolean0type factor=16 dim=1 
INFO: [HLS 200-0] Setting directive 'ARRAY_PARTITION' partition=positionBooleanCmd variable=positionBooleanTextRequiredglPLSlice2 cyclic=positionBoolean0type factor=16 dim=1 
INFO: [HLS 200-0] Setting directive 'INTERFACE' ap_fifo=positionBoolean0mode port=positionBooleanTextRequireddata 
INFO: [HLS 200-0] Setting directive 'INTERFACE' ap_fifo=positionBoolean0mode port=positionBooleanTextRequiredeventSlice 
INFO: [HLS 200-0] Setting directive 'RESOURCE' variable=positionBooleanTextRequiredglPLSlice0 core=RAM_T2P_BRAM 
INFO: [HLS 200-0] Setting directive 'RESOURCE' variable=positionBooleanTextRequiredglPLSlice1 core=RAM_T2P_BRAM 
INFO: [HLS 200-0] Setting directive 'RESOURCE' variable=positionBooleanTextRequiredglPLSlice2 core=RAM_T2P_BRAM 
INFO: [HLS 200-0] Setting directive 'PIPELINE' 
Execute       list_core -type functional_unit 
Command       list_core returned 0; 0 sec.
INFO: [HLS 200-0] CDT Preprocessing...
INFO: [HLS 200-0] Marker-Pragma convertor: E:/xfOpenCV/hls_2018_1/abmofParseEvents_SmallBitWidth/solution1/.autopilot/db/abmof_hw_accel.pp.0.cpp E:/xfOpenCV/hls_2018_1/abmofParseEvents_SmallBitWidth/solution1/.autopilot/db/abmof_hw_accel.pp.0.cpp.ap-line.cpp E:/xfOpenCV/hls_2018_1/abmofParseEvents_SmallBitWidth/solution1/.autopilot/db/abmof_hw_accel.pp.0.cpp.ap-line.cpp.CXX 1
INFO: [HLS 200-0] Converting Markers to Pragmas...
Execute       cdt  "E:/xfOpenCV/hls_2018_1/abmofParseEvents_SmallBitWidth/solution1/.autopilot/db/abmof_hw_accel.pp.0.cpp.ap-line.cpp"  -m "parseEvents" -o "E:/xfOpenCV/hls_2018_1/abmofParseEvents_SmallBitWidth/solution1/.autopilot/db/abmof_hw_accel.pp.0.cpp.ap-cdt.cpp" --pp --directive E:/xfOpenCV/hls_2018_1/abmofParseEvents_SmallBitWidth/solution1/solution1.directive --source E:/xfOpenCV/hls_2018_1/abmofParseEvents_SmallBitWidth/src/abmof_hw_accel.cpp --error E:/xfOpenCV/hls_2018_1/abmofParseEvents_SmallBitWidth/solution1/.autopilot/db --funcunit "AddSub AddSub_DSP AddSubnS DAddSub_fulldsp DAddSub_nodsp DDiv DExp_fulldsp DExp_meddsp DExp_nodsp DLog_fulldsp DLog_meddsp DLog_nodsp DMul_fulldsp DMul_maxdsp DMul_meddsp DMul_nodsp DRSqrt DRecip DSP_Macro DSqrt DivnS FAddSub_fulldsp FAddSub_nodsp FDiv FExp_fulldsp FExp_meddsp FExp_nodsp FLog_fulldsp FLog_meddsp FLog_nodsp FMul_fulldsp FMul_maxdsp FMul_meddsp FMul_nodsp FRSqrt_fulldsp FRSqrt_nodsp FRecip_fulldsp FRecip_nodsp FSqrt HAddSub_fulldsp HAddSub_meddsp HAddSub_nodsp HDiv HMul_fulldsp HMul_maxdsp HMul_nodsp HSqrt Mul Mul2S Mul3S Mul4S Mul5S Mul6S Mul_LUT MulnS MuxnS" --ve --vetcl E:/xfOpenCV/hls_2018_1/abmofParseEvents_SmallBitWidth/solution1/.autopilot/db --ca --es --gf --pd --p2d E:/xfOpenCV/hls_2018_1/abmofParseEvents_SmallBitWidth/solution1/.autopilot/db --sd --scff E:/xfOpenCV/hls_2018_1/abmofParseEvents_SmallBitWidth/solution1/.autopilot/db/.systemc_flag --ad 
Command       cdt returned 0; 5.624 sec.
INFO: [HLS 200-0] Marker-Pragma convertor: E:/xfOpenCV/hls_2018_1/abmofParseEvents_SmallBitWidth/solution1/.autopilot/db/abmof_hw_accel.pp.0.cpp.ap-cdt.cpp E:/xfOpenCV/hls_2018_1/abmofParseEvents_SmallBitWidth/solution1/.autopilot/db/abmof_hw_accel.pragma.0.cpp E:/xfOpenCV/hls_2018_1/abmofParseEvents_SmallBitWidth/solution1/.autopilot/db/abmof_hw_accel.pragma.0.cpp.ap-line.CXX 0
INFO: [HLS 200-0] Converting Pragmas to Markers...
Execute       source E:/xfOpenCV/hls_2018_1/abmofParseEvents_SmallBitWidth/solution1/.autopilot/db/pragma.status.tcl 
Command       ap_source returned 0; 0.002 sec.
INFO: [HLS 200-0] Pragma Handling...
INFO: [HLS 200-0] Source preprocessing
Execute       clang  -fno-limit-debug-info -gcc-toolchain "D:/Xilinx/Vivado/2018.1/msys" -hls  -fno-exceptions  -D__llvm__  -E "E:/xfOpenCV/hls_2018_1/abmofParseEvents_SmallBitWidth/solution1/.autopilot/db/abmof_hw_accel.pragma.1.cpp"     -fno-math-errno -c -emit-llvm -O0  -mllvm -disable-llvm-optzns -fno-threadsafe-statics  -fno-use-cxa-atexit  -fno-threadsafe-statics -fno-use-cxa-atexit -D__CLANG_3_1__ -D__cdecl= -DAESL_SYN -D__SYNTHESIS__ -D__HLS_SYN__ -I "D:/Xilinx/Vivado/2018.1/common/technology/autopilot" -I "D:/Xilinx/Vivado/2018.1/common/technology/autopilot/ap_sysc" -include etc/autopilot_ssdm_op.h -D__DSP48E1__  -o "E:/xfOpenCV/hls_2018_1/abmofParseEvents_SmallBitWidth/solution1/.autopilot/db/abmof_hw_accel.pragma.2.cpp" 
INFO: [HLS 200-0] exec clang -fno-limit-debug-info -gcc-toolchain D:/Xilinx/Vivado/2018.1/msys -hls -fno-exceptions -D__llvm__ -E E:/xfOpenCV/hls_2018_1/abmofParseEvents_SmallBitWidth/solution1/.autopilot/db/abmof_hw_accel.pragma.1.cpp -fno-math-errno -c -emit-llvm -O0 -mllvm -disable-llvm-optzns -fno-threadsafe-statics -fno-use-cxa-atexit -fno-threadsafe-statics -fno-use-cxa-atexit -D__CLANG_3_1__ -D__cdecl= -DAESL_SYN -D__SYNTHESIS__ -D__HLS_SYN__ -I D:/Xilinx/Vivado/2018.1/common/technology/autopilot -I D:/Xilinx/Vivado/2018.1/common/technology/autopilot/ap_sysc -include etc/autopilot_ssdm_op.h -D__DSP48E1__ -o E:/xfOpenCV/hls_2018_1/abmofParseEvents_SmallBitWidth/solution1/.autopilot/db/abmof_hw_accel.pragma.2.cpp
Command       clang returned 0; 0.782 sec.
Execute       get_default_platform 
Command       get_default_platform returned 0; 0 sec.
INFO: [HLS 200-0] Processing labels
Execute       clang  -fno-limit-debug-info -gcc-toolchain D:/Xilinx/Vivado/2018.1/msys -hls -hls-analyze-label -hls-analyze-pragma -fno-exceptions  -D__llvm__  -w  "E:/xfOpenCV/hls_2018_1/abmofParseEvents_SmallBitWidth/solution1/.autopilot/db/abmof_hw_accel.pragma.2.cpp"    -fno-math-errno -c -emit-llvm -O0  -mllvm -disable-llvm-optzns -fno-threadsafe-statics  -fno-use-cxa-atexit -DAESL_SYN -D__SYNTHESIS__ -D__HLS_SYN__ -I "D:/Xilinx/Vivado/2018.1/common/technology/autopilot" -I "D:/Xilinx/Vivado/2018.1/common/technology/autopilot/ap_sysc" -include etc/autopilot_ssdm_op.h -D__DSP48E1__ -g -o "E:/xfOpenCV/hls_2018_1/abmofParseEvents_SmallBitWidth/solution1/.autopilot/db/abmof_hw_accel.g.bc" 
INFO: [HLS 200-0] exec clang -fno-limit-debug-info -gcc-toolchain D:/Xilinx/Vivado/2018.1/msys -hls -hls-analyze-label -hls-analyze-pragma -fno-exceptions -D__llvm__ -w E:/xfOpenCV/hls_2018_1/abmofParseEvents_SmallBitWidth/solution1/.autopilot/db/abmof_hw_accel.pragma.2.cpp -fno-math-errno -c -emit-llvm -O0 -mllvm -disable-llvm-optzns -fno-threadsafe-statics -fno-use-cxa-atexit -DAESL_SYN -D__SYNTHESIS__ -D__HLS_SYN__ -I D:/Xilinx/Vivado/2018.1/common/technology/autopilot -I D:/Xilinx/Vivado/2018.1/common/technology/autopilot/ap_sysc -include etc/autopilot_ssdm_op.h -D__DSP48E1__ -g -o E:/xfOpenCV/hls_2018_1/abmofParseEvents_SmallBitWidth/solution1/.autopilot/db/abmof_hw_accel.g.bc
Command       clang returned 0; 1.143 sec.
Execute       source E:/xfOpenCV/hls_2018_1/abmofParseEvents_SmallBitWidth/solution1/.autopilot/db/ve_warning.tcl 
Command       ap_source returned 0; 0.001 sec.
INFO: [HLS 200-10] Validating synthesis directives ...
Execute       source E:/xfOpenCV/hls_2018_1/abmofParseEvents_SmallBitWidth/solution1/.autopilot/db/pragma.status.tcl 
Command       ap_source returned 0; 0.002 sec.
INFO: [HLS 200-111] Finished Checking Pragmas Time (s): cpu = 00:00:02 ; elapsed = 00:00:15 . Memory (MB): peak = 103.367 ; gain = 45.574
INFO: [HLS 200-0] Linking Release ...
Execute       llvm-ld E:/xfOpenCV/hls_2018_1/abmofParseEvents_SmallBitWidth/solution1/.autopilot/db/abmof_hw_accel.bc -hls-opt -except-internalize parseEvents -LD:/Xilinx/Vivado/2018.1/win64/lib -lm_basic -lhlsmc++ -lhlsm -o E:/xfOpenCV/hls_2018_1/abmofParseEvents_SmallBitWidth/solution1/.autopilot/db/a.o 
Command       llvm-ld returned 0; 6.718 sec.
Execute       disassemble E:/xfOpenCV/hls_2018_1/abmofParseEvents_SmallBitWidth/solution1/.autopilot/db/a.o E:/xfOpenCV/hls_2018_1/abmofParseEvents_SmallBitWidth/solution1/.autopilot/db/a.o 
Execute         is_encrypted E:/xfOpenCV/hls_2018_1/abmofParseEvents_SmallBitWidth/solution1/.autopilot/db/a.o.bc 
Command         is_encrypted returned 0; 0.001 sec.
Command       disassemble returned 0; 1.002 sec.
INFO: [HLS 200-0] Disassemble time: 1 seconds per iteration
INFO: [HLS 200-0] Linking Debug ...
Execute       llvm-ld E:/xfOpenCV/hls_2018_1/abmofParseEvents_SmallBitWidth/solution1/.autopilot/db/abmof_hw_accel.g.bc -hls-opt -except-internalize parseEvents -LD:/Xilinx/Vivado/2018.1/win64/lib -lm_basic -lhlsmc++ -lhlsm -o E:/xfOpenCV/hls_2018_1/abmofParseEvents_SmallBitWidth/solution1/.autopilot/db/a.g 
Command       llvm-ld returned 0; 0.847 sec.
INFO: [HLS 200-0] Disassemble time: 0 seconds per iteration
INFO: [HLS 200-111] Finished Linking Time (s): cpu = 00:00:02 ; elapsed = 00:00:23 . Memory (MB): peak = 103.406 ; gain = 45.613
Execute       ::config_rtl 
Command       config_rtl returned 0; 0 sec.
Execute       opt_and_import_c a -opt_level=2 -skip_syncheck=0 -ng=0 -keep_printf=0 -enable_clang39=0 
Execute         cleanup_all_models 
Command         cleanup_all_models returned 0; 0 sec.
INFO: [HLS 200-10] Starting code transformations ...
Execute         transform -promote-dbg-pointer E:/xfOpenCV/hls_2018_1/abmofParseEvents_SmallBitWidth/solution1/.autopilot/db/a.pp.bc -o E:/xfOpenCV/hls_2018_1/abmofParseEvents_SmallBitWidth/solution1/.autopilot/db/a.pp.0.bc -f 
Command         transform returned 0; 0.04 sec.
Execute         llvm-ld E:/xfOpenCV/hls_2018_1/abmofParseEvents_SmallBitWidth/solution1/.autopilot/db/a.pp.0.bc -disable-opt -LD:/Xilinx/Vivado/2018.1/win64/lib -lfloatconversion -o E:/xfOpenCV/hls_2018_1/abmofParseEvents_SmallBitWidth/solution1/.autopilot/db/a.g.0 
Command         llvm-ld returned 0; 0.546 sec.
INFO: [HLS 200-0] Running Standard Transforms...
Execute         transform -hls -share-std-xform -demangle-name -inline-byval-memcpy -always-inline -promote-dbg-pointer -interface-preproc -scalarrepl -mem2reg -keep-read-access -instcombine -dce -promote-dbg-pointer -bitop-raise -loop-simplify -indvarspre -indvars -loop-simplify -xunroll -constprop -instcombine -simplifycfg -indvars -simplifycfg -dce -globaldce -basicaa -simplifycfg -mem2reg -globalopt -global-constprop -deadargelim -instcombine -simplifycfg -prune-eh -simplifycfg -scalarrepl -instcombine -reassociate -licm -simplifycfg -loop-simplify -indvars -instcombine -simplifycfg -mem2reg -loop-simplify -indvars -instcombine -gvn -gvn -instcombine -adce -break-crit-edges -simplifycfg -loop-delete -global-array-opt -dce -dse -adce -find-syn-modules -top parseEvents -deadargelim -mem2reg -instcombine -dce -presyn-prepare -auto-rom-infer -interface-preproc -syn-check -check-rec-only -find-region -simplifycfg -func-extr -function-inline -globaldce -mem2reg -instcombine -dce -gvn -globaldce -adce -adse -constprop -instcombine -bit-constprop -instcombine -dce -simplifycfg -bitop-raise -simplifycfg -dce -loop-delete -reassociate -globalopt -global-privatize -mem2reg -dce -global-constprop -pointer-simplify -constprop -dce -func-inst -deadargelim -auto-shift-reg-idiom -promote-dbg-pointer -norm-name E:/xfOpenCV/hls_2018_1/abmofParseEvents_SmallBitWidth/solution1/.autopilot/db/a.g.0.bc -o E:/xfOpenCV/hls_2018_1/abmofParseEvents_SmallBitWidth/solution1/.autopilot/db/a.g.1.bc -f -phase std-opt 
Command         transform returned 0; 0.111 sec.
Execute         disassemble E:/xfOpenCV/hls_2018_1/abmofParseEvents_SmallBitWidth/solution1/.autopilot/db/a.g.1 E:/xfOpenCV/hls_2018_1/abmofParseEvents_SmallBitWidth/solution1/.autopilot/db/a.g.1 
Execute           is_encrypted E:/xfOpenCV/hls_2018_1/abmofParseEvents_SmallBitWidth/solution1/.autopilot/db/a.g.1.bc 
Command           is_encrypted returned 0; 0 sec.
Command         disassemble returned 0; 0.124 sec.
INFO: [HLS 200-111] Finished Standard Transforms Time (s): cpu = 00:00:02 ; elapsed = 00:00:24 . Memory (MB): peak = 119.770 ; gain = 61.977
INFO: [HLS 200-10] Checking synthesizability ...
INFO: [HLS 200-0] Checking Synthesizability 1/2..
Execute         transform -hls -syn-check -check-rec-only -disaggr -scalarrepl -norm-name -dce -mem2reg -instcombine -function-uniquify -directive-preproc -mem2reg -dse -dce -auto-rom-infer -dce -array-normalize -instcombine -dce -warn-fifo-pointer -array-seg-normalize -instcombine -dce -array-flatten -instcombine -dce -array-burst -dce -deadargelim -promote-global-argument -simplifycfg -mem2reg -globaldce -resolve-double-ptr -dce -deadargelim -dce -instcombine -function-inline -globaldce -dce -doublePtrSimplify -doublePtrElim -dce -doublePtrSimplify -promote-dbg-pointer -dce -scalarrepl -dse -adse -instcombine -ptrLegalization -simplifycfg -dce -instcombine -pointer-simplify -ptrArgReplace -dce -instcombine -disaggr -scalarrepl -norm-name -dce -mem2reg -instcombine -ptrLegalization -simplifycfg -deadargelim -instcombine -dce -inst-simplify -function-uniquify -directive-preproc -mem2reg -dse -dce -globaldce E:/xfOpenCV/hls_2018_1/abmofParseEvents_SmallBitWidth/solution1/.autopilot/db/a.g.1.bc -o E:/xfOpenCV/hls_2018_1/abmofParseEvents_SmallBitWidth/solution1/.autopilot/db/a.g.2.prechk.bc -f 
Command         transform returned 0; 0.071 sec.
INFO: [HLS 200-0] Checking Synthesizability 2/2..
Execute         transform -syn-check E:/xfOpenCV/hls_2018_1/abmofParseEvents_SmallBitWidth/solution1/.autopilot/db/a.g.2.prechk.bc -o E:/xfOpenCV/hls_2018_1/abmofParseEvents_SmallBitWidth/solution1/.autopilot/db/a.g.2.bc -f -phase syn-check 
WARNING: [SYNCHK 200-23] abmofParseEvents_SmallBitWidth/src/abmof_hw_accel.cpp:50: variable-indexed range selection may cause suboptimal QoR.
INFO: [SYNCHK 200-10] 0 error(s), 1 warning(s).
Command         transform returned 0; 0.047 sec.
INFO: [HLS 200-111] Finished Checking Synthesizability Time (s): cpu = 00:00:02 ; elapsed = 00:00:24 . Memory (MB): peak = 127.520 ; gain = 69.727
INFO: [HLS 200-0] Compiler optimizing ...
INFO: [HLS 200-0] Share syncheck's 1.bc for syn flow: copy E:/xfOpenCV/hls_2018_1/abmofParseEvents_SmallBitWidth/solution1/.autopilot/db/a.g.1.bc to E:/xfOpenCV/hls_2018_1/abmofParseEvents_SmallBitWidth/solution1/.autopilot/db/a.o.1.bc
INFO: [HLS 200-0] Presyn 1...
Execute         transform -hls -tmp E:/xfOpenCV/hls_2018_1/abmofParseEvents_SmallBitWidth/solution1/.autopilot/db -interface-port-rename -type-info -function-uniquify -directive-preproc -mem2reg -dse -dce -disaggr -scalarrepl -norm-name -deadargelim -mem2reg -instcombine -dce -simplifycfg -auto-rom-infer -dce -function-uniquify -resource-proc -simplifycfg -mem2reg -globaldce -resolve-double-ptr -dce -deadargelim -dce -instcombine -clib-intrinsic-prepare -dce -func-buffer -dce -array-normalize -func-legal -instcombine -gvn -constprop -dce -ptrArgReplace -mem2reg -instcombine -dce -array-seg-normalize -deadargelim -instcombine -dce -pointer-simplify -dce -port-alignment -dce -interface-preproc -data-pack -instcombine -dce -basicaa -aggr-aa -aggrmodref-aa -aggr-aa -gvn -gvn -basicaa -aggr-aa -aggrmodref-aa -aggr-aa -dse -adse -adce -loop-simplify -indvars -instcombine -gvn -loop-simplify -mem2reg -dce -find-region -instcombine -auto-loop-pipeline -inst-simplify -interface-preproc -cfgopt -instcombine -indvars -auto-loop-unroll -loop-simplify -loop-bound -xunroll -constprop -instcombine -simplifycfg -indvars -simplifycfg -dce -globaldce -clean-region -attach-range -gvn -inst-simplify -constprop -simplifycfg -dce -pointer-simplify -dce -globalopt -constprop -dce -array-promote -constprop -instcombine -dce -ptrArgReplace -mem2reg -instcombine -simplifycfg -dce -auto-par -instcombine -dce -array-transform-check -array-reshape -instcombine -simplifycfg -dce -ptrArgReplace -deadargelim -mem2reg -instcombine -simplifycfg -dce -indvars -loop-simplify -loop-bound -xunroll -constprop -instcombine -simplifycfg -indvars -simplifycfg -dce -globaldce -duplicate-dataflow-processes -globaldce -instcombine -array-partition -instcombine -simplifycfg -dce -ptrArgReplace -global-constprop -deadargelim -mem2reg -func-legal -instcombine -dce -global-constprop -deadargelim -mem2reg -instcombine -simplifycfg -dce -merge-param -deadargelim -globalopt -constprop -dce -array-promote -constprop -instcombine -dce -ptrArgReplace -mem2reg -instcombine -simplifycfg -dce -mem-intrinsic-preproc -dce -global-privatize -mem2reg -globaldce -promote-global-argument -ptrArgReplace -mem2reg -instcombine -dce -globalopt -mergereturn -simplify-global-access -mem2reg -dce -pointer-simplify -dce -functionattrs -basicaa -aggr-aa -aggrmodref-aa -aggr-aa -gvn -gvn -basicaa -aggr-aa -aggrmodref-aa -aggr-aa -dse -adse -adce -inst-simplify -dce -norm-name -function-inline -globaldce -func-inst -constprop -instcombine -simplifycfg -dce -func-legal -dce -loop-bound -arraycheck -bitwidthmin -on-by-dataflow -loop-delete -instcombine -simplifycfg -globaldce -dce -gvn -deadargelim -dce -loop-simplify -clean-region -simplifycfg -propagate-stable-arguments -loop-stream -instcombine -simplifycfg -dce -globaldce -duplicate-dataflow-processes -stream-intrinsic-preproc -dce -check-ap-stream -loop-simplify -eliminate-keepreads -extract-dataflow-in-loop -loop-simplify -dce -gvn -deadargelim -dse -check-dataflow-syntax -legalize-stream-variable -legalize-global -extract-subproc -dce -dead-channel-elimination -canonicalize-gep -globaldce -dce -gvn -deadargelim -annotate-dataflow-channels -scalar-propagation -deadargelim -globaldce -mem2reg -check-dataflow-channels -function-stream -dce -globaldce -prop-fifo-spec -internal-stream-gen -canonicalize-gep -globaldce -dce -gvn -deadargelim -mergereturn -indvars -loop-simplify -instcombine -array-stream -array-seg-normalize -array-partition -func-legal -instcombine -simplifycfg -dce -bundle-memfifo-ops -deadargelim -function-uniquify -directive-preproc -mem2reg -dse -dce -group-axi-access -licm -simplifycfg -dce -loop-delete -norm-name E:/xfOpenCV/hls_2018_1/abmofParseEvents_SmallBitWidth/solution1/.autopilot/db/a.o.1.bc -o E:/xfOpenCV/hls_2018_1/abmofParseEvents_SmallBitWidth/solution1/.autopilot/db/a.o.1.tmp.bc -f 
INFO: [XFORM 203-502] Unrolling all loops for pipelining in function 'accumulateHW' (abmofParseEvents_SmallBitWidth/src/abmof_hw_accel.cpp:17).
INFO: [XFORM 203-501] Unrolling loop 'Loop-1' (abmofParseEvents_SmallBitWidth/src/abmof_hw_accel.cpp:48) in function 'accumulateHW' completely.
INFO: [XFORM 203-501] Unrolling loop 'Loop-2' (abmofParseEvents_SmallBitWidth/src/abmof_hw_accel.cpp:54) in function 'accumulateHW' completely.
INFO: [XFORM 203-501] Unrolling loop 'Loop-3' (abmofParseEvents_SmallBitWidth/src/abmof_hw_accel.cpp:68) in function 'accumulateHW' completely.
INFO: [XFORM 203-501] Unrolling loop 'Loop-4' (abmofParseEvents_SmallBitWidth/src/abmof_hw_accel.cpp:74) in function 'accumulateHW' completely.
INFO: [XFORM 203-501] Unrolling loop 'Loop-5' (abmofParseEvents_SmallBitWidth/src/abmof_hw_accel.cpp:88) in function 'accumulateHW' completely.
INFO: [XFORM 203-501] Unrolling loop 'Loop-6' (abmofParseEvents_SmallBitWidth/src/abmof_hw_accel.cpp:94) in function 'accumulateHW' completely.
INFO: [XFORM 203-101] Partitioning array 'glPLSlice2.V'  in dimension 1 with a cyclic factor 16.
INFO: [XFORM 203-101] Partitioning array 'glPLSlice1.V'  in dimension 1 with a cyclic factor 16.
INFO: [XFORM 203-101] Partitioning array 'glPLSlice0.V'  in dimension 1 with a cyclic factor 16.
Command         transform returned 0; 0.294 sec.
Execute         disassemble E:/xfOpenCV/hls_2018_1/abmofParseEvents_SmallBitWidth/solution1/.autopilot/db/a.o.1.tmp E:/xfOpenCV/hls_2018_1/abmofParseEvents_SmallBitWidth/solution1/.autopilot/db/a.o.1.tmp 
Execute           is_encrypted E:/xfOpenCV/hls_2018_1/abmofParseEvents_SmallBitWidth/solution1/.autopilot/db/a.o.1.tmp.bc 
Command           is_encrypted returned 0; 0 sec.
Command         disassemble returned 0; 0.123 sec.
INFO: [HLS 200-0] Presyn 2...
Execute         transform -hls -keep-callgraph -scalarrepl -mem2reg -port-alignment -attach-range -dce -pipe-mux-gen -indvars -loop-bound -inst-simplify -instcombine -dce -merge-array-access -mem2reg -dce -clean-region -mergereturn -if-conv -instcombine -dce -constprop -basicaa -aggr-aa -aggrmodref-aa -aggr-aa -gvn -gvn -basicaa -aggr-aa -aggrmodref-aa -aggr-aa -dse -adse -adce -scalarrepl -mem2reg -global-constprop -deadargelim -deadargelim -instcombine -dce -simplifycfg -ptrArgReplace -mem2reg -function-inline -globaldce -mem2reg -instcombine -dce -expr-balance -instcombine -dce -bitwidthmin -interface-preproc -directive-preproc -inst-rectify -instcombine -dce -functionattrs -constprop -instcombine -bit-constprop -simplify-global-access -globalopt -globaldce -inst-simplify -instcombine -elimdeaddata -dce -loop-delete -simplifycfg -loop-simplify -auto-burst -norm-name E:/xfOpenCV/hls_2018_1/abmofParseEvents_SmallBitWidth/solution1/.autopilot/db/a.o.1.tmp.bc -o E:/xfOpenCV/hls_2018_1/abmofParseEvents_SmallBitWidth/solution1/.autopilot/db/a.o.2.bc -f -phase presyn 
INFO: [XFORM 203-401] Performing if-conversion on hyperblock from (abmofParseEvents_SmallBitWidth/src/abmof_hw_accel.cpp:289:3) to (abmofParseEvents_SmallBitWidth/src/abmof_hw_accel.cpp:288:49) in function 'parseEvents'... converting 4 basic blocks.
INFO: [XFORM 203-11] Balancing expressions in function 'parseEvents' (abmofParseEvents_SmallBitWidth/src/abmof_hw_accel.cpp:247)...3 expression(s) balanced.
Command         transform returned 0; 0.356 sec.
Execute         disassemble E:/xfOpenCV/hls_2018_1/abmofParseEvents_SmallBitWidth/solution1/.autopilot/db/a.o.2 E:/xfOpenCV/hls_2018_1/abmofParseEvents_SmallBitWidth/solution1/.autopilot/db/a.o.2 
Execute           is_encrypted E:/xfOpenCV/hls_2018_1/abmofParseEvents_SmallBitWidth/solution1/.autopilot/db/a.o.2.bc 
Command           is_encrypted returned 0; 0.002 sec.
Command         disassemble returned 0; 0.198 sec.
INFO: [HLS 200-111] Finished Pre-synthesis Time (s): cpu = 00:00:02 ; elapsed = 00:00:25 . Memory (MB): peak = 158.000 ; gain = 100.207
INFO: [HLS 200-0] Building ssdm...
Execute         transform -hls -function-uniquify -auto-function-inline -globaldce -ptrArgReplace -mem2reg -instcombine -dce -reset-lda -loop-simplify -indvars -licm -loop-dep -loop-bound -licm -loop-simplify -flattenloopnest -array-flatten -gvn -instcombine -dce -array-map -dce -func-legal -gvn -adce -instcombine -cfgopt -simplifycfg -loop-simplify -array-burst -promote-global-argument -dce -axi4-lower -array-seg-normalize -basicaa -aggrmodref-aa -globalsmodref-aa -aggr-aa -gvn -gvn -basicaa -aggrmodref-aa -globalsmodref-aa -aggr-aa -dse -adse -adce -licm -inst-simplify -dce -globaldce -instcombine -array-stream -eliminate-keepreads -instcombine -dce -deadargelim -doublePtrSimplify -doublePtrElim -dce -doublePtrSimplify -promote-dbg-pointer -dce -scalarrepl -mem2reg -disaggr -norm-name -mem2reg -instcombine -dse -adse -adce -ptrLegalization -dce -auto-rom-infer -array-flatten -dce -instcombine -check-doubleptr -loop-rot -constprop -cfgopt -simplifycfg -loop-simplify -indvars -pointer-simplify -dce -loop-bound -loop-simplify -loop-preproc -constprop -global-constprop -gvn -mem2reg -instcombine -dce -loop-bound -loop-merge -dce -bitwidthmin -deadargelim -dce -canonicalize-dataflow -dce -scalar-propagation -deadargelim -globaldce -mem2reg -interface-preproc -directive-preproc -interface-gen -bram-byte-enable -deadargelim -inst-simplify -dce -gvn -mem2reg -instcombine -dce -adse -loop-bound -instcombine -cfgopt -simplifycfg -loop-simplify -clean-region -io-protocol -find-region -mem2reg -bitop-raise -inst-simplify -inst-rectify -instcombine -adce -deadargelim -loop-simplify -phi-opt -bitop-raise -cfgopt -simplifycfg -strip-dead-prototypes -interface-lower -bitop-lower -intrinsic-lower -auto-function-inline -basicaa -aggrmodref-aa -globalsmodref-aa -aggr-aa -inst-simplify -simplifycfg -loop-simplify -mergereturn -inst-simplify -inst-rectify -dce -bitop-lower -loop-rewind -pointer-simplify -dce -cfgopt -read-loop-dep -dce -bitwidth -loop-dep -check-stream -norm-name -legalize -validate-dataflow -cdfg-build E:/xfOpenCV/hls_2018_1/abmofParseEvents_SmallBitWidth/solution1/.autopilot/db/a.o.2.bc -o E:/xfOpenCV/hls_2018_1/abmofParseEvents_SmallBitWidth/solution1/.autopilot/db/a.o.3.bc -f -phase build-ssdm 
Command         transform returned 0; 0.605 sec.
Execute         disassemble E:/xfOpenCV/hls_2018_1/abmofParseEvents_SmallBitWidth/solution1/.autopilot/db/a.o.3 E:/xfOpenCV/hls_2018_1/abmofParseEvents_SmallBitWidth/solution1/.autopilot/db/a.o.3 
Execute           is_encrypted E:/xfOpenCV/hls_2018_1/abmofParseEvents_SmallBitWidth/solution1/.autopilot/db/a.o.3.bc 
Command           is_encrypted returned 0; 0.001 sec.
Command         disassemble returned 0; 0.092 sec.
INFO: [HLS 200-111] Finished Architecture Synthesis Time (s): cpu = 00:00:03 ; elapsed = 00:00:26 . Memory (MB): peak = 165.320 ; gain = 107.527
INFO: [HLS 200-0] Finish building internal data model.
Command       opt_and_import_c returned 0; 2.761 sec.
Command     elaborate returned 0; 24.858 sec.
Execute     autosyn 
INFO: [HLS 200-10] Starting hardware synthesis ...
INFO: [HLS 200-0] Synthesizing C/C++ design ...
INFO: [HLS 200-10] Synthesizing 'parseEvents' ...
Execute       ap_set_top_model parseEvents 
Command       ap_set_top_model returned 0; 0 sec.
Execute       get_model_list parseEvents -filter all-wo-channel -topdown 
Command       get_model_list returned 0; 0 sec.
Execute       preproc_iomode -model parseEvents 
Command       preproc_iomode returned 0; 0 sec.
Execute       preproc_iomode -model accumulateHW 
Command       preproc_iomode returned 0; 0 sec.
Execute       get_model_list parseEvents -filter all-wo-channel 
Command       get_model_list returned 0; 0 sec.
INFO: [HLS 200-0] Model list for configure: accumulateHW parseEvents
INFO: [HLS 200-0] Configuring Module : accumulateHW ...
Execute       set_default_model accumulateHW 
Command       set_default_model returned 0; 0 sec.
Execute       apply_spec_resource_limit accumulateHW 
Command       apply_spec_resource_limit returned 0; 0 sec.
INFO: [HLS 200-0] Configuring Module : parseEvents ...
Execute       set_default_model parseEvents 
Command       set_default_model returned 0; 0 sec.
Execute       apply_spec_resource_limit parseEvents 
Command       apply_spec_resource_limit returned 0; 0 sec.
INFO: [HLS 200-0] Model list for preprocess: accumulateHW parseEvents
INFO: [HLS 200-0] Preprocessing Module: accumulateHW ...
Execute       set_default_model accumulateHW 
Command       set_default_model returned 0; 0 sec.
Execute       cdfg_preprocess -model accumulateHW 
Command       cdfg_preprocess returned 0; 0.002 sec.
Execute       rtl_gen_preprocess accumulateHW 
Command       rtl_gen_preprocess returned 0; 0 sec.
INFO: [HLS 200-0] Preprocessing Module: parseEvents ...
Execute       set_default_model parseEvents 
Command       set_default_model returned 0; 0 sec.
Execute       cdfg_preprocess -model parseEvents 
Command       cdfg_preprocess returned 0; 0.001 sec.
Execute       rtl_gen_preprocess parseEvents 
Command       rtl_gen_preprocess returned 0; 0 sec.
INFO: [HLS 200-0] Model list for synthesis: accumulateHW parseEvents
INFO: [HLS 200-10] ----------------------------------------------------------------
INFO: [HLS 200-42] -- Implementing module 'accumulateHW'
INFO: [HLS 200-10] ----------------------------------------------------------------
Execute       set_default_model accumulateHW 
Command       set_default_model returned 0; 0 sec.
Execute       schedule -model accumulateHW 
INFO: [SCHED 204-11] Starting scheduling ...
INFO: [SCHED 204-61] Pipelining function 'accumulateHW'.
WARNING: [SCHED 204-68] Unable to enforce a carried dependence constraint (II = 1, distance = 1, offset = 1)
   between 'store' operation (abmofParseEvents_SmallBitWidth/src/abmof_hw_accel.cpp:59) of variable 'tmp_28', abmofParseEvents_SmallBitWidth/src/abmof_hw_accel.cpp:56 on array 'glPLSlice0_V_0' and 'load' operation ('glPLSlice0_V_0_load', abmofParseEvents_SmallBitWidth/src/abmof_hw_accel.cpp:46) on array 'glPLSlice0_V_0'.
INFO: [SCHED 204-61] Pipelining result : Target II = 1, Final II = 2, Depth = 2.
WARNING: [SCHED 204-21] Estimated clock period (10.307ns) exceeds the target (target clock period: 10ns, clock uncertainty: 0.1ns, effective delay budget: 9.9ns).
WARNING: [SCHED 204-21] The critical path consists of the following:
	'load' operation ('glPLSlice2_V_0_load', abmofParseEvents_SmallBitWidth/src/abmof_hw_accel.cpp:86) on array 'glPLSlice2_V_0' (3.25 ns)
	'mux' operation ('tmpData.V', abmofParseEvents_SmallBitWidth/src/abmof_hw_accel.cpp:86) (2.06 ns)
	'add' operation ('tmpTmpData.V', abmofParseEvents_SmallBitWidth/src/abmof_hw_accel.cpp:92) (1.74 ns)
	'store' operation (abmofParseEvents_SmallBitWidth/src/abmof_hw_accel.cpp:99) of variable 'tmp_54', abmofParseEvents_SmallBitWidth/src/abmof_hw_accel.cpp:96 on array 'glPLSlice2_V_2' (3.25 ns)
INFO: [SCHED 204-11] Finished scheduling.
Command       schedule returned 0; 0.283 sec.
INFO: [HLS 200-111]  Elapsed time: 26.421 seconds; current allocated memory: 121.467 MB.
Execute       report -o E:/xfOpenCV/hls_2018_1/abmofParseEvents_SmallBitWidth/solution1/.autopilot/db/accumulateHW.verbose.sched.rpt -verbose -f 
Command       report returned 0; 0.077 sec.
Execute       db_write -o E:/xfOpenCV/hls_2018_1/abmofParseEvents_SmallBitWidth/solution1/.autopilot/db/accumulateHW.sched.adb -f 
Command       db_write returned 0; 0.065 sec.
INFO: [HLS 200-0] Finish scheduling accumulateHW.
Execute       set_default_model accumulateHW 
Command       set_default_model returned 0; 0 sec.
Execute       bind -model accumulateHW 
INFO: [BIND 205-110] clear=
INFO: [BIND 205-110] debug=
INFO: [BIND 205-110] drf=
INFO: [BIND 205-110] effort=
INFO: [BIND 205-110] fast_refine=
INFO: [BIND 205-110] fu_weight=[ 0.0 -- 1.0 ]
INFO: [BIND 205-110] global_opt=
INFO: [BIND 205-110] gsearch=
INFO: [BIND 205-110] help=
INFO: [BIND 205-110] help-hidden=
INFO: [BIND 205-110] min_mem_port=
INFO: [BIND 205-110] min_op=
INFO: [BIND 205-110] minreg=
INFO: [BIND 205-110] ml=
INFO: [BIND 205-110] model=accumulateHW
INFO: [BIND 205-110] no_false_path=
INFO: [BIND 205-110] no_min_op=
INFO: [BIND 205-110] normalize=
INFO: [BIND 205-110] quiet=
INFO: [BIND 205-110] refine=
INFO: [BIND 205-110] reg_weight=[ 0.0 -- 1.0 ]
INFO: [BIND 205-110] search=
INFO: [BIND 205-110] tight_delay=
INFO: [BIND 205-110] verbose=
INFO: [BIND 205-110] wFF=
INFO: [BIND 205-110] wFU=
INFO: [BIND 205-110] wMUX=
INFO: [BIND 205-110] wNET=
INFO: [BIND 205-100] Starting micro-architecture generation ...
INFO: [BIND 205-101] Performing variable lifetime analysis.
INFO: [BIND 205-101] Exploring resource sharing.
INFO: [BIND 205-101] Binding ...
INFO: [BIND 205-100] Finished micro-architecture generation.
Command       bind returned 0; 0.039 sec.
INFO: [HLS 200-111]  Elapsed time: 0.29 seconds; current allocated memory: 122.475 MB.
Execute       report -o E:/xfOpenCV/hls_2018_1/abmofParseEvents_SmallBitWidth/solution1/.autopilot/db/accumulateHW.verbose.bind.rpt -verbose -f 
Command       report returned 0; 0.097 sec.
Execute       db_write -o E:/xfOpenCV/hls_2018_1/abmofParseEvents_SmallBitWidth/solution1/.autopilot/db/accumulateHW.bind.adb -f 
Command       db_write returned 0; 0.067 sec.
INFO: [HLS 200-0] Finish binding accumulateHW.
INFO: [HLS 200-10] ----------------------------------------------------------------
INFO: [HLS 200-42] -- Implementing module 'parseEvents'
INFO: [HLS 200-10] ----------------------------------------------------------------
Execute       set_default_model parseEvents 
Command       set_default_model returned 0; 0 sec.
Execute       schedule -model parseEvents 
INFO: [SCHED 204-11] Starting scheduling ...
INFO: [SCHED 204-61] Pipelining loop 'loop_1'.
WARNING: [SCHED 204-68] Unable to enforce a carried dependence constraint (II = 2, distance = 1, offset = 1)
   between 'load' operation ('glPLSlice0_V_0_load', abmofParseEvents_SmallBitWidth/src/abmof_hw_accel.cpp:421) on array 'glPLSlice0_V_0' and 'call' operation (abmofParseEvents_SmallBitWidth/src/abmof_hw_accel.cpp:307) to 'accumulateHW'.
WARNING: [SCHED 204-68] Unable to enforce a carried dependence constraint (II = 3, distance = 1, offset = 1)
   between 'load' operation ('glPLSlice0_V_0_load', abmofParseEvents_SmallBitWidth/src/abmof_hw_accel.cpp:421) on array 'glPLSlice0_V_0' and 'call' operation (abmofParseEvents_SmallBitWidth/src/abmof_hw_accel.cpp:307) to 'accumulateHW'.
INFO: [SCHED 204-61] Pipelining result : Target II = 1, Final II = 4, Depth = 6.
INFO: [SCHED 204-11] Finished scheduling.
Command       schedule returned 0; 0.12 sec.
INFO: [HLS 200-111]  Elapsed time: 0.306 seconds; current allocated memory: 123.088 MB.
Execute       report -o E:/xfOpenCV/hls_2018_1/abmofParseEvents_SmallBitWidth/solution1/.autopilot/db/parseEvents.verbose.sched.rpt -verbose -f 
Command       report returned 0; 0.062 sec.
Execute       db_write -o E:/xfOpenCV/hls_2018_1/abmofParseEvents_SmallBitWidth/solution1/.autopilot/db/parseEvents.sched.adb -f 
Command       db_write returned 0; 0.032 sec.
INFO: [HLS 200-0] Finish scheduling parseEvents.
Execute       set_default_model parseEvents 
Command       set_default_model returned 0; 0 sec.
Execute       bind -model parseEvents 
INFO: [BIND 205-110] clear=
INFO: [BIND 205-110] debug=
INFO: [BIND 205-110] drf=
INFO: [BIND 205-110] effort=
INFO: [BIND 205-110] fast_refine=
INFO: [BIND 205-110] fu_weight=[ 0.0 -- 1.0 ]
INFO: [BIND 205-110] global_opt=
INFO: [BIND 205-110] gsearch=
INFO: [BIND 205-110] help=
INFO: [BIND 205-110] help-hidden=
INFO: [BIND 205-110] min_mem_port=
INFO: [BIND 205-110] min_op=
INFO: [BIND 205-110] minreg=
INFO: [BIND 205-110] ml=
INFO: [BIND 205-110] model=parseEvents
INFO: [BIND 205-110] no_false_path=
INFO: [BIND 205-110] no_min_op=
INFO: [BIND 205-110] normalize=
INFO: [BIND 205-110] quiet=
INFO: [BIND 205-110] refine=
INFO: [BIND 205-110] reg_weight=[ 0.0 -- 1.0 ]
INFO: [BIND 205-110] search=
INFO: [BIND 205-110] tight_delay=
INFO: [BIND 205-110] verbose=
INFO: [BIND 205-110] wFF=
INFO: [BIND 205-110] wFU=
INFO: [BIND 205-110] wMUX=
INFO: [BIND 205-110] wNET=
INFO: [BIND 205-100] Starting micro-architecture generation ...
INFO: [BIND 205-101] Performing variable lifetime analysis.
INFO: [BIND 205-101] Exploring resource sharing.
INFO: [BIND 205-101] Binding ...
INFO: [BIND 205-100] Finished micro-architecture generation.
Command       bind returned 0; 0.075 sec.
INFO: [HLS 200-111]  Elapsed time: 0.239 seconds; current allocated memory: 123.802 MB.
Execute       report -o E:/xfOpenCV/hls_2018_1/abmofParseEvents_SmallBitWidth/solution1/.autopilot/db/parseEvents.verbose.bind.rpt -verbose -f 
Command       report returned 0; 0.112 sec.
Execute       db_write -o E:/xfOpenCV/hls_2018_1/abmofParseEvents_SmallBitWidth/solution1/.autopilot/db/parseEvents.bind.adb -f 
Command       db_write returned 0; 0.038 sec.
INFO: [HLS 200-0] Finish binding parseEvents.
Execute       get_model_list parseEvents -filter all-wo-channel 
Command       get_model_list returned 0; 0 sec.
INFO: [HLS 200-0] Preprocessing for RTLGen ...
Execute       rtl_gen_preprocess accumulateHW 
Command       rtl_gen_preprocess returned 0; 0.001 sec.
Execute       rtl_gen_preprocess parseEvents 
Command       rtl_gen_preprocess returned 0; 0 sec.
INFO: [HLS 200-0] Model list for RTL generation: accumulateHW parseEvents
INFO: [HLS 200-10] ----------------------------------------------------------------
INFO: [HLS 200-10] -- Generating RTL for module 'accumulateHW'
INFO: [HLS 200-10] ----------------------------------------------------------------
Execute       create_rtl_model accumulateHW -vendor xilinx -mg_file E:/xfOpenCV/hls_2018_1/abmofParseEvents_SmallBitWidth/solution1/.autopilot/db/accumulateHW.compgen.tcl 
INFO: [SYN 201-210] Renamed object name 'parseEvents_mux_164_180_1_1' to 'parseEvents_mux_1bkb' due to the length limit 20
INFO: [RTGEN 206-104] Estimated max fanout for 'accumulateHW' is 8940 from HDL expression: (1'b1 == ap_CS_fsm_state2)
INFO: [RTGEN 206-100] Generating core module 'parseEvents_mux_1bkb': 3 instance(s).
INFO: [RTGEN 206-100] Finished creating RTL model for 'accumulateHW'.
Command       create_rtl_model returned 0; 0.09 sec.
INFO: [HLS 200-111]  Elapsed time: 0.296 seconds; current allocated memory: 125.438 MB.
Execute       source E:/xfOpenCV/hls_2018_1/abmofParseEvents_SmallBitWidth/solution1/.autopilot/db/parseEvents.rtl_wrap.cfg.tcl 
Command       ap_source returned 0; 0.002 sec.
Execute       gen_rtl accumulateHW -style xilinx -tracefl mytrace -tracefmt vcd -traceopt all -f -lang sc -o E:/xfOpenCV/hls_2018_1/abmofParseEvents_SmallBitWidth/solution1/syn/systemc/accumulateHW -synmodules accumulateHW parseEvents 
Command       gen_rtl returned 0; 0.008 sec.
Execute       gen_rtl accumulateHW -style xilinx -f -lang vhdl -o E:/xfOpenCV/hls_2018_1/abmofParseEvents_SmallBitWidth/solution1/syn/vhdl/accumulateHW 
Command       gen_rtl returned 0; 0.005 sec.
Execute       gen_rtl accumulateHW -style xilinx -f -lang vlog -o E:/xfOpenCV/hls_2018_1/abmofParseEvents_SmallBitWidth/solution1/syn/verilog/accumulateHW 
Command       gen_rtl returned 0; 0.014 sec.
Execute       gen_tb_info accumulateHW -o E:/xfOpenCV/hls_2018_1/abmofParseEvents_SmallBitWidth/solution1/.autopilot/db/accumulateHW -p E:/xfOpenCV/hls_2018_1/abmofParseEvents_SmallBitWidth/solution1/.autopilot/db 
Command       gen_tb_info returned 0; 0.018 sec.
Execute       report -model accumulateHW -o E:/xfOpenCV/hls_2018_1/abmofParseEvents_SmallBitWidth/solution1/syn/report/accumulateHW_csynth.rpt -f 
Command       report returned 0; 0.019 sec.
Execute       report -model accumulateHW -o E:/xfOpenCV/hls_2018_1/abmofParseEvents_SmallBitWidth/solution1/syn/report/accumulateHW_csynth.xml -f -x 
Command       report returned 0; 0.014 sec.
Execute       report -model accumulateHW -o E:/xfOpenCV/hls_2018_1/abmofParseEvents_SmallBitWidth/solution1/.autopilot/db/accumulateHW.verbose.rpt -verbose -f 
Command       report returned 0; 0.11 sec.
Execute       db_write -model accumulateHW -o E:/xfOpenCV/hls_2018_1/abmofParseEvents_SmallBitWidth/solution1/.autopilot/db/accumulateHW.adb -f 
Command       db_write returned 0; 0.092 sec.
INFO: [HLS 200-10] ----------------------------------------------------------------
INFO: [HLS 200-10] -- Generating RTL for module 'parseEvents'
INFO: [HLS 200-10] ----------------------------------------------------------------
Execute       create_rtl_model parseEvents -vendor xilinx -mg_file E:/xfOpenCV/hls_2018_1/abmofParseEvents_SmallBitWidth/solution1/.autopilot/db/parseEvents.compgen.tcl 
INFO: [RTGEN 206-500] Setting interface mode on port 'parseEvents/data' to 'ap_fifo'.
INFO: [RTGEN 206-500] Setting interface mode on port 'parseEvents/eventsArraySize' to 'ap_none'.
INFO: [RTGEN 206-500] Setting interface mode on port 'parseEvents/eventSlice' to 'ap_fifo'.
INFO: [RTGEN 206-500] Setting interface mode on function 'parseEvents' to 'ap_ctrl_hs'.
WARNING: [RTGEN 206-101] Register 'glPLActiveSliceIdx_V' is power-on initialization.
INFO: [SYN 201-210] Renamed object name 'parseEvents_glPLSlice0_V_0' to 'parseEvents_glPLScud' due to the length limit 20
INFO: [SYN 201-210] Renamed object name 'parseEvents_glPLSlice0_V_1' to 'parseEvents_glPLSdEe' due to the length limit 20
INFO: [SYN 201-210] Renamed object name 'parseEvents_glPLSlice0_V_2' to 'parseEvents_glPLSeOg' due to the length limit 20
INFO: [SYN 201-210] Renamed object name 'parseEvents_glPLSlice0_V_3' to 'parseEvents_glPLSfYi' due to the length limit 20
INFO: [SYN 201-210] Renamed object name 'parseEvents_glPLSlice0_V_4' to 'parseEvents_glPLSg8j' due to the length limit 20
INFO: [SYN 201-210] Renamed object name 'parseEvents_glPLSlice0_V_5' to 'parseEvents_glPLShbi' due to the length limit 20
INFO: [SYN 201-210] Renamed object name 'parseEvents_glPLSlice0_V_6' to 'parseEvents_glPLSibs' due to the length limit 20
INFO: [SYN 201-210] Renamed object name 'parseEvents_glPLSlice0_V_7' to 'parseEvents_glPLSjbC' due to the length limit 20
INFO: [SYN 201-210] Renamed object name 'parseEvents_glPLSlice0_V_8' to 'parseEvents_glPLSkbM' due to the length limit 20
INFO: [SYN 201-210] Renamed object name 'parseEvents_glPLSlice0_V_9' to 'parseEvents_glPLSlbW' due to the length limit 20
INFO: [SYN 201-210] Renamed object name 'parseEvents_glPLSlice0_V_10' to 'parseEvents_glPLSmb6' due to the length limit 20
INFO: [SYN 201-210] Renamed object name 'parseEvents_glPLSlice0_V_11' to 'parseEvents_glPLSncg' due to the length limit 20
INFO: [SYN 201-210] Renamed object name 'parseEvents_glPLSlice0_V_12' to 'parseEvents_glPLSocq' due to the length limit 20
INFO: [SYN 201-210] Renamed object name 'parseEvents_glPLSlice0_V_13' to 'parseEvents_glPLSpcA' due to the length limit 20
INFO: [SYN 201-210] Renamed object name 'parseEvents_glPLSlice0_V_14' to 'parseEvents_glPLSqcK' due to the length limit 20
INFO: [SYN 201-210] Renamed object name 'parseEvents_glPLSlice0_V_15' to 'parseEvents_glPLSrcU' due to the length limit 20
INFO: [SYN 201-210] Renamed object name 'parseEvents_glPLSlice1_V_0' to 'parseEvents_glPLSsc4' due to the length limit 20
INFO: [SYN 201-210] Renamed object name 'parseEvents_glPLSlice1_V_1' to 'parseEvents_glPLStde' due to the length limit 20
INFO: [SYN 201-210] Renamed object name 'parseEvents_glPLSlice1_V_2' to 'parseEvents_glPLSudo' due to the length limit 20
INFO: [SYN 201-210] Renamed object name 'parseEvents_glPLSlice1_V_3' to 'parseEvents_glPLSvdy' due to the length limit 20
INFO: [SYN 201-210] Renamed object name 'parseEvents_glPLSlice1_V_4' to 'parseEvents_glPLSwdI' due to the length limit 20
INFO: [SYN 201-210] Renamed object name 'parseEvents_glPLSlice1_V_5' to 'parseEvents_glPLSxdS' due to the length limit 20
INFO: [SYN 201-210] Renamed object name 'parseEvents_glPLSlice1_V_6' to 'parseEvents_glPLSyd2' due to the length limit 20
INFO: [SYN 201-210] Renamed object name 'parseEvents_glPLSlice1_V_7' to 'parseEvents_glPLSzec' due to the length limit 20
INFO: [SYN 201-210] Renamed object name 'parseEvents_glPLSlice1_V_8' to 'parseEvents_glPLSAem' due to the length limit 20
INFO: [SYN 201-210] Renamed object name 'parseEvents_glPLSlice1_V_9' to 'parseEvents_glPLSBew' due to the length limit 20
INFO: [SYN 201-210] Renamed object name 'parseEvents_glPLSlice1_V_10' to 'parseEvents_glPLSCeG' due to the length limit 20
INFO: [SYN 201-210] Renamed object name 'parseEvents_glPLSlice1_V_11' to 'parseEvents_glPLSDeQ' due to the length limit 20
INFO: [SYN 201-210] Renamed object name 'parseEvents_glPLSlice1_V_12' to 'parseEvents_glPLSEe0' due to the length limit 20
INFO: [SYN 201-210] Renamed object name 'parseEvents_glPLSlice1_V_13' to 'parseEvents_glPLSFfa' due to the length limit 20
INFO: [SYN 201-210] Renamed object name 'parseEvents_glPLSlice1_V_14' to 'parseEvents_glPLSGfk' due to the length limit 20
INFO: [SYN 201-210] Renamed object name 'parseEvents_glPLSlice1_V_15' to 'parseEvents_glPLSHfu' due to the length limit 20
INFO: [SYN 201-210] Renamed object name 'parseEvents_glPLSlice2_V_0' to 'parseEvents_glPLSIfE' due to the length limit 20
INFO: [SYN 201-210] Renamed object name 'parseEvents_glPLSlice2_V_1' to 'parseEvents_glPLSJfO' due to the length limit 20
INFO: [SYN 201-210] Renamed object name 'parseEvents_glPLSlice2_V_2' to 'parseEvents_glPLSKfY' due to the length limit 20
INFO: [SYN 201-210] Renamed object name 'parseEvents_glPLSlice2_V_3' to 'parseEvents_glPLSLf8' due to the length limit 20
INFO: [SYN 201-210] Renamed object name 'parseEvents_glPLSlice2_V_4' to 'parseEvents_glPLSMgi' due to the length limit 20
INFO: [SYN 201-210] Renamed object name 'parseEvents_glPLSlice2_V_5' to 'parseEvents_glPLSNgs' due to the length limit 20
INFO: [SYN 201-210] Renamed object name 'parseEvents_glPLSlice2_V_6' to 'parseEvents_glPLSOgC' due to the length limit 20
INFO: [SYN 201-210] Renamed object name 'parseEvents_glPLSlice2_V_7' to 'parseEvents_glPLSPgM' due to the length limit 20
INFO: [SYN 201-210] Renamed object name 'parseEvents_glPLSlice2_V_8' to 'parseEvents_glPLSQgW' due to the length limit 20
INFO: [SYN 201-210] Renamed object name 'parseEvents_glPLSlice2_V_9' to 'parseEvents_glPLSRg6' due to the length limit 20
INFO: [SYN 201-210] Renamed object name 'parseEvents_glPLSlice2_V_10' to 'parseEvents_glPLSShg' due to the length limit 20
INFO: [SYN 201-210] Renamed object name 'parseEvents_glPLSlice2_V_11' to 'parseEvents_glPLSThq' due to the length limit 20
INFO: [SYN 201-210] Renamed object name 'parseEvents_glPLSlice2_V_12' to 'parseEvents_glPLSUhA' due to the length limit 20
INFO: [SYN 201-210] Renamed object name 'parseEvents_glPLSlice2_V_13' to 'parseEvents_glPLSVhK' due to the length limit 20
INFO: [SYN 201-210] Renamed object name 'parseEvents_glPLSlice2_V_14' to 'parseEvents_glPLSWhU' due to the length limit 20
INFO: [SYN 201-210] Renamed object name 'parseEvents_glPLSlice2_V_15' to 'parseEvents_glPLSXh4' due to the length limit 20
WARNING: [RTGEN 206-101] Register 'glCnt' is power-on initialization.
INFO: [RTGEN 206-100] Generating core module 'parseEvents_mux_1bkb': 3 instance(s).
INFO: [RTGEN 206-100] Finished creating RTL model for 'parseEvents'.
Command       create_rtl_model returned 0; 0.282 sec.
INFO: [HLS 200-111]  Elapsed time: 0.909 seconds; current allocated memory: 128.588 MB.
Execute       source E:/xfOpenCV/hls_2018_1/abmofParseEvents_SmallBitWidth/solution1/.autopilot/db/parseEvents.rtl_wrap.cfg.tcl 
Command       ap_source returned 0; 0.005 sec.
Execute       gen_rtl parseEvents -istop -style xilinx -tracefl mytrace -tracefmt vcd -traceopt all -f -lang sc -o E:/xfOpenCV/hls_2018_1/abmofParseEvents_SmallBitWidth/solution1/syn/systemc/parseEvents -synmodules accumulateHW parseEvents 
Command       gen_rtl returned 0; 0.029 sec.
Execute       gen_rtl parseEvents -istop -style xilinx -f -lang vhdl -o E:/xfOpenCV/hls_2018_1/abmofParseEvents_SmallBitWidth/solution1/syn/vhdl/parseEvents 
Command       gen_rtl returned 0; 0.096 sec.
Execute       gen_rtl parseEvents -istop -style xilinx -f -lang vlog -o E:/xfOpenCV/hls_2018_1/abmofParseEvents_SmallBitWidth/solution1/syn/verilog/parseEvents 
Command       gen_rtl returned 0; 0.046 sec.
Execute       export_constraint_db -o E:/xfOpenCV/hls_2018_1/abmofParseEvents_SmallBitWidth/solution1/.autopilot/db/parseEvents.constraint.tcl -f -tool general 
Command       export_constraint_db returned 0; 0.001 sec.
Execute       report -model parseEvents -o E:/xfOpenCV/hls_2018_1/abmofParseEvents_SmallBitWidth/solution1/.autopilot/db/parseEvents.design.xml -verbose -f -dv 
Command       report returned 0; 0.106 sec.
Execute       report -model parseEvents -o E:/xfOpenCV/hls_2018_1/abmofParseEvents_SmallBitWidth/solution1/.autopilot/db/parseEvents.sdaccel.xml -verbose -f -sdaccel 
Command       report returned 0; 0.122 sec.
Execute       gen_tb_info parseEvents -o E:/xfOpenCV/hls_2018_1/abmofParseEvents_SmallBitWidth/solution1/.autopilot/db/parseEvents -p E:/xfOpenCV/hls_2018_1/abmofParseEvents_SmallBitWidth/solution1/.autopilot/db 
Command       gen_tb_info returned 0; 0.007 sec.
Execute       report -model parseEvents -o E:/xfOpenCV/hls_2018_1/abmofParseEvents_SmallBitWidth/solution1/syn/report/parseEvents_csynth.rpt -f 
Command       report returned 0; 0.045 sec.
Execute       report -model parseEvents -o E:/xfOpenCV/hls_2018_1/abmofParseEvents_SmallBitWidth/solution1/syn/report/parseEvents_csynth.xml -f -x 
Command       report returned 0; 0.04 sec.
Execute       report -model parseEvents -o E:/xfOpenCV/hls_2018_1/abmofParseEvents_SmallBitWidth/solution1/.autopilot/db/parseEvents.verbose.rpt -verbose -f 
Command       report returned 0; 0.159 sec.
Execute       db_write -model parseEvents -o E:/xfOpenCV/hls_2018_1/abmofParseEvents_SmallBitWidth/solution1/.autopilot/db/parseEvents.adb -f 
Command       db_write returned 0; 0.11 sec.
Execute       sc_get_clocks parseEvents 
Command       sc_get_clocks returned 0; 0 sec.
Execute       sc_get_portdomain parseEvents 
Command       sc_get_portdomain returned 0; 0 sec.
INFO: [HLS 200-0] Model list for RTL component generation: accumulateHW parseEvents
INFO: [HLS 200-0] Handling components in module [accumulateHW] ... 
Execute       source E:/xfOpenCV/hls_2018_1/abmofParseEvents_SmallBitWidth/solution1/.autopilot/db/accumulateHW.compgen.tcl 
INFO: [HLS 200-0] Found component parseEvents_mux_1bkb.
INFO: [HLS 200-0] Append model parseEvents_mux_1bkb
Command       ap_source returned 0; 0.016 sec.
INFO: [HLS 200-0] Handling components in module [parseEvents] ... 
Execute       source E:/xfOpenCV/hls_2018_1/abmofParseEvents_SmallBitWidth/solution1/.autopilot/db/parseEvents.compgen.tcl 
INFO: [HLS 200-0] Found component parseEvents_glPLScud.
INFO: [HLS 200-0] Append model parseEvents_glPLScud
Command       ap_source returned 0; 0.016 sec.
INFO: [HLS 200-0] Append model accumulateHW
INFO: [HLS 200-0] Append model parseEvents
INFO: [HLS 200-0] Generating RTL model list ...
INFO: [HLS 200-0] All models in this session: parseEvents_mux_1bkb parseEvents_glPLScud accumulateHW parseEvents
INFO: [HLS 200-0] To file: write model parseEvents_mux_1bkb
INFO: [HLS 200-0] To file: write model parseEvents_glPLScud
INFO: [HLS 200-0] To file: write model accumulateHW
INFO: [HLS 200-0] To file: write model parseEvents
INFO: [HLS 200-0] Finished generating RTL model list.


INFO: [HLS 200-0] RTL Generation done.
INFO: [HLS 200-0] CAS Generation done.
INFO: [HLS 200-0] CBC Generation done.
Execute       export_ssdm E:/xfOpenCV/hls_2018_1/abmofParseEvents_SmallBitWidth/solution1/.autopilot/db/a.export.ll 
Command       export_ssdm returned 0; 0.002 sec.
Execute       source E:/xfOpenCV/hls_2018_1/abmofParseEvents_SmallBitWidth/solution1/.autopilot/db/global.setting.tcl 
Command       ap_source returned 0; 0.001 sec.
Execute       source D:/Xilinx/Vivado/2018.1/common/technology/generic/autopilot/common.gen 
Execute         source D:/Xilinx/Vivado/2018.1/common/technology/generic/autopilot/APCoreGen.gen 
Command         ap_source returned 0; 0.004 sec.
Command       ap_source returned 0; 0.009 sec.
Execute       source D:/Xilinx/Vivado/2018.1/common/technology/generic/autopilot/op.gen 
Command       ap_source returned 0; 0.002 sec.
Execute       source D:/Xilinx/Vivado/2018.1/common/technology/generic/autopilot/op_simcore.gen 
Command       ap_source returned 0; 0.003 sec.
Execute       source D:/Xilinx/Vivado/2018.1/common/technology/generic/autopilot/interface.gen 
Command       ap_source returned 0; 0.002 sec.
Execute       source E:/xfOpenCV/hls_2018_1/abmofParseEvents_SmallBitWidth/solution1/.autopilot/db/global.setting.tcl 
Command       ap_source returned 0; 0.003 sec.
Execute       source D:/Xilinx/Vivado/2018.1/common/technology/xilinx/zynq/zynq.gen 
Execute         source D:/Xilinx/Vivado/2018.1/common/technology/xilinx/common/virtex.gen 
Execute           source D:/Xilinx/Vivado/2018.1/common/technology/xilinx/common/xilinx.gen 
Execute             source D:/Xilinx/Vivado/2018.1/common/technology/xilinx/interface/plb46.gen 
Command             ap_source returned 0; 0.002 sec.
Execute             source D:/Xilinx/Vivado/2018.1/common/technology/xilinx/interface/fsl.gen 
Command             ap_source returned 0; 0.001 sec.
Execute             source D:/Xilinx/Vivado/2018.1/common/technology/xilinx/interface/axi4.gen 
Command             ap_source returned 0; 0.005 sec.
Execute             source D:/Xilinx/Vivado/2018.1/common/technology/xilinx/interface/nativeAXI4.gen 
Execute               source D:/Xilinx/Vivado/2018.1/common/technology/xilinx/interface/saxilite.gen 
Command               ap_source returned 0; 0.008 sec.
Execute               source D:/Xilinx/Vivado/2018.1/common/technology/xilinx/interface/maxi.gen 
Command               ap_source returned 0; 0.01 sec.
Command             ap_source returned 0; 0.018 sec.
Execute             source D:/Xilinx/Vivado/2018.1/common/technology/xilinx/scripts/xilinxcoregen.gen 
Command             ap_source returned 0; 0.01 sec.
Execute             source D:/Xilinx/Vivado/2018.1/common/technology/xilinx/interface/XilEDKCoreGen.gen 
Command             ap_source returned 0; 0.007 sec.
Execute             source D:/Xilinx/Vivado/2018.1/common/technology/xilinx/ip/dds_compiler.gen 
Command             ap_source returned 0; 0.003 sec.
Execute             source D:/Xilinx/Vivado/2018.1/common/technology/xilinx/ip/util.gen 
Command             ap_source returned 0; 0 sec.
Execute             source D:/Xilinx/Vivado/2018.1/common/technology/xilinx/ip/xfft.gen 
Command             ap_source returned 0; 0.071 sec.
Execute             source D:/Xilinx/Vivado/2018.1/common/technology/xilinx/ip/xfir.gen 
Command             ap_source returned 0; 0.001 sec.
Command           ap_source returned 0; 0.12 sec.
Execute           source D:/Xilinx/Vivado/2018.1/common/technology/xilinx/common/dsp48.gen 
Command           ap_source returned 0; 0 sec.
Command         ap_source returned 0; 0.122 sec.
Command       ap_source returned 0; 0.123 sec.
Execute       source D:/Xilinx/Vivado/2018.1/common/technology/xilinx/zynq/zynq_fpv6.gen 
Execute         source D:/Xilinx/Vivado/2018.1/common/technology/xilinx/common/xilinx_fpv6.gen 
Command         ap_source returned 0; 0.001 sec.
Command       ap_source returned 0; 0.002 sec.
Execute       source E:/xfOpenCV/hls_2018_1/abmofParseEvents_SmallBitWidth/solution1/.autopilot/db/global.setting.tcl 
Command       ap_source returned 0; 0.001 sec.
Execute       source E:/xfOpenCV/hls_2018_1/abmofParseEvents_SmallBitWidth/solution1/.autopilot/db/global.setting.tcl 
Command       ap_source returned 0; 0.018 sec.
Execute       source E:/xfOpenCV/hls_2018_1/abmofParseEvents_SmallBitWidth/solution1/.autopilot/db/global.setting.tcl 
Command       ap_source returned 0; 0.001 sec.
Execute       source E:/xfOpenCV/hls_2018_1/abmofParseEvents_SmallBitWidth/solution1/.autopilot/db/accumulateHW.compgen.tcl 
Command       ap_source returned 0; 0.011 sec.
Execute       source E:/xfOpenCV/hls_2018_1/abmofParseEvents_SmallBitWidth/solution1/.autopilot/db/parseEvents.compgen.tcl 
INFO: [RTMG 210-278] Implementing memory 'parseEvents_glPLScud_ram (RAM_T2P_BRAM)' using block RAMs with power-on initialization.
Command       ap_source returned 0; 0.025 sec.
Execute       source E:/xfOpenCV/hls_2018_1/abmofParseEvents_SmallBitWidth/solution1/.autopilot/db/global.setting.tcl 
Command       ap_source returned 0; 0.001 sec.
Execute       source D:/Xilinx/Vivado/2018.1/common/technology/generic/autopilot/common.gen 
Execute         source D:/Xilinx/Vivado/2018.1/common/technology/generic/autopilot/APCoreGen.gen 
Command         ap_source returned 0; 0 sec.
Command       ap_source returned 0; 0.001 sec.
Execute       source D:/Xilinx/Vivado/2018.1/common/technology/generic/autopilot/op.gen 
Command       ap_source returned 0; 0.001 sec.
Execute       source D:/Xilinx/Vivado/2018.1/common/technology/generic/autopilot/op_simcore.gen 
Command       ap_source returned 0; 0.001 sec.
Execute       source D:/Xilinx/Vivado/2018.1/common/technology/generic/autopilot/interface.gen 
Command       ap_source returned 0; 0 sec.
Execute       source E:/xfOpenCV/hls_2018_1/abmofParseEvents_SmallBitWidth/solution1/.autopilot/db/global.setting.tcl 
Command       ap_source returned 0; 0.002 sec.
Execute       source D:/Xilinx/Vivado/2018.1/common/technology/xilinx/zynq/zynq.gen 
Execute         source D:/Xilinx/Vivado/2018.1/common/technology/xilinx/common/virtex.gen 
Execute           source D:/Xilinx/Vivado/2018.1/common/technology/xilinx/common/xilinx.gen 
Execute             source D:/Xilinx/Vivado/2018.1/common/technology/xilinx/interface/plb46.gen 
Command             ap_source returned 0; 0.001 sec.
Execute             source D:/Xilinx/Vivado/2018.1/common/technology/xilinx/interface/fsl.gen 
Command             ap_source returned 0; 0.001 sec.
Execute             source D:/Xilinx/Vivado/2018.1/common/technology/xilinx/interface/axi4.gen 
Command             ap_source returned 0; 0.001 sec.
Execute             source D:/Xilinx/Vivado/2018.1/common/technology/xilinx/interface/nativeAXI4.gen 
Execute               source D:/Xilinx/Vivado/2018.1/common/technology/xilinx/interface/saxilite.gen 
Command               ap_source returned 0; 0.003 sec.
Execute               source D:/Xilinx/Vivado/2018.1/common/technology/xilinx/interface/maxi.gen 
Command               ap_source returned 0; 0.006 sec.
Command             ap_source returned 0; 0.01 sec.
Execute             source D:/Xilinx/Vivado/2018.1/common/technology/xilinx/scripts/xilinxcoregen.gen 
Command             ap_source returned 0; 0.009 sec.
Execute             source D:/Xilinx/Vivado/2018.1/common/technology/xilinx/interface/XilEDKCoreGen.gen 
Command             ap_source returned 0; 0.006 sec.
Execute             source D:/Xilinx/Vivado/2018.1/common/technology/xilinx/ip/dds_compiler.gen 
Command             ap_source returned 0; 0.003 sec.
Execute             source D:/Xilinx/Vivado/2018.1/common/technology/xilinx/ip/util.gen 
Command             ap_source returned 0; 0 sec.
Execute             source D:/Xilinx/Vivado/2018.1/common/technology/xilinx/ip/xfft.gen 
Command             ap_source returned 0; 0.076 sec.
Execute             source D:/Xilinx/Vivado/2018.1/common/technology/xilinx/ip/xfir.gen 
Command             ap_source returned 0; 0.001 sec.
Command           ap_source returned 0; 0.109 sec.
Execute           source D:/Xilinx/Vivado/2018.1/common/technology/xilinx/common/dsp48.gen 
Command           ap_source returned 0; 0 sec.
Command         ap_source returned 0; 0.113 sec.
Command       ap_source returned 0; 0.113 sec.
Execute       source D:/Xilinx/Vivado/2018.1/common/technology/xilinx/zynq/zynq_fpv6.gen 
Execute         source D:/Xilinx/Vivado/2018.1/common/technology/xilinx/common/xilinx_fpv6.gen 
Command         ap_source returned 0; 0.002 sec.
Command       ap_source returned 0; 0.002 sec.
Execute       source E:/xfOpenCV/hls_2018_1/abmofParseEvents_SmallBitWidth/solution1/.autopilot/db/parseEvents.rtl_wrap.cfg.tcl 
Command       ap_source returned 0; 0.002 sec.
Execute       source E:/xfOpenCV/hls_2018_1/abmofParseEvents_SmallBitWidth/solution1/.autopilot/db/parseEvents.rtl_wrap.cfg.tcl 
Command       ap_source returned 0; 0.001 sec.
Execute       source E:/xfOpenCV/hls_2018_1/abmofParseEvents_SmallBitWidth/solution1/.autopilot/db/parseEvents.rtl_wrap.cfg.tcl 
Command       ap_source returned 0; 0.001 sec.
Execute       source E:/xfOpenCV/hls_2018_1/abmofParseEvents_SmallBitWidth/solution1/.autopilot/db/parseEvents.tbgen.tcl 
Command       ap_source returned 0; 0.001 sec.
Execute       source E:/xfOpenCV/hls_2018_1/abmofParseEvents_SmallBitWidth/solution1/.autopilot/db/parseEvents.tbgen.tcl 
Command       ap_source returned 0; 0.001 sec.
Execute       source E:/xfOpenCV/hls_2018_1/abmofParseEvents_SmallBitWidth/solution1/.autopilot/db/global.setting.tcl 
Command       ap_source returned 0; 0.001 sec.
Execute       source E:/xfOpenCV/hls_2018_1/abmofParseEvents_SmallBitWidth/solution1/.autopilot/db/accumulateHW.compgen.tcl 
Command       ap_source returned 0; 0.002 sec.
Execute       source E:/xfOpenCV/hls_2018_1/abmofParseEvents_SmallBitWidth/solution1/.autopilot/db/parseEvents.compgen.tcl 
Command       ap_source returned 0; 0.001 sec.
Execute       source E:/xfOpenCV/hls_2018_1/abmofParseEvents_SmallBitWidth/solution1/.autopilot/db/global.setting.tcl 
Command       ap_source returned 0; 0.001 sec.
Execute       source E:/xfOpenCV/hls_2018_1/abmofParseEvents_SmallBitWidth/solution1/.autopilot/db/accumulateHW.compgen.tcl 
Command       ap_source returned 0; 0.001 sec.
Execute       source E:/xfOpenCV/hls_2018_1/abmofParseEvents_SmallBitWidth/solution1/.autopilot/db/parseEvents.compgen.tcl 
Command       ap_source returned 0; 0.011 sec.
Execute       source E:/xfOpenCV/hls_2018_1/abmofParseEvents_SmallBitWidth/solution1/.autopilot/db/global.setting.tcl 
Command       ap_source returned 0; 0.001 sec.
Execute       source E:/xfOpenCV/hls_2018_1/abmofParseEvents_SmallBitWidth/solution1/.autopilot/db/accumulateHW.compgen.tcl 
Command       ap_source returned 0; 0.001 sec.
Execute       source E:/xfOpenCV/hls_2018_1/abmofParseEvents_SmallBitWidth/solution1/.autopilot/db/parseEvents.compgen.tcl 
Command       ap_source returned 0; 0.001 sec.
Execute       source E:/xfOpenCV/hls_2018_1/abmofParseEvents_SmallBitWidth/solution1/.autopilot/db/global.setting.tcl 
Command       ap_source returned 0; 0.001 sec.
Execute       source E:/xfOpenCV/hls_2018_1/abmofParseEvents_SmallBitWidth/solution1/.autopilot/db/parseEvents.constraint.tcl 
Command       ap_source returned 0; 0.001 sec.
Execute       source E:/xfOpenCV/hls_2018_1/abmofParseEvents_SmallBitWidth/solution1/.autopilot/db/parseEvents.tbgen.tcl 
Command       ap_source returned 0; 0.001 sec.
Execute       source E:/xfOpenCV/hls_2018_1/abmofParseEvents_SmallBitWidth/solution1/.autopilot/db/global.setting.tcl 
Command       ap_source returned 0; 0.001 sec.
Execute       source E:/xfOpenCV/hls_2018_1/abmofParseEvents_SmallBitWidth/solution1/.autopilot/db/global.setting.tcl 
Command       ap_source returned 0; 0.001 sec.
Execute       source E:/xfOpenCV/hls_2018_1/abmofParseEvents_SmallBitWidth/solution1/.autopilot/db/global.setting.tcl 
Command       ap_source returned 0; 0.001 sec.
Execute       source E:/xfOpenCV/hls_2018_1/abmofParseEvents_SmallBitWidth/solution1/.autopilot/db/parseEvents.tbgen.tcl 
Command       ap_source returned 0; 0.001 sec.
Execute       source E:/xfOpenCV/hls_2018_1/abmofParseEvents_SmallBitWidth/solution1/.autopilot/db/parseEvents.tbgen.tcl 
Command       ap_source returned 0; 0.038 sec.
Execute       source E:/xfOpenCV/hls_2018_1/abmofParseEvents_SmallBitWidth/solution1/.autopilot/db/global.setting.tcl 
Command       ap_source returned 0; 0.001 sec.
Execute       source E:/xfOpenCV/hls_2018_1/abmofParseEvents_SmallBitWidth/solution1/.autopilot/db/parseEvents.constraint.tcl 
Command       ap_source returned 0; 0.001 sec.
Execute       sc_get_clocks parseEvents 
Command       sc_get_clocks returned 0; 0 sec.
Execute       source E:/xfOpenCV/hls_2018_1/abmofParseEvents_SmallBitWidth/solution1/.autopilot/db/global.setting.tcl 
Command       ap_source returned 0; 0.001 sec.
INFO: [HLS 200-111] Finished generating all RTL models Time (s): cpu = 00:00:06 ; elapsed = 00:00:30 . Memory (MB): peak = 190.281 ; gain = 132.488
INFO: [SYSC 207-301] Generating SystemC RTL for parseEvents.
INFO: [VHDL 208-304] Generating VHDL RTL for parseEvents.
INFO: [VLOG 209-307] Generating Verilog RTL for parseEvents.
Command     autosyn returned 0; 4.36 sec.
Command   csynth_design returned 0; 29.234 sec.
Command ap_source returned 0; 29.946 sec.
Execute cleanup_all 
Command cleanup_all returned 0; 0.012 sec.
