

================================================================
== Vivado HLS Report for 'parseEvents'
================================================================
* Date:           Sat Sep  8 14:13:47 2018

* Version:        2018.1 (Build 2188600 on Wed Apr 04 19:04:02 MDT 2018)
* Project:        abmofParseEvents_SmallBitWidth
* Solution:       solution1
* Product family: zynq
* Target device:  xc7z007sclg225-1


================================================================
== Performance Estimates
================================================================
+ Timing (ns): 
    * Summary: 
    +--------+-------+----------+------------+
    |  Clock | Target| Estimated| Uncertainty|
    +--------+-------+----------+------------+
    |ap_clk  |  10.00|     10.31|        0.10|
    +--------+-------+----------+------------+

+ Latency (clock cycles): 
    * Summary: 
    +-----+-------+-----+-------+---------+
    |   Latency   |   Interval  | Pipeline|
    | min |  max  | min |  max  |   Type  |
    +-----+-------+-----+-------+---------+
    |    2|  40003|    2|  40003|   none  |
    +-----+-------+-----+-------+---------+

    + Detail: 
        * Instance: 
        N/A

        * Loop: 
        +----------+-----+-------+----------+-----------+-----------+-----------+----------+
        |          |   Latency   | Iteration|  Initiation Interval  |    Trip   |          |
        | Loop Name| min |  max  |  Latency |  achieved |   target  |   Count   | Pipelined|
        +----------+-----+-------+----------+-----------+-----------+-----------+----------+
        |- loop_1  |    0|  40001|         6|          4|          1| 0 ~ 10000 |    yes   |
        +----------+-----+-------+----------+-----------+-----------+-----------+----------+

============================================================
+ Verbose Summary: Synthesis Manager
============================================================
InlineROM: 1
ExposeGlobal: 0
============================================================
+ Verbose Summary: CDFG Model
============================================================
IsTopModel: 1
ResetActiveHigh: 1
IsCombinational: 0
IsDatapathOnly: 0
HasWiredReturn: 1
HasMFsm: 0
HasVarLatency: 1
IsPipeline: 0
IsRtlPipelined: 0
IsInstanceOverlapped: 0
IsDontTouch: 0
HasImplIP: 0
IsGatedGlobalClock: 0

+ Individual pipeline summary: 
  * Pipeline-0: initiation interval (II) = 4, depth = 6


============================================================
+ Verbose Summary: Schedule
============================================================
* Number of FSM states : 8
* Pipeline : 1
  Pipeline-0 : II = 4, D = 6, States = { 2 3 4 5 6 7 }
* Dataflow Pipeline: 0

* FSM state transitions: 
1 --> 
	2  / true
2 --> 
	8  / (!tmp_3)
	3  / (tmp_3)
3 --> 
	4  / true
4 --> 
	5  / true
5 --> 
	6  / true
6 --> 
	7  / true
7 --> 
	2  / true
8 --> 

* FSM state operations: 

 <State 1> : 1.81ns
ST_1 : Operation 9 [1/1] (0.00ns)   --->   "call void (...)* @_ssdm_op_SpecBitsMap(i64* %data) nounwind, !map !142"
ST_1 : Operation 10 [1/1] (0.00ns)   --->   "call void (...)* @_ssdm_op_SpecBitsMap(i32 %eventsArraySize) nounwind, !map !146"
ST_1 : Operation 11 [1/1] (0.00ns)   --->   "call void (...)* @_ssdm_op_SpecBitsMap(i32* %eventSlice) nounwind, !map !152"
ST_1 : Operation 12 [1/1] (0.00ns)   --->   "call void (...)* @_ssdm_op_SpecTopModule([12 x i8]* @parseEvents_str) nounwind"
ST_1 : Operation 13 [1/1] (0.00ns)   --->   "%eventsArraySize_read = call i32 @_ssdm_op_Read.ap_auto.i32(i32 %eventsArraySize) nounwind"
ST_1 : Operation 14 [1/1] (0.00ns)   --->   "call void (...)* @_ssdm_op_SpecMemCore([60 x i180]* @glPLSlice2_V_0, [60 x i180]* @glPLSlice2_V_1, [60 x i180]* @glPLSlice2_V_2, [60 x i180]* @glPLSlice2_V_3, [60 x i180]* @glPLSlice2_V_4, [60 x i180]* @glPLSlice2_V_5, [60 x i180]* @glPLSlice2_V_6, [60 x i180]* @glPLSlice2_V_7, [60 x i180]* @glPLSlice2_V_8, [60 x i180]* @glPLSlice2_V_9, [60 x i180]* @glPLSlice2_V_10, [60 x i180]* @glPLSlice2_V_11, [60 x i180]* @glPLSlice2_V_12, [60 x i180]* @glPLSlice2_V_13, [60 x i180]* @glPLSlice2_V_14, [60 x i180]* @glPLSlice2_V_15, [1 x i8]* @p_str10, [13 x i8]* @p_str11, [1 x i8]* @p_str10, i32 -1, [1 x i8]* @p_str10, [1 x i8]* @p_str10, [1 x i8]* @p_str10, [1 x i8]* @p_str10, [1 x i8]* @p_str10) nounwind" [abmofParseEvents_SmallBitWidth/src/abmof_hw_accel.cpp:249]
ST_1 : Operation 15 [1/1] (0.00ns)   --->   "call void (...)* @_ssdm_op_SpecMemCore([60 x i180]* @glPLSlice1_V_0, [60 x i180]* @glPLSlice1_V_1, [60 x i180]* @glPLSlice1_V_2, [60 x i180]* @glPLSlice1_V_3, [60 x i180]* @glPLSlice1_V_4, [60 x i180]* @glPLSlice1_V_5, [60 x i180]* @glPLSlice1_V_6, [60 x i180]* @glPLSlice1_V_7, [60 x i180]* @glPLSlice1_V_8, [60 x i180]* @glPLSlice1_V_9, [60 x i180]* @glPLSlice1_V_10, [60 x i180]* @glPLSlice1_V_11, [60 x i180]* @glPLSlice1_V_12, [60 x i180]* @glPLSlice1_V_13, [60 x i180]* @glPLSlice1_V_14, [60 x i180]* @glPLSlice1_V_15, [1 x i8]* @p_str10, [13 x i8]* @p_str11, [1 x i8]* @p_str10, i32 -1, [1 x i8]* @p_str10, [1 x i8]* @p_str10, [1 x i8]* @p_str10, [1 x i8]* @p_str10, [1 x i8]* @p_str10) nounwind" [abmofParseEvents_SmallBitWidth/src/abmof_hw_accel.cpp:249]
ST_1 : Operation 16 [1/1] (0.00ns)   --->   "call void (...)* @_ssdm_op_SpecMemCore([60 x i180]* @glPLSlice0_V_0, [60 x i180]* @glPLSlice0_V_1, [60 x i180]* @glPLSlice0_V_2, [60 x i180]* @glPLSlice0_V_3, [60 x i180]* @glPLSlice0_V_4, [60 x i180]* @glPLSlice0_V_5, [60 x i180]* @glPLSlice0_V_6, [60 x i180]* @glPLSlice0_V_7, [60 x i180]* @glPLSlice0_V_8, [60 x i180]* @glPLSlice0_V_9, [60 x i180]* @glPLSlice0_V_10, [60 x i180]* @glPLSlice0_V_11, [60 x i180]* @glPLSlice0_V_12, [60 x i180]* @glPLSlice0_V_13, [60 x i180]* @glPLSlice0_V_14, [60 x i180]* @glPLSlice0_V_15, [1 x i8]* @p_str10, [13 x i8]* @p_str11, [1 x i8]* @p_str10, i32 -1, [1 x i8]* @p_str10, [1 x i8]* @p_str10, [1 x i8]* @p_str10, [1 x i8]* @p_str10, [1 x i8]* @p_str10) nounwind" [abmofParseEvents_SmallBitWidth/src/abmof_hw_accel.cpp:249]
ST_1 : Operation 17 [1/1] (0.00ns)   --->   "call void (...)* @_ssdm_op_SpecInterface(i32* %eventSlice, [8 x i8]* @p_str12, i32 0, i32 0, [1 x i8]* @p_str10, i32 0, i32 0, [1 x i8]* @p_str10, [1 x i8]* @p_str10, [1 x i8]* @p_str10, i32 0, i32 0, i32 0, i32 0, [1 x i8]* @p_str10, [1 x i8]* @p_str10) nounwind" [abmofParseEvents_SmallBitWidth/src/abmof_hw_accel.cpp:249]
ST_1 : Operation 18 [1/1] (0.00ns)   --->   "call void (...)* @_ssdm_op_SpecInterface(i64* %data, [8 x i8]* @p_str12, i32 0, i32 0, [1 x i8]* @p_str10, i32 0, i32 0, [1 x i8]* @p_str10, [1 x i8]* @p_str10, [1 x i8]* @p_str10, i32 0, i32 0, i32 0, i32 0, [1 x i8]* @p_str10, [1 x i8]* @p_str10) nounwind" [abmofParseEvents_SmallBitWidth/src/abmof_hw_accel.cpp:249]
ST_1 : Operation 19 [1/1] (0.00ns)   --->   "%glPLActiveSliceIdx_V_1 = load i2* @glPLActiveSliceIdx_V, align 1" [abmofParseEvents_SmallBitWidth/src/abmof_hw_accel.cpp:250]
ST_1 : Operation 20 [1/1] (0.95ns)   --->   "%tmp = icmp eq i2 %glPLActiveSliceIdx_V_1, 0" [abmofParseEvents_SmallBitWidth/src/abmof_hw_accel.cpp:250]   --->   Core 25 'Cmp' <Latency = 0> <II = 1> <Delay = 0.95> <FuncUnit> <Opcode : 'icmp'> <InPorts = 2> <OutPorts = 1>
ST_1 : Operation 21 [1/1] (0.00ns)   --->   "br i1 %tmp, label %1, label %2" [abmofParseEvents_SmallBitWidth/src/abmof_hw_accel.cpp:250]
ST_1 : Operation 22 [1/1] (0.95ns)   --->   "%tmp_1 = icmp eq i2 %glPLActiveSliceIdx_V_1, 1" [abmofParseEvents_SmallBitWidth/src/abmof_hw_accel.cpp:257]   --->   Core 25 'Cmp' <Latency = 0> <II = 1> <Delay = 0.95> <FuncUnit> <Opcode : 'icmp'> <InPorts = 2> <OutPorts = 1>
ST_1 : Operation 23 [1/1] (0.00ns)   --->   "br i1 %tmp_1, label %3, label %4" [abmofParseEvents_SmallBitWidth/src/abmof_hw_accel.cpp:257]
ST_1 : Operation 24 [1/1] (0.95ns)   --->   "%tmp_2 = icmp eq i2 %glPLActiveSliceIdx_V_1, -2" [abmofParseEvents_SmallBitWidth/src/abmof_hw_accel.cpp:264]   --->   Core 25 'Cmp' <Latency = 0> <II = 1> <Delay = 0.95> <FuncUnit> <Opcode : 'icmp'> <InPorts = 2> <OutPorts = 1>
ST_1 : Operation 25 [1/1] (0.00ns)   --->   "br i1 %tmp_2, label %5, label %._crit_edge" [abmofParseEvents_SmallBitWidth/src/abmof_hw_accel.cpp:264]
ST_1 : Operation 26 [1/1] (1.81ns)   --->   "store i2 0, i2* @glPLActiveSliceIdx_V, align 1" [abmofParseEvents_SmallBitWidth/src/abmof_hw_accel.cpp:266]
ST_1 : Operation 27 [1/1] (0.00ns)   --->   "br label %._crit_edge" [abmofParseEvents_SmallBitWidth/src/abmof_hw_accel.cpp:270]
ST_1 : Operation 28 [1/1] (0.00ns)   --->   "br label %6"
ST_1 : Operation 29 [1/1] (1.81ns)   --->   "store i2 -2, i2* @glPLActiveSliceIdx_V, align 1" [abmofParseEvents_SmallBitWidth/src/abmof_hw_accel.cpp:259]
ST_1 : Operation 30 [1/1] (0.00ns)   --->   "br label %6" [abmofParseEvents_SmallBitWidth/src/abmof_hw_accel.cpp:263]
ST_1 : Operation 31 [1/1] (0.00ns)   --->   "br label %7"
ST_1 : Operation 32 [1/1] (1.81ns)   --->   "store i2 1, i2* @glPLActiveSliceIdx_V, align 1" [abmofParseEvents_SmallBitWidth/src/abmof_hw_accel.cpp:252]
ST_1 : Operation 33 [1/1] (0.00ns)   --->   "br label %7" [abmofParseEvents_SmallBitWidth/src/abmof_hw_accel.cpp:256]
ST_1 : Operation 34 [1/1] (0.00ns)   --->   "%i_op_assign = alloca i16"
ST_1 : Operation 35 [1/1] (1.76ns)   --->   "br label %8" [abmofParseEvents_SmallBitWidth/src/abmof_hw_accel.cpp:288]

 <State 2> : 3.45ns
ST_2 : Operation 36 [1/1] (0.00ns)   --->   "%p_019_rec = phi i31 [ 0, %7 ], [ %i, %_ifconv ]"
ST_2 : Operation 37 [1/1] (0.00ns)   --->   "%i_cast = zext i31 %p_019_rec to i32" [abmofParseEvents_SmallBitWidth/src/abmof_hw_accel.cpp:435]
ST_2 : Operation 38 [1/1] (2.47ns)   --->   "%tmp_3 = icmp slt i32 %i_cast, %eventsArraySize_read" [abmofParseEvents_SmallBitWidth/src/abmof_hw_accel.cpp:288]   --->   Core 25 'Cmp' <Latency = 0> <II = 1> <Delay = 0.95> <FuncUnit> <Opcode : 'icmp'> <InPorts = 2> <OutPorts = 1>
ST_2 : Operation 39 [1/1] (2.52ns)   --->   "%i = add i31 %p_019_rec, 1" [abmofParseEvents_SmallBitWidth/src/abmof_hw_accel.cpp:435]   --->   Core 14 'AddSub' <Latency = 0> <II = 1> <Delay = 2.07> <FuncUnit> <Opcode : 'add' 'sub'> <InPorts = 2> <OutPorts = 1>
ST_2 : Operation 40 [1/1] (0.00ns)   --->   "br i1 %tmp_3, label %_ifconv, label %9" [abmofParseEvents_SmallBitWidth/src/abmof_hw_accel.cpp:288]
ST_2 : Operation 41 [1/1] (2.47ns)   --->   "%tmp_5 = icmp eq i31 %p_019_rec, 0" [abmofParseEvents_SmallBitWidth/src/abmof_hw_accel.cpp:418]   --->   Core 25 'Cmp' <Latency = 0> <II = 1> <Delay = 0.95> <FuncUnit> <Opcode : 'icmp'> <InPorts = 2> <OutPorts = 1>

 <State 3> : 7.36ns
ST_3 : Operation 42 [1/1] (3.63ns)   --->   "%tmp_4 = call i64 @_ssdm_op_Read.ap_fifo.volatile.i64P(i64* %data) nounwind" [abmofParseEvents_SmallBitWidth/src/abmof_hw_accel.cpp:292]   --->   Core 32 'FIFO' <Latency = 0> <II = 1> <Delay = 3.63> <Storage> <Opcode : 'read' 'write' 'nbread' 'nbwrite'> <Ports = 0> <Width = 32> <Depth = 0> <FIFO>
ST_3 : Operation 43 [1/1] (0.00ns)   --->   "%x = call i9 @_ssdm_op_PartSelect.i9.i64.i32.i32(i64 %tmp_4, i32 17, i32 25)" [abmofParseEvents_SmallBitWidth/src/abmof_hw_accel.cpp:293]
ST_3 : Operation 44 [1/1] (0.00ns)   --->   "%y = call i9 @_ssdm_op_PartSelect.i9.i64.i32.i32(i64 %tmp_4, i32 2, i32 10)" [abmofParseEvents_SmallBitWidth/src/abmof_hw_accel.cpp:294]
ST_3 : Operation 45 [1/1] (0.00ns)   --->   "%pol = call i1 @_ssdm_op_BitSelect.i1.i64.i32(i64 %tmp_4, i32 1)" [abmofParseEvents_SmallBitWidth/src/abmof_hw_accel.cpp:295]
ST_3 : Operation 46 [1/1] (0.00ns)   --->   "%x_cast_cast = zext i9 %x to i10" [abmofParseEvents_SmallBitWidth/src/abmof_hw_accel.cpp:307]
ST_3 : Operation 47 [2/2] (3.72ns)   --->   "call fastcc void @accumulateHW(i10 signext %x_cast_cast, i9 signext %y, i1 zeroext %pol)" [abmofParseEvents_SmallBitWidth/src/abmof_hw_accel.cpp:307]   --->   Core 0 '' <Latency = 0> <II = 1> <Delay = 1.00> <Generic> <Opcode : >
ST_3 : Operation 48 [1/1] (1.82ns)   --->   "%tmp_9 = add i10 1, %x_cast_cast" [abmofParseEvents_SmallBitWidth/src/abmof_hw_accel.cpp:421]   --->   Core 14 'AddSub' <Latency = 0> <II = 1> <Delay = 2.07> <FuncUnit> <Opcode : 'add' 'sub'> <InPorts = 2> <OutPorts = 1>
ST_3 : Operation 49 [1/1] (0.00ns)   --->   "%arrayNo = call i4 @_ssdm_op_PartSelect.i4.i64.i32.i32(i64 %tmp_4, i32 17, i32 20)" [abmofParseEvents_SmallBitWidth/src/abmof_hw_accel.cpp:292]
ST_3 : Operation 50 [1/1] (0.00ns)   --->   "%newIndex = call i6 @_ssdm_op_PartSelect.i6.i10.i32.i32(i10 %tmp_9, i32 4, i32 9)" [abmofParseEvents_SmallBitWidth/src/abmof_hw_accel.cpp:421]

 <State 4> : 0.00ns
ST_4 : Operation 51 [1/2] (0.00ns)   --->   "call fastcc void @accumulateHW(i10 signext %x_cast_cast, i9 signext %y, i1 zeroext %pol)" [abmofParseEvents_SmallBitWidth/src/abmof_hw_accel.cpp:307]   --->   Core 0 '' <Latency = 0> <II = 1> <Delay = 1.00> <Generic> <Opcode : >

 <State 5> : 3.25ns
ST_5 : Operation 52 [1/1] (0.00ns)   --->   "%newIndex1 = zext i6 %newIndex to i64" [abmofParseEvents_SmallBitWidth/src/abmof_hw_accel.cpp:421]
ST_5 : Operation 53 [1/1] (0.00ns)   --->   "%glPLSlice0_V_1_addr = getelementptr [60 x i180]* @glPLSlice0_V_1, i64 0, i64 %newIndex1" [abmofParseEvents_SmallBitWidth/src/abmof_hw_accel.cpp:421]
ST_5 : Operation 54 [2/2] (3.25ns)   --->   "%glPLSlice0_V_1_load = load i180* %glPLSlice0_V_1_addr, align 8" [abmofParseEvents_SmallBitWidth/src/abmof_hw_accel.cpp:421]   --->   Core 38 'RAM_T2P_BRAM' <Latency = 1> <II = 1> <Delay = 3.25> <Storage> <Opcode : 'load' 'store'> <Ports = 2> <Width = 180> <Depth = 60> <RAM>
ST_5 : Operation 55 [1/1] (0.00ns)   --->   "%glPLSlice0_V_2_addr = getelementptr [60 x i180]* @glPLSlice0_V_2, i64 0, i64 %newIndex1" [abmofParseEvents_SmallBitWidth/src/abmof_hw_accel.cpp:421]
ST_5 : Operation 56 [2/2] (3.25ns)   --->   "%glPLSlice0_V_2_load = load i180* %glPLSlice0_V_2_addr, align 8" [abmofParseEvents_SmallBitWidth/src/abmof_hw_accel.cpp:421]   --->   Core 38 'RAM_T2P_BRAM' <Latency = 1> <II = 1> <Delay = 3.25> <Storage> <Opcode : 'load' 'store'> <Ports = 2> <Width = 180> <Depth = 60> <RAM>
ST_5 : Operation 57 [1/1] (0.00ns)   --->   "%glPLSlice0_V_3_addr = getelementptr [60 x i180]* @glPLSlice0_V_3, i64 0, i64 %newIndex1" [abmofParseEvents_SmallBitWidth/src/abmof_hw_accel.cpp:421]
ST_5 : Operation 58 [2/2] (3.25ns)   --->   "%glPLSlice0_V_3_load = load i180* %glPLSlice0_V_3_addr, align 8" [abmofParseEvents_SmallBitWidth/src/abmof_hw_accel.cpp:421]   --->   Core 38 'RAM_T2P_BRAM' <Latency = 1> <II = 1> <Delay = 3.25> <Storage> <Opcode : 'load' 'store'> <Ports = 2> <Width = 180> <Depth = 60> <RAM>
ST_5 : Operation 59 [1/1] (0.00ns)   --->   "%glPLSlice0_V_4_addr = getelementptr [60 x i180]* @glPLSlice0_V_4, i64 0, i64 %newIndex1" [abmofParseEvents_SmallBitWidth/src/abmof_hw_accel.cpp:421]
ST_5 : Operation 60 [2/2] (3.25ns)   --->   "%glPLSlice0_V_4_load = load i180* %glPLSlice0_V_4_addr, align 8" [abmofParseEvents_SmallBitWidth/src/abmof_hw_accel.cpp:421]   --->   Core 38 'RAM_T2P_BRAM' <Latency = 1> <II = 1> <Delay = 3.25> <Storage> <Opcode : 'load' 'store'> <Ports = 2> <Width = 180> <Depth = 60> <RAM>
ST_5 : Operation 61 [1/1] (0.00ns)   --->   "%glPLSlice0_V_5_addr = getelementptr [60 x i180]* @glPLSlice0_V_5, i64 0, i64 %newIndex1" [abmofParseEvents_SmallBitWidth/src/abmof_hw_accel.cpp:421]
ST_5 : Operation 62 [2/2] (3.25ns)   --->   "%glPLSlice0_V_5_load = load i180* %glPLSlice0_V_5_addr, align 8" [abmofParseEvents_SmallBitWidth/src/abmof_hw_accel.cpp:421]   --->   Core 38 'RAM_T2P_BRAM' <Latency = 1> <II = 1> <Delay = 3.25> <Storage> <Opcode : 'load' 'store'> <Ports = 2> <Width = 180> <Depth = 60> <RAM>
ST_5 : Operation 63 [1/1] (0.00ns)   --->   "%glPLSlice0_V_6_addr = getelementptr [60 x i180]* @glPLSlice0_V_6, i64 0, i64 %newIndex1" [abmofParseEvents_SmallBitWidth/src/abmof_hw_accel.cpp:421]
ST_5 : Operation 64 [2/2] (3.25ns)   --->   "%glPLSlice0_V_6_load = load i180* %glPLSlice0_V_6_addr, align 8" [abmofParseEvents_SmallBitWidth/src/abmof_hw_accel.cpp:421]   --->   Core 38 'RAM_T2P_BRAM' <Latency = 1> <II = 1> <Delay = 3.25> <Storage> <Opcode : 'load' 'store'> <Ports = 2> <Width = 180> <Depth = 60> <RAM>
ST_5 : Operation 65 [1/1] (0.00ns)   --->   "%glPLSlice0_V_7_addr = getelementptr [60 x i180]* @glPLSlice0_V_7, i64 0, i64 %newIndex1" [abmofParseEvents_SmallBitWidth/src/abmof_hw_accel.cpp:421]
ST_5 : Operation 66 [2/2] (3.25ns)   --->   "%glPLSlice0_V_7_load = load i180* %glPLSlice0_V_7_addr, align 8" [abmofParseEvents_SmallBitWidth/src/abmof_hw_accel.cpp:421]   --->   Core 38 'RAM_T2P_BRAM' <Latency = 1> <II = 1> <Delay = 3.25> <Storage> <Opcode : 'load' 'store'> <Ports = 2> <Width = 180> <Depth = 60> <RAM>
ST_5 : Operation 67 [1/1] (0.00ns)   --->   "%glPLSlice0_V_8_addr = getelementptr [60 x i180]* @glPLSlice0_V_8, i64 0, i64 %newIndex1" [abmofParseEvents_SmallBitWidth/src/abmof_hw_accel.cpp:421]
ST_5 : Operation 68 [2/2] (3.25ns)   --->   "%glPLSlice0_V_8_load = load i180* %glPLSlice0_V_8_addr, align 8" [abmofParseEvents_SmallBitWidth/src/abmof_hw_accel.cpp:421]   --->   Core 38 'RAM_T2P_BRAM' <Latency = 1> <II = 1> <Delay = 3.25> <Storage> <Opcode : 'load' 'store'> <Ports = 2> <Width = 180> <Depth = 60> <RAM>
ST_5 : Operation 69 [1/1] (0.00ns)   --->   "%glPLSlice0_V_9_addr = getelementptr [60 x i180]* @glPLSlice0_V_9, i64 0, i64 %newIndex1" [abmofParseEvents_SmallBitWidth/src/abmof_hw_accel.cpp:421]
ST_5 : Operation 70 [2/2] (3.25ns)   --->   "%glPLSlice0_V_9_load = load i180* %glPLSlice0_V_9_addr, align 8" [abmofParseEvents_SmallBitWidth/src/abmof_hw_accel.cpp:421]   --->   Core 38 'RAM_T2P_BRAM' <Latency = 1> <II = 1> <Delay = 3.25> <Storage> <Opcode : 'load' 'store'> <Ports = 2> <Width = 180> <Depth = 60> <RAM>
ST_5 : Operation 71 [1/1] (0.00ns)   --->   "%glPLSlice0_V_10_addr = getelementptr [60 x i180]* @glPLSlice0_V_10, i64 0, i64 %newIndex1" [abmofParseEvents_SmallBitWidth/src/abmof_hw_accel.cpp:421]
ST_5 : Operation 72 [2/2] (3.25ns)   --->   "%glPLSlice0_V_10_load = load i180* %glPLSlice0_V_10_addr, align 8" [abmofParseEvents_SmallBitWidth/src/abmof_hw_accel.cpp:421]   --->   Core 38 'RAM_T2P_BRAM' <Latency = 1> <II = 1> <Delay = 3.25> <Storage> <Opcode : 'load' 'store'> <Ports = 2> <Width = 180> <Depth = 60> <RAM>
ST_5 : Operation 73 [1/1] (0.00ns)   --->   "%glPLSlice0_V_11_addr = getelementptr [60 x i180]* @glPLSlice0_V_11, i64 0, i64 %newIndex1" [abmofParseEvents_SmallBitWidth/src/abmof_hw_accel.cpp:421]
ST_5 : Operation 74 [2/2] (3.25ns)   --->   "%glPLSlice0_V_11_load = load i180* %glPLSlice0_V_11_addr, align 8" [abmofParseEvents_SmallBitWidth/src/abmof_hw_accel.cpp:421]   --->   Core 38 'RAM_T2P_BRAM' <Latency = 1> <II = 1> <Delay = 3.25> <Storage> <Opcode : 'load' 'store'> <Ports = 2> <Width = 180> <Depth = 60> <RAM>
ST_5 : Operation 75 [1/1] (0.00ns)   --->   "%glPLSlice0_V_12_addr = getelementptr [60 x i180]* @glPLSlice0_V_12, i64 0, i64 %newIndex1" [abmofParseEvents_SmallBitWidth/src/abmof_hw_accel.cpp:421]
ST_5 : Operation 76 [2/2] (3.25ns)   --->   "%glPLSlice0_V_12_load = load i180* %glPLSlice0_V_12_addr, align 8" [abmofParseEvents_SmallBitWidth/src/abmof_hw_accel.cpp:421]   --->   Core 38 'RAM_T2P_BRAM' <Latency = 1> <II = 1> <Delay = 3.25> <Storage> <Opcode : 'load' 'store'> <Ports = 2> <Width = 180> <Depth = 60> <RAM>
ST_5 : Operation 77 [1/1] (0.00ns)   --->   "%glPLSlice0_V_13_addr = getelementptr [60 x i180]* @glPLSlice0_V_13, i64 0, i64 %newIndex1" [abmofParseEvents_SmallBitWidth/src/abmof_hw_accel.cpp:421]
ST_5 : Operation 78 [2/2] (3.25ns)   --->   "%glPLSlice0_V_13_load = load i180* %glPLSlice0_V_13_addr, align 8" [abmofParseEvents_SmallBitWidth/src/abmof_hw_accel.cpp:421]   --->   Core 38 'RAM_T2P_BRAM' <Latency = 1> <II = 1> <Delay = 3.25> <Storage> <Opcode : 'load' 'store'> <Ports = 2> <Width = 180> <Depth = 60> <RAM>
ST_5 : Operation 79 [1/1] (0.00ns)   --->   "%glPLSlice0_V_14_addr = getelementptr [60 x i180]* @glPLSlice0_V_14, i64 0, i64 %newIndex1" [abmofParseEvents_SmallBitWidth/src/abmof_hw_accel.cpp:421]
ST_5 : Operation 80 [2/2] (3.25ns)   --->   "%glPLSlice0_V_14_load = load i180* %glPLSlice0_V_14_addr, align 8" [abmofParseEvents_SmallBitWidth/src/abmof_hw_accel.cpp:421]   --->   Core 38 'RAM_T2P_BRAM' <Latency = 1> <II = 1> <Delay = 3.25> <Storage> <Opcode : 'load' 'store'> <Ports = 2> <Width = 180> <Depth = 60> <RAM>
ST_5 : Operation 81 [1/1] (0.00ns)   --->   "%glPLSlice0_V_15_addr = getelementptr [60 x i180]* @glPLSlice0_V_15, i64 0, i64 %newIndex1" [abmofParseEvents_SmallBitWidth/src/abmof_hw_accel.cpp:421]
ST_5 : Operation 82 [2/2] (3.25ns)   --->   "%glPLSlice0_V_15_load = load i180* %glPLSlice0_V_15_addr, align 8" [abmofParseEvents_SmallBitWidth/src/abmof_hw_accel.cpp:421]   --->   Core 38 'RAM_T2P_BRAM' <Latency = 1> <II = 1> <Delay = 3.25> <Storage> <Opcode : 'load' 'store'> <Ports = 2> <Width = 180> <Depth = 60> <RAM>
ST_5 : Operation 83 [1/1] (0.00ns)   --->   "%glPLSlice0_V_0_addr = getelementptr [60 x i180]* @glPLSlice0_V_0, i64 0, i64 %newIndex1" [abmofParseEvents_SmallBitWidth/src/abmof_hw_accel.cpp:421]
ST_5 : Operation 84 [2/2] (3.25ns)   --->   "%glPLSlice0_V_0_load = load i180* %glPLSlice0_V_0_addr, align 8" [abmofParseEvents_SmallBitWidth/src/abmof_hw_accel.cpp:421]   --->   Core 38 'RAM_T2P_BRAM' <Latency = 1> <II = 1> <Delay = 3.25> <Storage> <Opcode : 'load' 'store'> <Ports = 2> <Width = 180> <Depth = 60> <RAM>
ST_5 : Operation 85 [1/1] (0.00ns)   --->   "%glPLSlice1_V_1_addr = getelementptr [60 x i180]* @glPLSlice1_V_1, i64 0, i64 %newIndex1" [abmofParseEvents_SmallBitWidth/src/abmof_hw_accel.cpp:421]
ST_5 : Operation 86 [2/2] (3.25ns)   --->   "%glPLSlice1_V_1_load = load i180* %glPLSlice1_V_1_addr, align 8" [abmofParseEvents_SmallBitWidth/src/abmof_hw_accel.cpp:421]   --->   Core 38 'RAM_T2P_BRAM' <Latency = 1> <II = 1> <Delay = 3.25> <Storage> <Opcode : 'load' 'store'> <Ports = 2> <Width = 180> <Depth = 60> <RAM>
ST_5 : Operation 87 [1/1] (0.00ns)   --->   "%glPLSlice1_V_2_addr = getelementptr [60 x i180]* @glPLSlice1_V_2, i64 0, i64 %newIndex1" [abmofParseEvents_SmallBitWidth/src/abmof_hw_accel.cpp:421]
ST_5 : Operation 88 [2/2] (3.25ns)   --->   "%glPLSlice1_V_2_load = load i180* %glPLSlice1_V_2_addr, align 8" [abmofParseEvents_SmallBitWidth/src/abmof_hw_accel.cpp:421]   --->   Core 38 'RAM_T2P_BRAM' <Latency = 1> <II = 1> <Delay = 3.25> <Storage> <Opcode : 'load' 'store'> <Ports = 2> <Width = 180> <Depth = 60> <RAM>
ST_5 : Operation 89 [1/1] (0.00ns)   --->   "%glPLSlice1_V_3_addr = getelementptr [60 x i180]* @glPLSlice1_V_3, i64 0, i64 %newIndex1" [abmofParseEvents_SmallBitWidth/src/abmof_hw_accel.cpp:421]
ST_5 : Operation 90 [2/2] (3.25ns)   --->   "%glPLSlice1_V_3_load = load i180* %glPLSlice1_V_3_addr, align 8" [abmofParseEvents_SmallBitWidth/src/abmof_hw_accel.cpp:421]   --->   Core 38 'RAM_T2P_BRAM' <Latency = 1> <II = 1> <Delay = 3.25> <Storage> <Opcode : 'load' 'store'> <Ports = 2> <Width = 180> <Depth = 60> <RAM>
ST_5 : Operation 91 [1/1] (0.00ns)   --->   "%glPLSlice1_V_4_addr = getelementptr [60 x i180]* @glPLSlice1_V_4, i64 0, i64 %newIndex1" [abmofParseEvents_SmallBitWidth/src/abmof_hw_accel.cpp:421]
ST_5 : Operation 92 [2/2] (3.25ns)   --->   "%glPLSlice1_V_4_load = load i180* %glPLSlice1_V_4_addr, align 8" [abmofParseEvents_SmallBitWidth/src/abmof_hw_accel.cpp:421]   --->   Core 38 'RAM_T2P_BRAM' <Latency = 1> <II = 1> <Delay = 3.25> <Storage> <Opcode : 'load' 'store'> <Ports = 2> <Width = 180> <Depth = 60> <RAM>
ST_5 : Operation 93 [1/1] (0.00ns)   --->   "%glPLSlice1_V_5_addr = getelementptr [60 x i180]* @glPLSlice1_V_5, i64 0, i64 %newIndex1" [abmofParseEvents_SmallBitWidth/src/abmof_hw_accel.cpp:421]
ST_5 : Operation 94 [2/2] (3.25ns)   --->   "%glPLSlice1_V_5_load = load i180* %glPLSlice1_V_5_addr, align 8" [abmofParseEvents_SmallBitWidth/src/abmof_hw_accel.cpp:421]   --->   Core 38 'RAM_T2P_BRAM' <Latency = 1> <II = 1> <Delay = 3.25> <Storage> <Opcode : 'load' 'store'> <Ports = 2> <Width = 180> <Depth = 60> <RAM>
ST_5 : Operation 95 [1/1] (0.00ns)   --->   "%glPLSlice1_V_6_addr = getelementptr [60 x i180]* @glPLSlice1_V_6, i64 0, i64 %newIndex1" [abmofParseEvents_SmallBitWidth/src/abmof_hw_accel.cpp:421]
ST_5 : Operation 96 [2/2] (3.25ns)   --->   "%glPLSlice1_V_6_load = load i180* %glPLSlice1_V_6_addr, align 8" [abmofParseEvents_SmallBitWidth/src/abmof_hw_accel.cpp:421]   --->   Core 38 'RAM_T2P_BRAM' <Latency = 1> <II = 1> <Delay = 3.25> <Storage> <Opcode : 'load' 'store'> <Ports = 2> <Width = 180> <Depth = 60> <RAM>
ST_5 : Operation 97 [1/1] (0.00ns)   --->   "%glPLSlice1_V_7_addr = getelementptr [60 x i180]* @glPLSlice1_V_7, i64 0, i64 %newIndex1" [abmofParseEvents_SmallBitWidth/src/abmof_hw_accel.cpp:421]
ST_5 : Operation 98 [2/2] (3.25ns)   --->   "%glPLSlice1_V_7_load = load i180* %glPLSlice1_V_7_addr, align 8" [abmofParseEvents_SmallBitWidth/src/abmof_hw_accel.cpp:421]   --->   Core 38 'RAM_T2P_BRAM' <Latency = 1> <II = 1> <Delay = 3.25> <Storage> <Opcode : 'load' 'store'> <Ports = 2> <Width = 180> <Depth = 60> <RAM>
ST_5 : Operation 99 [1/1] (0.00ns)   --->   "%glPLSlice1_V_8_addr = getelementptr [60 x i180]* @glPLSlice1_V_8, i64 0, i64 %newIndex1" [abmofParseEvents_SmallBitWidth/src/abmof_hw_accel.cpp:421]
ST_5 : Operation 100 [2/2] (3.25ns)   --->   "%glPLSlice1_V_8_load = load i180* %glPLSlice1_V_8_addr, align 8" [abmofParseEvents_SmallBitWidth/src/abmof_hw_accel.cpp:421]   --->   Core 38 'RAM_T2P_BRAM' <Latency = 1> <II = 1> <Delay = 3.25> <Storage> <Opcode : 'load' 'store'> <Ports = 2> <Width = 180> <Depth = 60> <RAM>
ST_5 : Operation 101 [1/1] (0.00ns)   --->   "%glPLSlice1_V_9_addr = getelementptr [60 x i180]* @glPLSlice1_V_9, i64 0, i64 %newIndex1" [abmofParseEvents_SmallBitWidth/src/abmof_hw_accel.cpp:421]
ST_5 : Operation 102 [2/2] (3.25ns)   --->   "%glPLSlice1_V_9_load = load i180* %glPLSlice1_V_9_addr, align 8" [abmofParseEvents_SmallBitWidth/src/abmof_hw_accel.cpp:421]   --->   Core 38 'RAM_T2P_BRAM' <Latency = 1> <II = 1> <Delay = 3.25> <Storage> <Opcode : 'load' 'store'> <Ports = 2> <Width = 180> <Depth = 60> <RAM>
ST_5 : Operation 103 [1/1] (0.00ns)   --->   "%glPLSlice1_V_10_addr = getelementptr [60 x i180]* @glPLSlice1_V_10, i64 0, i64 %newIndex1" [abmofParseEvents_SmallBitWidth/src/abmof_hw_accel.cpp:421]
ST_5 : Operation 104 [2/2] (3.25ns)   --->   "%glPLSlice1_V_10_load = load i180* %glPLSlice1_V_10_addr, align 8" [abmofParseEvents_SmallBitWidth/src/abmof_hw_accel.cpp:421]   --->   Core 38 'RAM_T2P_BRAM' <Latency = 1> <II = 1> <Delay = 3.25> <Storage> <Opcode : 'load' 'store'> <Ports = 2> <Width = 180> <Depth = 60> <RAM>
ST_5 : Operation 105 [1/1] (0.00ns)   --->   "%glPLSlice1_V_11_addr = getelementptr [60 x i180]* @glPLSlice1_V_11, i64 0, i64 %newIndex1" [abmofParseEvents_SmallBitWidth/src/abmof_hw_accel.cpp:421]
ST_5 : Operation 106 [2/2] (3.25ns)   --->   "%glPLSlice1_V_11_load = load i180* %glPLSlice1_V_11_addr, align 8" [abmofParseEvents_SmallBitWidth/src/abmof_hw_accel.cpp:421]   --->   Core 38 'RAM_T2P_BRAM' <Latency = 1> <II = 1> <Delay = 3.25> <Storage> <Opcode : 'load' 'store'> <Ports = 2> <Width = 180> <Depth = 60> <RAM>
ST_5 : Operation 107 [1/1] (0.00ns)   --->   "%glPLSlice1_V_12_addr = getelementptr [60 x i180]* @glPLSlice1_V_12, i64 0, i64 %newIndex1" [abmofParseEvents_SmallBitWidth/src/abmof_hw_accel.cpp:421]
ST_5 : Operation 108 [2/2] (3.25ns)   --->   "%glPLSlice1_V_12_load = load i180* %glPLSlice1_V_12_addr, align 8" [abmofParseEvents_SmallBitWidth/src/abmof_hw_accel.cpp:421]   --->   Core 38 'RAM_T2P_BRAM' <Latency = 1> <II = 1> <Delay = 3.25> <Storage> <Opcode : 'load' 'store'> <Ports = 2> <Width = 180> <Depth = 60> <RAM>
ST_5 : Operation 109 [1/1] (0.00ns)   --->   "%glPLSlice1_V_13_addr = getelementptr [60 x i180]* @glPLSlice1_V_13, i64 0, i64 %newIndex1" [abmofParseEvents_SmallBitWidth/src/abmof_hw_accel.cpp:421]
ST_5 : Operation 110 [2/2] (3.25ns)   --->   "%glPLSlice1_V_13_load = load i180* %glPLSlice1_V_13_addr, align 8" [abmofParseEvents_SmallBitWidth/src/abmof_hw_accel.cpp:421]   --->   Core 38 'RAM_T2P_BRAM' <Latency = 1> <II = 1> <Delay = 3.25> <Storage> <Opcode : 'load' 'store'> <Ports = 2> <Width = 180> <Depth = 60> <RAM>
ST_5 : Operation 111 [1/1] (0.00ns)   --->   "%glPLSlice1_V_14_addr = getelementptr [60 x i180]* @glPLSlice1_V_14, i64 0, i64 %newIndex1" [abmofParseEvents_SmallBitWidth/src/abmof_hw_accel.cpp:421]
ST_5 : Operation 112 [2/2] (3.25ns)   --->   "%glPLSlice1_V_14_load = load i180* %glPLSlice1_V_14_addr, align 8" [abmofParseEvents_SmallBitWidth/src/abmof_hw_accel.cpp:421]   --->   Core 38 'RAM_T2P_BRAM' <Latency = 1> <II = 1> <Delay = 3.25> <Storage> <Opcode : 'load' 'store'> <Ports = 2> <Width = 180> <Depth = 60> <RAM>
ST_5 : Operation 113 [1/1] (0.00ns)   --->   "%glPLSlice1_V_15_addr = getelementptr [60 x i180]* @glPLSlice1_V_15, i64 0, i64 %newIndex1" [abmofParseEvents_SmallBitWidth/src/abmof_hw_accel.cpp:421]
ST_5 : Operation 114 [2/2] (3.25ns)   --->   "%glPLSlice1_V_15_load = load i180* %glPLSlice1_V_15_addr, align 8" [abmofParseEvents_SmallBitWidth/src/abmof_hw_accel.cpp:421]   --->   Core 38 'RAM_T2P_BRAM' <Latency = 1> <II = 1> <Delay = 3.25> <Storage> <Opcode : 'load' 'store'> <Ports = 2> <Width = 180> <Depth = 60> <RAM>
ST_5 : Operation 115 [1/1] (0.00ns)   --->   "%glPLSlice1_V_0_addr = getelementptr [60 x i180]* @glPLSlice1_V_0, i64 0, i64 %newIndex1" [abmofParseEvents_SmallBitWidth/src/abmof_hw_accel.cpp:421]
ST_5 : Operation 116 [2/2] (3.25ns)   --->   "%glPLSlice1_V_0_load = load i180* %glPLSlice1_V_0_addr, align 8" [abmofParseEvents_SmallBitWidth/src/abmof_hw_accel.cpp:421]   --->   Core 38 'RAM_T2P_BRAM' <Latency = 1> <II = 1> <Delay = 3.25> <Storage> <Opcode : 'load' 'store'> <Ports = 2> <Width = 180> <Depth = 60> <RAM>
ST_5 : Operation 117 [1/1] (0.00ns)   --->   "%glPLSlice2_V_1_addr = getelementptr [60 x i180]* @glPLSlice2_V_1, i64 0, i64 %newIndex1" [abmofParseEvents_SmallBitWidth/src/abmof_hw_accel.cpp:421]
ST_5 : Operation 118 [2/2] (3.25ns)   --->   "%glPLSlice2_V_1_load = load i180* %glPLSlice2_V_1_addr, align 8" [abmofParseEvents_SmallBitWidth/src/abmof_hw_accel.cpp:421]   --->   Core 38 'RAM_T2P_BRAM' <Latency = 1> <II = 1> <Delay = 3.25> <Storage> <Opcode : 'load' 'store'> <Ports = 2> <Width = 180> <Depth = 60> <RAM>
ST_5 : Operation 119 [1/1] (0.00ns)   --->   "%glPLSlice2_V_2_addr = getelementptr [60 x i180]* @glPLSlice2_V_2, i64 0, i64 %newIndex1" [abmofParseEvents_SmallBitWidth/src/abmof_hw_accel.cpp:421]
ST_5 : Operation 120 [2/2] (3.25ns)   --->   "%glPLSlice2_V_2_load = load i180* %glPLSlice2_V_2_addr, align 8" [abmofParseEvents_SmallBitWidth/src/abmof_hw_accel.cpp:421]   --->   Core 38 'RAM_T2P_BRAM' <Latency = 1> <II = 1> <Delay = 3.25> <Storage> <Opcode : 'load' 'store'> <Ports = 2> <Width = 180> <Depth = 60> <RAM>
ST_5 : Operation 121 [1/1] (0.00ns)   --->   "%glPLSlice2_V_3_addr = getelementptr [60 x i180]* @glPLSlice2_V_3, i64 0, i64 %newIndex1" [abmofParseEvents_SmallBitWidth/src/abmof_hw_accel.cpp:421]
ST_5 : Operation 122 [2/2] (3.25ns)   --->   "%glPLSlice2_V_3_load = load i180* %glPLSlice2_V_3_addr, align 8" [abmofParseEvents_SmallBitWidth/src/abmof_hw_accel.cpp:421]   --->   Core 38 'RAM_T2P_BRAM' <Latency = 1> <II = 1> <Delay = 3.25> <Storage> <Opcode : 'load' 'store'> <Ports = 2> <Width = 180> <Depth = 60> <RAM>
ST_5 : Operation 123 [1/1] (0.00ns)   --->   "%glPLSlice2_V_4_addr = getelementptr [60 x i180]* @glPLSlice2_V_4, i64 0, i64 %newIndex1" [abmofParseEvents_SmallBitWidth/src/abmof_hw_accel.cpp:421]
ST_5 : Operation 124 [2/2] (3.25ns)   --->   "%glPLSlice2_V_4_load = load i180* %glPLSlice2_V_4_addr, align 8" [abmofParseEvents_SmallBitWidth/src/abmof_hw_accel.cpp:421]   --->   Core 38 'RAM_T2P_BRAM' <Latency = 1> <II = 1> <Delay = 3.25> <Storage> <Opcode : 'load' 'store'> <Ports = 2> <Width = 180> <Depth = 60> <RAM>
ST_5 : Operation 125 [1/1] (0.00ns)   --->   "%glPLSlice2_V_5_addr = getelementptr [60 x i180]* @glPLSlice2_V_5, i64 0, i64 %newIndex1" [abmofParseEvents_SmallBitWidth/src/abmof_hw_accel.cpp:421]
ST_5 : Operation 126 [2/2] (3.25ns)   --->   "%glPLSlice2_V_5_load = load i180* %glPLSlice2_V_5_addr, align 8" [abmofParseEvents_SmallBitWidth/src/abmof_hw_accel.cpp:421]   --->   Core 38 'RAM_T2P_BRAM' <Latency = 1> <II = 1> <Delay = 3.25> <Storage> <Opcode : 'load' 'store'> <Ports = 2> <Width = 180> <Depth = 60> <RAM>
ST_5 : Operation 127 [1/1] (0.00ns)   --->   "%glPLSlice2_V_6_addr = getelementptr [60 x i180]* @glPLSlice2_V_6, i64 0, i64 %newIndex1" [abmofParseEvents_SmallBitWidth/src/abmof_hw_accel.cpp:421]
ST_5 : Operation 128 [2/2] (3.25ns)   --->   "%glPLSlice2_V_6_load = load i180* %glPLSlice2_V_6_addr, align 8" [abmofParseEvents_SmallBitWidth/src/abmof_hw_accel.cpp:421]   --->   Core 38 'RAM_T2P_BRAM' <Latency = 1> <II = 1> <Delay = 3.25> <Storage> <Opcode : 'load' 'store'> <Ports = 2> <Width = 180> <Depth = 60> <RAM>
ST_5 : Operation 129 [1/1] (0.00ns)   --->   "%glPLSlice2_V_7_addr = getelementptr [60 x i180]* @glPLSlice2_V_7, i64 0, i64 %newIndex1" [abmofParseEvents_SmallBitWidth/src/abmof_hw_accel.cpp:421]
ST_5 : Operation 130 [2/2] (3.25ns)   --->   "%glPLSlice2_V_7_load = load i180* %glPLSlice2_V_7_addr, align 8" [abmofParseEvents_SmallBitWidth/src/abmof_hw_accel.cpp:421]   --->   Core 38 'RAM_T2P_BRAM' <Latency = 1> <II = 1> <Delay = 3.25> <Storage> <Opcode : 'load' 'store'> <Ports = 2> <Width = 180> <Depth = 60> <RAM>
ST_5 : Operation 131 [1/1] (0.00ns)   --->   "%glPLSlice2_V_8_addr = getelementptr [60 x i180]* @glPLSlice2_V_8, i64 0, i64 %newIndex1" [abmofParseEvents_SmallBitWidth/src/abmof_hw_accel.cpp:421]
ST_5 : Operation 132 [2/2] (3.25ns)   --->   "%glPLSlice2_V_8_load = load i180* %glPLSlice2_V_8_addr, align 8" [abmofParseEvents_SmallBitWidth/src/abmof_hw_accel.cpp:421]   --->   Core 38 'RAM_T2P_BRAM' <Latency = 1> <II = 1> <Delay = 3.25> <Storage> <Opcode : 'load' 'store'> <Ports = 2> <Width = 180> <Depth = 60> <RAM>
ST_5 : Operation 133 [1/1] (0.00ns)   --->   "%glPLSlice2_V_9_addr = getelementptr [60 x i180]* @glPLSlice2_V_9, i64 0, i64 %newIndex1" [abmofParseEvents_SmallBitWidth/src/abmof_hw_accel.cpp:421]
ST_5 : Operation 134 [2/2] (3.25ns)   --->   "%glPLSlice2_V_9_load = load i180* %glPLSlice2_V_9_addr, align 8" [abmofParseEvents_SmallBitWidth/src/abmof_hw_accel.cpp:421]   --->   Core 38 'RAM_T2P_BRAM' <Latency = 1> <II = 1> <Delay = 3.25> <Storage> <Opcode : 'load' 'store'> <Ports = 2> <Width = 180> <Depth = 60> <RAM>
ST_5 : Operation 135 [1/1] (0.00ns)   --->   "%glPLSlice2_V_10_addr = getelementptr [60 x i180]* @glPLSlice2_V_10, i64 0, i64 %newIndex1" [abmofParseEvents_SmallBitWidth/src/abmof_hw_accel.cpp:421]
ST_5 : Operation 136 [2/2] (3.25ns)   --->   "%glPLSlice2_V_10_load = load i180* %glPLSlice2_V_10_addr, align 8" [abmofParseEvents_SmallBitWidth/src/abmof_hw_accel.cpp:421]   --->   Core 38 'RAM_T2P_BRAM' <Latency = 1> <II = 1> <Delay = 3.25> <Storage> <Opcode : 'load' 'store'> <Ports = 2> <Width = 180> <Depth = 60> <RAM>
ST_5 : Operation 137 [1/1] (0.00ns)   --->   "%glPLSlice2_V_11_addr = getelementptr [60 x i180]* @glPLSlice2_V_11, i64 0, i64 %newIndex1" [abmofParseEvents_SmallBitWidth/src/abmof_hw_accel.cpp:421]
ST_5 : Operation 138 [2/2] (3.25ns)   --->   "%glPLSlice2_V_11_load = load i180* %glPLSlice2_V_11_addr, align 8" [abmofParseEvents_SmallBitWidth/src/abmof_hw_accel.cpp:421]   --->   Core 38 'RAM_T2P_BRAM' <Latency = 1> <II = 1> <Delay = 3.25> <Storage> <Opcode : 'load' 'store'> <Ports = 2> <Width = 180> <Depth = 60> <RAM>
ST_5 : Operation 139 [1/1] (0.00ns)   --->   "%glPLSlice2_V_12_addr = getelementptr [60 x i180]* @glPLSlice2_V_12, i64 0, i64 %newIndex1" [abmofParseEvents_SmallBitWidth/src/abmof_hw_accel.cpp:421]
ST_5 : Operation 140 [2/2] (3.25ns)   --->   "%glPLSlice2_V_12_load = load i180* %glPLSlice2_V_12_addr, align 8" [abmofParseEvents_SmallBitWidth/src/abmof_hw_accel.cpp:421]   --->   Core 38 'RAM_T2P_BRAM' <Latency = 1> <II = 1> <Delay = 3.25> <Storage> <Opcode : 'load' 'store'> <Ports = 2> <Width = 180> <Depth = 60> <RAM>
ST_5 : Operation 141 [1/1] (0.00ns)   --->   "%glPLSlice2_V_13_addr = getelementptr [60 x i180]* @glPLSlice2_V_13, i64 0, i64 %newIndex1" [abmofParseEvents_SmallBitWidth/src/abmof_hw_accel.cpp:421]
ST_5 : Operation 142 [2/2] (3.25ns)   --->   "%glPLSlice2_V_13_load = load i180* %glPLSlice2_V_13_addr, align 8" [abmofParseEvents_SmallBitWidth/src/abmof_hw_accel.cpp:421]   --->   Core 38 'RAM_T2P_BRAM' <Latency = 1> <II = 1> <Delay = 3.25> <Storage> <Opcode : 'load' 'store'> <Ports = 2> <Width = 180> <Depth = 60> <RAM>
ST_5 : Operation 143 [1/1] (0.00ns)   --->   "%glPLSlice2_V_14_addr = getelementptr [60 x i180]* @glPLSlice2_V_14, i64 0, i64 %newIndex1" [abmofParseEvents_SmallBitWidth/src/abmof_hw_accel.cpp:421]
ST_5 : Operation 144 [2/2] (3.25ns)   --->   "%glPLSlice2_V_14_load = load i180* %glPLSlice2_V_14_addr, align 8" [abmofParseEvents_SmallBitWidth/src/abmof_hw_accel.cpp:421]   --->   Core 38 'RAM_T2P_BRAM' <Latency = 1> <II = 1> <Delay = 3.25> <Storage> <Opcode : 'load' 'store'> <Ports = 2> <Width = 180> <Depth = 60> <RAM>
ST_5 : Operation 145 [1/1] (0.00ns)   --->   "%glPLSlice2_V_15_addr = getelementptr [60 x i180]* @glPLSlice2_V_15, i64 0, i64 %newIndex1" [abmofParseEvents_SmallBitWidth/src/abmof_hw_accel.cpp:421]
ST_5 : Operation 146 [2/2] (3.25ns)   --->   "%glPLSlice2_V_15_load = load i180* %glPLSlice2_V_15_addr, align 8" [abmofParseEvents_SmallBitWidth/src/abmof_hw_accel.cpp:421]   --->   Core 38 'RAM_T2P_BRAM' <Latency = 1> <II = 1> <Delay = 3.25> <Storage> <Opcode : 'load' 'store'> <Ports = 2> <Width = 180> <Depth = 60> <RAM>
ST_5 : Operation 147 [1/1] (0.00ns)   --->   "%glPLSlice2_V_0_addr = getelementptr [60 x i180]* @glPLSlice2_V_0, i64 0, i64 %newIndex1" [abmofParseEvents_SmallBitWidth/src/abmof_hw_accel.cpp:421]
ST_5 : Operation 148 [2/2] (3.25ns)   --->   "%glPLSlice2_V_0_load = load i180* %glPLSlice2_V_0_addr, align 8" [abmofParseEvents_SmallBitWidth/src/abmof_hw_accel.cpp:421]   --->   Core 38 'RAM_T2P_BRAM' <Latency = 1> <II = 1> <Delay = 3.25> <Storage> <Opcode : 'load' 'store'> <Ports = 2> <Width = 180> <Depth = 60> <RAM>

 <State 6> : 7.87ns
ST_6 : Operation 149 [1/2] (3.25ns)   --->   "%glPLSlice0_V_1_load = load i180* %glPLSlice0_V_1_addr, align 8" [abmofParseEvents_SmallBitWidth/src/abmof_hw_accel.cpp:421]   --->   Core 38 'RAM_T2P_BRAM' <Latency = 1> <II = 1> <Delay = 3.25> <Storage> <Opcode : 'load' 'store'> <Ports = 2> <Width = 180> <Depth = 60> <RAM>
ST_6 : Operation 150 [1/2] (3.25ns)   --->   "%glPLSlice0_V_2_load = load i180* %glPLSlice0_V_2_addr, align 8" [abmofParseEvents_SmallBitWidth/src/abmof_hw_accel.cpp:421]   --->   Core 38 'RAM_T2P_BRAM' <Latency = 1> <II = 1> <Delay = 3.25> <Storage> <Opcode : 'load' 'store'> <Ports = 2> <Width = 180> <Depth = 60> <RAM>
ST_6 : Operation 151 [1/2] (3.25ns)   --->   "%glPLSlice0_V_3_load = load i180* %glPLSlice0_V_3_addr, align 8" [abmofParseEvents_SmallBitWidth/src/abmof_hw_accel.cpp:421]   --->   Core 38 'RAM_T2P_BRAM' <Latency = 1> <II = 1> <Delay = 3.25> <Storage> <Opcode : 'load' 'store'> <Ports = 2> <Width = 180> <Depth = 60> <RAM>
ST_6 : Operation 152 [1/2] (3.25ns)   --->   "%glPLSlice0_V_4_load = load i180* %glPLSlice0_V_4_addr, align 8" [abmofParseEvents_SmallBitWidth/src/abmof_hw_accel.cpp:421]   --->   Core 38 'RAM_T2P_BRAM' <Latency = 1> <II = 1> <Delay = 3.25> <Storage> <Opcode : 'load' 'store'> <Ports = 2> <Width = 180> <Depth = 60> <RAM>
ST_6 : Operation 153 [1/2] (3.25ns)   --->   "%glPLSlice0_V_5_load = load i180* %glPLSlice0_V_5_addr, align 8" [abmofParseEvents_SmallBitWidth/src/abmof_hw_accel.cpp:421]   --->   Core 38 'RAM_T2P_BRAM' <Latency = 1> <II = 1> <Delay = 3.25> <Storage> <Opcode : 'load' 'store'> <Ports = 2> <Width = 180> <Depth = 60> <RAM>
ST_6 : Operation 154 [1/2] (3.25ns)   --->   "%glPLSlice0_V_6_load = load i180* %glPLSlice0_V_6_addr, align 8" [abmofParseEvents_SmallBitWidth/src/abmof_hw_accel.cpp:421]   --->   Core 38 'RAM_T2P_BRAM' <Latency = 1> <II = 1> <Delay = 3.25> <Storage> <Opcode : 'load' 'store'> <Ports = 2> <Width = 180> <Depth = 60> <RAM>
ST_6 : Operation 155 [1/2] (3.25ns)   --->   "%glPLSlice0_V_7_load = load i180* %glPLSlice0_V_7_addr, align 8" [abmofParseEvents_SmallBitWidth/src/abmof_hw_accel.cpp:421]   --->   Core 38 'RAM_T2P_BRAM' <Latency = 1> <II = 1> <Delay = 3.25> <Storage> <Opcode : 'load' 'store'> <Ports = 2> <Width = 180> <Depth = 60> <RAM>
ST_6 : Operation 156 [1/2] (3.25ns)   --->   "%glPLSlice0_V_8_load = load i180* %glPLSlice0_V_8_addr, align 8" [abmofParseEvents_SmallBitWidth/src/abmof_hw_accel.cpp:421]   --->   Core 38 'RAM_T2P_BRAM' <Latency = 1> <II = 1> <Delay = 3.25> <Storage> <Opcode : 'load' 'store'> <Ports = 2> <Width = 180> <Depth = 60> <RAM>
ST_6 : Operation 157 [1/2] (3.25ns)   --->   "%glPLSlice0_V_9_load = load i180* %glPLSlice0_V_9_addr, align 8" [abmofParseEvents_SmallBitWidth/src/abmof_hw_accel.cpp:421]   --->   Core 38 'RAM_T2P_BRAM' <Latency = 1> <II = 1> <Delay = 3.25> <Storage> <Opcode : 'load' 'store'> <Ports = 2> <Width = 180> <Depth = 60> <RAM>
ST_6 : Operation 158 [1/2] (3.25ns)   --->   "%glPLSlice0_V_10_load = load i180* %glPLSlice0_V_10_addr, align 8" [abmofParseEvents_SmallBitWidth/src/abmof_hw_accel.cpp:421]   --->   Core 38 'RAM_T2P_BRAM' <Latency = 1> <II = 1> <Delay = 3.25> <Storage> <Opcode : 'load' 'store'> <Ports = 2> <Width = 180> <Depth = 60> <RAM>
ST_6 : Operation 159 [1/2] (3.25ns)   --->   "%glPLSlice0_V_11_load = load i180* %glPLSlice0_V_11_addr, align 8" [abmofParseEvents_SmallBitWidth/src/abmof_hw_accel.cpp:421]   --->   Core 38 'RAM_T2P_BRAM' <Latency = 1> <II = 1> <Delay = 3.25> <Storage> <Opcode : 'load' 'store'> <Ports = 2> <Width = 180> <Depth = 60> <RAM>
ST_6 : Operation 160 [1/2] (3.25ns)   --->   "%glPLSlice0_V_12_load = load i180* %glPLSlice0_V_12_addr, align 8" [abmofParseEvents_SmallBitWidth/src/abmof_hw_accel.cpp:421]   --->   Core 38 'RAM_T2P_BRAM' <Latency = 1> <II = 1> <Delay = 3.25> <Storage> <Opcode : 'load' 'store'> <Ports = 2> <Width = 180> <Depth = 60> <RAM>
ST_6 : Operation 161 [1/2] (3.25ns)   --->   "%glPLSlice0_V_13_load = load i180* %glPLSlice0_V_13_addr, align 8" [abmofParseEvents_SmallBitWidth/src/abmof_hw_accel.cpp:421]   --->   Core 38 'RAM_T2P_BRAM' <Latency = 1> <II = 1> <Delay = 3.25> <Storage> <Opcode : 'load' 'store'> <Ports = 2> <Width = 180> <Depth = 60> <RAM>
ST_6 : Operation 162 [1/2] (3.25ns)   --->   "%glPLSlice0_V_14_load = load i180* %glPLSlice0_V_14_addr, align 8" [abmofParseEvents_SmallBitWidth/src/abmof_hw_accel.cpp:421]   --->   Core 38 'RAM_T2P_BRAM' <Latency = 1> <II = 1> <Delay = 3.25> <Storage> <Opcode : 'load' 'store'> <Ports = 2> <Width = 180> <Depth = 60> <RAM>
ST_6 : Operation 163 [1/2] (3.25ns)   --->   "%glPLSlice0_V_15_load = load i180* %glPLSlice0_V_15_addr, align 8" [abmofParseEvents_SmallBitWidth/src/abmof_hw_accel.cpp:421]   --->   Core 38 'RAM_T2P_BRAM' <Latency = 1> <II = 1> <Delay = 3.25> <Storage> <Opcode : 'load' 'store'> <Ports = 2> <Width = 180> <Depth = 60> <RAM>
ST_6 : Operation 164 [1/2] (3.25ns)   --->   "%glPLSlice0_V_0_load = load i180* %glPLSlice0_V_0_addr, align 8" [abmofParseEvents_SmallBitWidth/src/abmof_hw_accel.cpp:421]   --->   Core 38 'RAM_T2P_BRAM' <Latency = 1> <II = 1> <Delay = 3.25> <Storage> <Opcode : 'load' 'store'> <Ports = 2> <Width = 180> <Depth = 60> <RAM>
ST_6 : Operation 165 [1/1] (2.06ns)   --->   "%tmp_6 = call i180 @_ssdm_op_Mux.ap_auto.16i180.i4(i180 %glPLSlice0_V_1_load, i180 %glPLSlice0_V_2_load, i180 %glPLSlice0_V_3_load, i180 %glPLSlice0_V_4_load, i180 %glPLSlice0_V_5_load, i180 %glPLSlice0_V_6_load, i180 %glPLSlice0_V_7_load, i180 %glPLSlice0_V_8_load, i180 %glPLSlice0_V_9_load, i180 %glPLSlice0_V_10_load, i180 %glPLSlice0_V_11_load, i180 %glPLSlice0_V_12_load, i180 %glPLSlice0_V_13_load, i180 %glPLSlice0_V_14_load, i180 %glPLSlice0_V_15_load, i180 %glPLSlice0_V_0_load, i4 %arrayNo) nounwind" [abmofParseEvents_SmallBitWidth/src/abmof_hw_accel.cpp:421]   --->   Core 31 'MuxnS' <Latency = 0> <II = 1> <Delay = 2.06> <FuncUnit> <Opcode : 'mux'> <InPorts = 2> <OutPorts = 1>
ST_6 : Operation 166 [1/1] (0.00ns)   --->   "%tmp_10 = trunc i180 %tmp_6 to i32" [abmofParseEvents_SmallBitWidth/src/abmof_hw_accel.cpp:421]
ST_6 : Operation 167 [1/2] (3.25ns)   --->   "%glPLSlice1_V_1_load = load i180* %glPLSlice1_V_1_addr, align 8" [abmofParseEvents_SmallBitWidth/src/abmof_hw_accel.cpp:421]   --->   Core 38 'RAM_T2P_BRAM' <Latency = 1> <II = 1> <Delay = 3.25> <Storage> <Opcode : 'load' 'store'> <Ports = 2> <Width = 180> <Depth = 60> <RAM>
ST_6 : Operation 168 [1/2] (3.25ns)   --->   "%glPLSlice1_V_2_load = load i180* %glPLSlice1_V_2_addr, align 8" [abmofParseEvents_SmallBitWidth/src/abmof_hw_accel.cpp:421]   --->   Core 38 'RAM_T2P_BRAM' <Latency = 1> <II = 1> <Delay = 3.25> <Storage> <Opcode : 'load' 'store'> <Ports = 2> <Width = 180> <Depth = 60> <RAM>
ST_6 : Operation 169 [1/2] (3.25ns)   --->   "%glPLSlice1_V_3_load = load i180* %glPLSlice1_V_3_addr, align 8" [abmofParseEvents_SmallBitWidth/src/abmof_hw_accel.cpp:421]   --->   Core 38 'RAM_T2P_BRAM' <Latency = 1> <II = 1> <Delay = 3.25> <Storage> <Opcode : 'load' 'store'> <Ports = 2> <Width = 180> <Depth = 60> <RAM>
ST_6 : Operation 170 [1/2] (3.25ns)   --->   "%glPLSlice1_V_4_load = load i180* %glPLSlice1_V_4_addr, align 8" [abmofParseEvents_SmallBitWidth/src/abmof_hw_accel.cpp:421]   --->   Core 38 'RAM_T2P_BRAM' <Latency = 1> <II = 1> <Delay = 3.25> <Storage> <Opcode : 'load' 'store'> <Ports = 2> <Width = 180> <Depth = 60> <RAM>
ST_6 : Operation 171 [1/2] (3.25ns)   --->   "%glPLSlice1_V_5_load = load i180* %glPLSlice1_V_5_addr, align 8" [abmofParseEvents_SmallBitWidth/src/abmof_hw_accel.cpp:421]   --->   Core 38 'RAM_T2P_BRAM' <Latency = 1> <II = 1> <Delay = 3.25> <Storage> <Opcode : 'load' 'store'> <Ports = 2> <Width = 180> <Depth = 60> <RAM>
ST_6 : Operation 172 [1/2] (3.25ns)   --->   "%glPLSlice1_V_6_load = load i180* %glPLSlice1_V_6_addr, align 8" [abmofParseEvents_SmallBitWidth/src/abmof_hw_accel.cpp:421]   --->   Core 38 'RAM_T2P_BRAM' <Latency = 1> <II = 1> <Delay = 3.25> <Storage> <Opcode : 'load' 'store'> <Ports = 2> <Width = 180> <Depth = 60> <RAM>
ST_6 : Operation 173 [1/2] (3.25ns)   --->   "%glPLSlice1_V_7_load = load i180* %glPLSlice1_V_7_addr, align 8" [abmofParseEvents_SmallBitWidth/src/abmof_hw_accel.cpp:421]   --->   Core 38 'RAM_T2P_BRAM' <Latency = 1> <II = 1> <Delay = 3.25> <Storage> <Opcode : 'load' 'store'> <Ports = 2> <Width = 180> <Depth = 60> <RAM>
ST_6 : Operation 174 [1/2] (3.25ns)   --->   "%glPLSlice1_V_8_load = load i180* %glPLSlice1_V_8_addr, align 8" [abmofParseEvents_SmallBitWidth/src/abmof_hw_accel.cpp:421]   --->   Core 38 'RAM_T2P_BRAM' <Latency = 1> <II = 1> <Delay = 3.25> <Storage> <Opcode : 'load' 'store'> <Ports = 2> <Width = 180> <Depth = 60> <RAM>
ST_6 : Operation 175 [1/2] (3.25ns)   --->   "%glPLSlice1_V_9_load = load i180* %glPLSlice1_V_9_addr, align 8" [abmofParseEvents_SmallBitWidth/src/abmof_hw_accel.cpp:421]   --->   Core 38 'RAM_T2P_BRAM' <Latency = 1> <II = 1> <Delay = 3.25> <Storage> <Opcode : 'load' 'store'> <Ports = 2> <Width = 180> <Depth = 60> <RAM>
ST_6 : Operation 176 [1/2] (3.25ns)   --->   "%glPLSlice1_V_10_load = load i180* %glPLSlice1_V_10_addr, align 8" [abmofParseEvents_SmallBitWidth/src/abmof_hw_accel.cpp:421]   --->   Core 38 'RAM_T2P_BRAM' <Latency = 1> <II = 1> <Delay = 3.25> <Storage> <Opcode : 'load' 'store'> <Ports = 2> <Width = 180> <Depth = 60> <RAM>
ST_6 : Operation 177 [1/2] (3.25ns)   --->   "%glPLSlice1_V_11_load = load i180* %glPLSlice1_V_11_addr, align 8" [abmofParseEvents_SmallBitWidth/src/abmof_hw_accel.cpp:421]   --->   Core 38 'RAM_T2P_BRAM' <Latency = 1> <II = 1> <Delay = 3.25> <Storage> <Opcode : 'load' 'store'> <Ports = 2> <Width = 180> <Depth = 60> <RAM>
ST_6 : Operation 178 [1/2] (3.25ns)   --->   "%glPLSlice1_V_12_load = load i180* %glPLSlice1_V_12_addr, align 8" [abmofParseEvents_SmallBitWidth/src/abmof_hw_accel.cpp:421]   --->   Core 38 'RAM_T2P_BRAM' <Latency = 1> <II = 1> <Delay = 3.25> <Storage> <Opcode : 'load' 'store'> <Ports = 2> <Width = 180> <Depth = 60> <RAM>
ST_6 : Operation 179 [1/2] (3.25ns)   --->   "%glPLSlice1_V_13_load = load i180* %glPLSlice1_V_13_addr, align 8" [abmofParseEvents_SmallBitWidth/src/abmof_hw_accel.cpp:421]   --->   Core 38 'RAM_T2P_BRAM' <Latency = 1> <II = 1> <Delay = 3.25> <Storage> <Opcode : 'load' 'store'> <Ports = 2> <Width = 180> <Depth = 60> <RAM>
ST_6 : Operation 180 [1/2] (3.25ns)   --->   "%glPLSlice1_V_14_load = load i180* %glPLSlice1_V_14_addr, align 8" [abmofParseEvents_SmallBitWidth/src/abmof_hw_accel.cpp:421]   --->   Core 38 'RAM_T2P_BRAM' <Latency = 1> <II = 1> <Delay = 3.25> <Storage> <Opcode : 'load' 'store'> <Ports = 2> <Width = 180> <Depth = 60> <RAM>
ST_6 : Operation 181 [1/2] (3.25ns)   --->   "%glPLSlice1_V_15_load = load i180* %glPLSlice1_V_15_addr, align 8" [abmofParseEvents_SmallBitWidth/src/abmof_hw_accel.cpp:421]   --->   Core 38 'RAM_T2P_BRAM' <Latency = 1> <II = 1> <Delay = 3.25> <Storage> <Opcode : 'load' 'store'> <Ports = 2> <Width = 180> <Depth = 60> <RAM>
ST_6 : Operation 182 [1/2] (3.25ns)   --->   "%glPLSlice1_V_0_load = load i180* %glPLSlice1_V_0_addr, align 8" [abmofParseEvents_SmallBitWidth/src/abmof_hw_accel.cpp:421]   --->   Core 38 'RAM_T2P_BRAM' <Latency = 1> <II = 1> <Delay = 3.25> <Storage> <Opcode : 'load' 'store'> <Ports = 2> <Width = 180> <Depth = 60> <RAM>
ST_6 : Operation 183 [1/1] (2.06ns)   --->   "%tmp_8 = call i180 @_ssdm_op_Mux.ap_auto.16i180.i4(i180 %glPLSlice1_V_1_load, i180 %glPLSlice1_V_2_load, i180 %glPLSlice1_V_3_load, i180 %glPLSlice1_V_4_load, i180 %glPLSlice1_V_5_load, i180 %glPLSlice1_V_6_load, i180 %glPLSlice1_V_7_load, i180 %glPLSlice1_V_8_load, i180 %glPLSlice1_V_9_load, i180 %glPLSlice1_V_10_load, i180 %glPLSlice1_V_11_load, i180 %glPLSlice1_V_12_load, i180 %glPLSlice1_V_13_load, i180 %glPLSlice1_V_14_load, i180 %glPLSlice1_V_15_load, i180 %glPLSlice1_V_0_load, i4 %arrayNo) nounwind" [abmofParseEvents_SmallBitWidth/src/abmof_hw_accel.cpp:421]   --->   Core 31 'MuxnS' <Latency = 0> <II = 1> <Delay = 2.06> <FuncUnit> <Opcode : 'mux'> <InPorts = 2> <OutPorts = 1>
ST_6 : Operation 184 [1/1] (0.00ns)   --->   "%tmp_12 = trunc i180 %tmp_8 to i32" [abmofParseEvents_SmallBitWidth/src/abmof_hw_accel.cpp:421]
ST_6 : Operation 185 [1/2] (3.25ns)   --->   "%glPLSlice2_V_1_load = load i180* %glPLSlice2_V_1_addr, align 8" [abmofParseEvents_SmallBitWidth/src/abmof_hw_accel.cpp:421]   --->   Core 38 'RAM_T2P_BRAM' <Latency = 1> <II = 1> <Delay = 3.25> <Storage> <Opcode : 'load' 'store'> <Ports = 2> <Width = 180> <Depth = 60> <RAM>
ST_6 : Operation 186 [1/2] (3.25ns)   --->   "%glPLSlice2_V_2_load = load i180* %glPLSlice2_V_2_addr, align 8" [abmofParseEvents_SmallBitWidth/src/abmof_hw_accel.cpp:421]   --->   Core 38 'RAM_T2P_BRAM' <Latency = 1> <II = 1> <Delay = 3.25> <Storage> <Opcode : 'load' 'store'> <Ports = 2> <Width = 180> <Depth = 60> <RAM>
ST_6 : Operation 187 [1/2] (3.25ns)   --->   "%glPLSlice2_V_3_load = load i180* %glPLSlice2_V_3_addr, align 8" [abmofParseEvents_SmallBitWidth/src/abmof_hw_accel.cpp:421]   --->   Core 38 'RAM_T2P_BRAM' <Latency = 1> <II = 1> <Delay = 3.25> <Storage> <Opcode : 'load' 'store'> <Ports = 2> <Width = 180> <Depth = 60> <RAM>
ST_6 : Operation 188 [1/2] (3.25ns)   --->   "%glPLSlice2_V_4_load = load i180* %glPLSlice2_V_4_addr, align 8" [abmofParseEvents_SmallBitWidth/src/abmof_hw_accel.cpp:421]   --->   Core 38 'RAM_T2P_BRAM' <Latency = 1> <II = 1> <Delay = 3.25> <Storage> <Opcode : 'load' 'store'> <Ports = 2> <Width = 180> <Depth = 60> <RAM>
ST_6 : Operation 189 [1/2] (3.25ns)   --->   "%glPLSlice2_V_5_load = load i180* %glPLSlice2_V_5_addr, align 8" [abmofParseEvents_SmallBitWidth/src/abmof_hw_accel.cpp:421]   --->   Core 38 'RAM_T2P_BRAM' <Latency = 1> <II = 1> <Delay = 3.25> <Storage> <Opcode : 'load' 'store'> <Ports = 2> <Width = 180> <Depth = 60> <RAM>
ST_6 : Operation 190 [1/2] (3.25ns)   --->   "%glPLSlice2_V_6_load = load i180* %glPLSlice2_V_6_addr, align 8" [abmofParseEvents_SmallBitWidth/src/abmof_hw_accel.cpp:421]   --->   Core 38 'RAM_T2P_BRAM' <Latency = 1> <II = 1> <Delay = 3.25> <Storage> <Opcode : 'load' 'store'> <Ports = 2> <Width = 180> <Depth = 60> <RAM>
ST_6 : Operation 191 [1/2] (3.25ns)   --->   "%glPLSlice2_V_7_load = load i180* %glPLSlice2_V_7_addr, align 8" [abmofParseEvents_SmallBitWidth/src/abmof_hw_accel.cpp:421]   --->   Core 38 'RAM_T2P_BRAM' <Latency = 1> <II = 1> <Delay = 3.25> <Storage> <Opcode : 'load' 'store'> <Ports = 2> <Width = 180> <Depth = 60> <RAM>
ST_6 : Operation 192 [1/2] (3.25ns)   --->   "%glPLSlice2_V_8_load = load i180* %glPLSlice2_V_8_addr, align 8" [abmofParseEvents_SmallBitWidth/src/abmof_hw_accel.cpp:421]   --->   Core 38 'RAM_T2P_BRAM' <Latency = 1> <II = 1> <Delay = 3.25> <Storage> <Opcode : 'load' 'store'> <Ports = 2> <Width = 180> <Depth = 60> <RAM>
ST_6 : Operation 193 [1/2] (3.25ns)   --->   "%glPLSlice2_V_9_load = load i180* %glPLSlice2_V_9_addr, align 8" [abmofParseEvents_SmallBitWidth/src/abmof_hw_accel.cpp:421]   --->   Core 38 'RAM_T2P_BRAM' <Latency = 1> <II = 1> <Delay = 3.25> <Storage> <Opcode : 'load' 'store'> <Ports = 2> <Width = 180> <Depth = 60> <RAM>
ST_6 : Operation 194 [1/2] (3.25ns)   --->   "%glPLSlice2_V_10_load = load i180* %glPLSlice2_V_10_addr, align 8" [abmofParseEvents_SmallBitWidth/src/abmof_hw_accel.cpp:421]   --->   Core 38 'RAM_T2P_BRAM' <Latency = 1> <II = 1> <Delay = 3.25> <Storage> <Opcode : 'load' 'store'> <Ports = 2> <Width = 180> <Depth = 60> <RAM>
ST_6 : Operation 195 [1/2] (3.25ns)   --->   "%glPLSlice2_V_11_load = load i180* %glPLSlice2_V_11_addr, align 8" [abmofParseEvents_SmallBitWidth/src/abmof_hw_accel.cpp:421]   --->   Core 38 'RAM_T2P_BRAM' <Latency = 1> <II = 1> <Delay = 3.25> <Storage> <Opcode : 'load' 'store'> <Ports = 2> <Width = 180> <Depth = 60> <RAM>
ST_6 : Operation 196 [1/2] (3.25ns)   --->   "%glPLSlice2_V_12_load = load i180* %glPLSlice2_V_12_addr, align 8" [abmofParseEvents_SmallBitWidth/src/abmof_hw_accel.cpp:421]   --->   Core 38 'RAM_T2P_BRAM' <Latency = 1> <II = 1> <Delay = 3.25> <Storage> <Opcode : 'load' 'store'> <Ports = 2> <Width = 180> <Depth = 60> <RAM>
ST_6 : Operation 197 [1/2] (3.25ns)   --->   "%glPLSlice2_V_13_load = load i180* %glPLSlice2_V_13_addr, align 8" [abmofParseEvents_SmallBitWidth/src/abmof_hw_accel.cpp:421]   --->   Core 38 'RAM_T2P_BRAM' <Latency = 1> <II = 1> <Delay = 3.25> <Storage> <Opcode : 'load' 'store'> <Ports = 2> <Width = 180> <Depth = 60> <RAM>
ST_6 : Operation 198 [1/2] (3.25ns)   --->   "%glPLSlice2_V_14_load = load i180* %glPLSlice2_V_14_addr, align 8" [abmofParseEvents_SmallBitWidth/src/abmof_hw_accel.cpp:421]   --->   Core 38 'RAM_T2P_BRAM' <Latency = 1> <II = 1> <Delay = 3.25> <Storage> <Opcode : 'load' 'store'> <Ports = 2> <Width = 180> <Depth = 60> <RAM>
ST_6 : Operation 199 [1/2] (3.25ns)   --->   "%glPLSlice2_V_15_load = load i180* %glPLSlice2_V_15_addr, align 8" [abmofParseEvents_SmallBitWidth/src/abmof_hw_accel.cpp:421]   --->   Core 38 'RAM_T2P_BRAM' <Latency = 1> <II = 1> <Delay = 3.25> <Storage> <Opcode : 'load' 'store'> <Ports = 2> <Width = 180> <Depth = 60> <RAM>
ST_6 : Operation 200 [1/2] (3.25ns)   --->   "%glPLSlice2_V_0_load = load i180* %glPLSlice2_V_0_addr, align 8" [abmofParseEvents_SmallBitWidth/src/abmof_hw_accel.cpp:421]   --->   Core 38 'RAM_T2P_BRAM' <Latency = 1> <II = 1> <Delay = 3.25> <Storage> <Opcode : 'load' 'store'> <Ports = 2> <Width = 180> <Depth = 60> <RAM>
ST_6 : Operation 201 [1/1] (2.06ns)   --->   "%tmp_7 = call i180 @_ssdm_op_Mux.ap_auto.16i180.i4(i180 %glPLSlice2_V_1_load, i180 %glPLSlice2_V_2_load, i180 %glPLSlice2_V_3_load, i180 %glPLSlice2_V_4_load, i180 %glPLSlice2_V_5_load, i180 %glPLSlice2_V_6_load, i180 %glPLSlice2_V_7_load, i180 %glPLSlice2_V_8_load, i180 %glPLSlice2_V_9_load, i180 %glPLSlice2_V_10_load, i180 %glPLSlice2_V_11_load, i180 %glPLSlice2_V_12_load, i180 %glPLSlice2_V_13_load, i180 %glPLSlice2_V_14_load, i180 %glPLSlice2_V_15_load, i180 %glPLSlice2_V_0_load, i4 %arrayNo) nounwind" [abmofParseEvents_SmallBitWidth/src/abmof_hw_accel.cpp:421]   --->   Core 31 'MuxnS' <Latency = 0> <II = 1> <Delay = 2.06> <FuncUnit> <Opcode : 'mux'> <InPorts = 2> <OutPorts = 1>
ST_6 : Operation 202 [1/1] (0.00ns)   --->   "%tmp_13 = trunc i180 %tmp_7 to i32" [abmofParseEvents_SmallBitWidth/src/abmof_hw_accel.cpp:421]
ST_6 : Operation 203 [1/1] (2.55ns)   --->   "%tmp2 = add i32 %tmp_12, %tmp_13" [abmofParseEvents_SmallBitWidth/src/abmof_hw_accel.cpp:421]   --->   Core 14 'AddSub' <Latency = 0> <II = 1> <Delay = 2.07> <FuncUnit> <Opcode : 'add' 'sub'> <InPorts = 2> <OutPorts = 1>

 <State 7> : 8.79ns
ST_7 : Operation 204 [1/1] (0.00ns)   --->   "%i_op_assign_load = load i16* %i_op_assign" [abmofParseEvents_SmallBitWidth/src/abmof_hw_accel.cpp:437]
ST_7 : Operation 205 [1/1] (0.00ns)   --->   "call void (...)* @_ssdm_op_SpecLoopName([7 x i8]* @p_str14) nounwind" [abmofParseEvents_SmallBitWidth/src/abmof_hw_accel.cpp:289]
ST_7 : Operation 206 [1/1] (0.00ns)   --->   "%tmp_s = call i32 (...)* @_ssdm_op_SpecRegionBegin([7 x i8]* @p_str14) nounwind" [abmofParseEvents_SmallBitWidth/src/abmof_hw_accel.cpp:289]
ST_7 : Operation 207 [1/1] (0.00ns)   --->   "call void (...)* @_ssdm_op_SpecPipeline(i32 -1, i32 1, i32 1, i32 0, [1 x i8]* @p_str10) nounwind" [abmofParseEvents_SmallBitWidth/src/abmof_hw_accel.cpp:290]
ST_7 : Operation 208 [1/1] (0.00ns)   --->   "call void (...)* @_ssdm_op_SpecLoopTripCount(i32 0, i32 10000, i32 5000, [1 x i8]* @p_str10) nounwind" [abmofParseEvents_SmallBitWidth/src/abmof_hw_accel.cpp:291]
ST_7 : Operation 209 [1/1] (0.00ns)   --->   "%tmp_16_cast = zext i16 %i_op_assign_load to i17" [abmofParseEvents_SmallBitWidth/src/abmof_hw_accel.cpp:428]
ST_7 : Operation 210 [1/1] (0.00ns)   --->   "%i_op_assign_1 = call i17 @_ssdm_op_BitConcatenate.i17.i9.i8(i9 %y, i8 0)" [abmofParseEvents_SmallBitWidth/src/abmof_hw_accel.cpp:428]
ST_7 : Operation 211 [1/1] (0.78ns)   --->   "%i_op_assign_1_pn = select i1 %tmp_5, i17 %tmp_16_cast, i17 %i_op_assign_1" [abmofParseEvents_SmallBitWidth/src/abmof_hw_accel.cpp:418]   --->   Core 26 'Sel' <Latency = 0> <II = 1> <Delay = 0.78> <FuncUnit> <Opcode : 'select'> <InPorts = 3> <OutPorts = 1>
ST_7 : Operation 212 [1/1] (0.00ns)   --->   "%i_op_assign_1_pn_cas = zext i17 %i_op_assign_1_pn to i32" [abmofParseEvents_SmallBitWidth/src/abmof_hw_accel.cpp:418]
ST_7 : Operation 213 [1/1] (0.00ns) (grouped into TernaryAdder)   --->   "%tmp1 = add i32 %tmp_10, %i_op_assign_1_pn_cas" [abmofParseEvents_SmallBitWidth/src/abmof_hw_accel.cpp:421]   --->   Core 80 'TAddSub' <Latency = 0> <II = 1> <Delay = 2.18> <IPBlock> <Opcode : 'add' 'sub'> <InPorts = 3> <OutPorts = 1> <Sync> <CReg>
ST_7 : Operation 214 [1/1] (4.37ns) (root node of TernaryAdder)   --->   "%storemerge = add i32 %tmp2, %tmp1" [abmofParseEvents_SmallBitWidth/src/abmof_hw_accel.cpp:421]   --->   Core 80 'TAddSub' <Latency = 0> <II = 1> <Delay = 2.18> <IPBlock> <Opcode : 'add' 'sub'> <InPorts = 3> <OutPorts = 1> <Sync> <CReg>
ST_7 : Operation 215 [1/1] (3.63ns)   --->   "call void @_ssdm_op_Write.ap_fifo.i32P(i32* %eventSlice, i32 %storemerge) nounwind" [abmofParseEvents_SmallBitWidth/src/abmof_hw_accel.cpp:421]   --->   Core 32 'FIFO' <Latency = 0> <II = 1> <Delay = 3.63> <Storage> <Opcode : 'read' 'write' 'nbread' 'nbwrite'> <Ports = 0> <Width = 32> <Depth = 0> <FIFO>
ST_7 : Operation 216 [1/1] (2.07ns)   --->   "%localCnt = add i16 1, %i_op_assign_load" [abmofParseEvents_SmallBitWidth/src/abmof_hw_accel.cpp:437]   --->   Core 14 'AddSub' <Latency = 0> <II = 1> <Delay = 2.07> <FuncUnit> <Opcode : 'add' 'sub'> <InPorts = 2> <OutPorts = 1>
ST_7 : Operation 217 [1/1] (0.00ns)   --->   "%glCnt_load = load i16* @glCnt, align 2" [abmofParseEvents_SmallBitWidth/src/abmof_hw_accel.cpp:438]
ST_7 : Operation 218 [1/1] (2.07ns)   --->   "%tmp_11 = add i16 1, %glCnt_load" [abmofParseEvents_SmallBitWidth/src/abmof_hw_accel.cpp:438]   --->   Core 14 'AddSub' <Latency = 0> <II = 1> <Delay = 2.07> <FuncUnit> <Opcode : 'add' 'sub'> <InPorts = 2> <OutPorts = 1>
ST_7 : Operation 219 [1/1] (0.00ns)   --->   "store i16 %tmp_11, i16* @glCnt, align 2" [abmofParseEvents_SmallBitWidth/src/abmof_hw_accel.cpp:438]
ST_7 : Operation 220 [1/1] (0.00ns)   --->   "%empty = call i32 (...)* @_ssdm_op_SpecRegionEnd([7 x i8]* @p_str14, i32 %tmp_s) nounwind" [abmofParseEvents_SmallBitWidth/src/abmof_hw_accel.cpp:439]
ST_7 : Operation 221 [1/1] (0.00ns)   --->   "store i16 %localCnt, i16* %i_op_assign" [abmofParseEvents_SmallBitWidth/src/abmof_hw_accel.cpp:437]
ST_7 : Operation 222 [1/1] (0.00ns)   --->   "br label %8" [abmofParseEvents_SmallBitWidth/src/abmof_hw_accel.cpp:288]

 <State 8> : 0.00ns
ST_8 : Operation 223 [1/1] (0.00ns)   --->   "ret void" [abmofParseEvents_SmallBitWidth/src/abmof_hw_accel.cpp:441]


============================================================
+ Verbose Summary: Timing violations
============================================================
Target clock period: 10ns, clock uncertainty: 0.1ns.

 <State 1>: 1.81ns
The critical path consists of the following:
	'store' operation (abmofParseEvents_SmallBitWidth/src/abmof_hw_accel.cpp:266) of constant 0 on static variable 'glPLActiveSliceIdx_V' [74]  (1.81 ns)

 <State 2>: 3.45ns
The critical path consists of the following:
	'icmp' operation ('tmp_3', abmofParseEvents_SmallBitWidth/src/abmof_hw_accel.cpp:288) [92]  (2.47 ns)
	blocking operation 0.978 ns on control path)

 <State 3>: 7.36ns
The critical path consists of the following:
	fifo read on port 'data' (abmofParseEvents_SmallBitWidth/src/abmof_hw_accel.cpp:292) [101]  (3.63 ns)
	'call' operation (abmofParseEvents_SmallBitWidth/src/abmof_hw_accel.cpp:307) to 'accumulateHW' [106]  (3.73 ns)

 <State 4>: 0ns
The critical path consists of the following:

 <State 5>: 3.25ns
The critical path consists of the following:
	'getelementptr' operation ('glPLSlice0_V_4_addr', abmofParseEvents_SmallBitWidth/src/abmof_hw_accel.cpp:421) [118]  (0 ns)
	'load' operation ('glPLSlice0_V_4_load', abmofParseEvents_SmallBitWidth/src/abmof_hw_accel.cpp:421) on array 'glPLSlice0_V_4' [119]  (3.25 ns)

 <State 6>: 7.87ns
The critical path consists of the following:
	'load' operation ('glPLSlice1_V_1_load', abmofParseEvents_SmallBitWidth/src/abmof_hw_accel.cpp:421) on array 'glPLSlice1_V_1' [147]  (3.25 ns)
	'mux' operation ('tmp_8', abmofParseEvents_SmallBitWidth/src/abmof_hw_accel.cpp:421) [178]  (2.06 ns)
	'add' operation ('tmp2', abmofParseEvents_SmallBitWidth/src/abmof_hw_accel.cpp:421) [219]  (2.55 ns)

 <State 7>: 8.79ns
The critical path consists of the following:
	'load' operation ('i_op_assign_load', abmofParseEvents_SmallBitWidth/src/abmof_hw_accel.cpp:437) on local variable 'op' [96]  (0 ns)
	'select' operation ('i_op_assign_1_pn', abmofParseEvents_SmallBitWidth/src/abmof_hw_accel.cpp:418) [216]  (0.781 ns)
	'add' operation ('tmp1', abmofParseEvents_SmallBitWidth/src/abmof_hw_accel.cpp:421) [218]  (0 ns)
	'add' operation ('storemerge', abmofParseEvents_SmallBitWidth/src/abmof_hw_accel.cpp:421) [220]  (4.37 ns)
	fifo write on port 'eventSlice' (abmofParseEvents_SmallBitWidth/src/abmof_hw_accel.cpp:421) [221]  (3.63 ns)

 <State 8>: 0ns
The critical path consists of the following:


============================================================
+ Verbose Summary: Binding
============================================================
N/A
* FSMD analyzer results:
  - Output states:
 - Input state : 
  - Chain level:
	State 1
	State 2
	State 3
	State 4
	State 5
	State 6
	State 7
	State 8


============================================================
+ Verbose Summary: Datapath Resource usage 
============================================================
N/A
