INFO: [HLS 200-0] Workspace E:/xfOpenCV/hls_2018_1/abmofParseEvents/solution6 opened at Sun Sep 02 00:04:24 +0200 2018
Execute     config_clock -quiet -name default -period 10 -default=false 
INFO: [SYN 201-201] Setting up clock 'default' with a period of 10ns.
Command     config_clock returned 0; 0 sec.
Execute     config_clock -quiet -name default -uncertainty 0.1 
INFO: [SYN 201-201] Setting up clock 'default' with an uncertainty of 0.1ns.
Command     config_clock returned 0; 0 sec.
Execute     open_platform DefaultPlatform 
Command     open_platform returned 0; 0 sec.
Execute     import_lib D:/Xilinx/Vivado/2018.1/common/technology/xilinx/zynq/zynq 
Execute       source D:/Xilinx/Vivado/2018.1/common/technology/xilinx/common/xilinx.lib 
Execute         source D:/Xilinx/Vivado/2018.1/common/technology/xilinx/interface/xilinx_interface.lib 
Execute           source D:/Xilinx/Vivado/2018.1/common/technology/xilinx/interface/plb46.lib 
Command           ap_source returned 0; 0.001 sec.
Execute           source D:/Xilinx/Vivado/2018.1/common/technology/xilinx/interface/fsl.lib 
Command           ap_source returned 0; 0.001 sec.
Execute           source D:/Xilinx/Vivado/2018.1/common/technology/xilinx/interface/axi4.lib 
Command           ap_source returned 0; 0 sec.
Execute           source D:/Xilinx/Vivado/2018.1/common/technology/xilinx/interface/maxi.lib 
Command           ap_source returned 0; 0.001 sec.
Execute           source D:/Xilinx/Vivado/2018.1/common/technology/xilinx/interface/saxilite.lib 
Command           ap_source returned 0; 0 sec.
Command         ap_source returned 0; 0.004 sec.
Execute         source D:/Xilinx/Vivado/2018.1/common/technology/xilinx/common/dsp48.lib 
Command         ap_source returned 0; 0 sec.
Execute         source D:/Xilinx/Vivado/2018.1/common/technology/xilinx/ip/dds_compiler.lib 
Command         ap_source returned 0; 0.001 sec.
Execute         source D:/Xilinx/Vivado/2018.1/common/technology/xilinx/ip/xfft.lib 
Command         ap_source returned 0; 0 sec.
Execute         source D:/Xilinx/Vivado/2018.1/common/technology/xilinx/ip/xfir.lib 
Command         ap_source returned 0; 0.001 sec.
Command       ap_source returned 0; 0.011 sec.
Execute       source D:/Xilinx/Vivado/2018.1/common/technology/xilinx/common/xilinx_old.lib 
Command       ap_source returned 0; 0.002 sec.
Execute       source D:/Xilinx/Vivado/2018.1/common/technology/xilinx/common/xilinx_vivado.lib 
Command       ap_source returned 0; 0.002 sec.
Execute       source D:/Xilinx/Vivado/2018.1/common/technology/xilinx/common/xilinx.hlp 
Execute         source D:/Xilinx/Vivado/2018.1/common/technology/xilinx/common/target_info.tcl 
Command         ap_source returned 0; 0.002 sec.
Execute         source D:/Xilinx/Vivado/2018.1/common/technology/xilinx/interface/xilinx_interface.hlp 
Execute           source D:/Xilinx/Vivado/2018.1/common/technology/xilinx/interface/maxi.hlp 
Command           ap_source returned 0; 0.001 sec.
Execute           source D:/Xilinx/Vivado/2018.1/common/technology/xilinx/interface/saxilite.hlp 
Command           ap_source returned 0; 0 sec.
Command         ap_source returned 0; 0.001 sec.
Execute         source D:/Xilinx/Vivado/2018.1/common/technology/xilinx/common/dsp48.hlp 
Command         ap_source returned 0; 0.002 sec.
Command       ap_source returned 0; 0.008 sec.
Execute       source D:/Xilinx/Vivado/2018.1/common/technology/xilinx/zynq/dsp48e1.hlp 
Command       ap_source returned 0; 0 sec.
Execute       get_default_platform 
Command       get_default_platform returned 0; 0 sec.
Execute       config_chip_info -quiet -resource  {SLICE 13300}  {LUT 53200}     {FF 106400} {DSP48E 220}   {BRAM 280}  
Command       config_chip_info returned 0; 0 sec.
Execute       config_chip_info -quiet -speed medium 
Command       config_chip_info returned 0; 0 sec.
Execute       source D:/Xilinx/Vivado/2018.1/common/technology/xilinx/common/xilinx.hlp 
Execute         source D:/Xilinx/Vivado/2018.1/common/technology/xilinx/common/target_info.tcl 
Command         ap_source returned 0; 0 sec.
Execute         source D:/Xilinx/Vivado/2018.1/common/technology/xilinx/interface/xilinx_interface.hlp 
Execute           source D:/Xilinx/Vivado/2018.1/common/technology/xilinx/interface/maxi.hlp 
Command           ap_source returned 0; 0 sec.
Execute           source D:/Xilinx/Vivado/2018.1/common/technology/xilinx/interface/saxilite.hlp 
Command           ap_source returned 0; 0 sec.
Command         ap_source returned 0; 0.001 sec.
Execute         source D:/Xilinx/Vivado/2018.1/common/technology/xilinx/common/dsp48.hlp 
Command         ap_source returned 0; 0.001 sec.
Command       ap_source returned 0; 0.004 sec.
Command     import_lib returned 0; 0.034 sec.
Execute     source D:/Xilinx/Vivado/2018.1/common/technology/xilinx/zynq/zynq.gen 
Execute       source D:/Xilinx/Vivado/2018.1/common/technology/xilinx/common/virtex.gen 
Execute         source D:/Xilinx/Vivado/2018.1/common/technology/xilinx/common/xilinx.gen 
Execute           source D:/Xilinx/Vivado/2018.1/common/technology/xilinx/interface/plb46.gen 
Command           ap_source returned 0; 0.001 sec.
Execute           source D:/Xilinx/Vivado/2018.1/common/technology/xilinx/interface/fsl.gen 
Command           ap_source returned 0; 0 sec.
Execute           source D:/Xilinx/Vivado/2018.1/common/technology/xilinx/interface/axi4.gen 
Command           ap_source returned 0; 0.002 sec.
Execute           source D:/Xilinx/Vivado/2018.1/common/technology/xilinx/interface/nativeAXI4.gen 
Execute             source D:/Xilinx/Vivado/2018.1/common/technology/xilinx/interface/saxilite.gen 
Command             ap_source returned 0; 0.003 sec.
Execute             source D:/Xilinx/Vivado/2018.1/common/technology/xilinx/interface/maxi.gen 
Command             ap_source returned 0; 0.006 sec.
Command           ap_source returned 0; 0.01 sec.
Execute           source D:/Xilinx/Vivado/2018.1/common/technology/xilinx/scripts/xilinxcoregen.gen 
Command           ap_source returned 0; 0.009 sec.
Execute           source D:/Xilinx/Vivado/2018.1/common/technology/xilinx/interface/XilEDKCoreGen.gen 
Command           ap_source returned 0; 0.006 sec.
Execute           source D:/Xilinx/Vivado/2018.1/common/technology/xilinx/ip/dds_compiler.gen 
Command           ap_source returned 0; 0.003 sec.
Execute           source D:/Xilinx/Vivado/2018.1/common/technology/xilinx/ip/util.gen 
Command           ap_source returned 0; 0 sec.
Execute           source D:/Xilinx/Vivado/2018.1/common/technology/xilinx/ip/xfft.gen 
Command           ap_source returned 0; 0.077 sec.
Execute           source D:/Xilinx/Vivado/2018.1/common/technology/xilinx/ip/xfir.gen 
Command           ap_source returned 0; 0.001 sec.
Command         ap_source returned 0; 0.11 sec.
Execute         source D:/Xilinx/Vivado/2018.1/common/technology/xilinx/common/dsp48.gen 
Command         ap_source returned 0; 0 sec.
Command       ap_source returned 0; 0.111 sec.
Command     ap_source returned 0; 0.111 sec.
Execute     open_platform DefaultPlatform 
Command     open_platform returned 0; 0 sec.
Execute     import_lib D:/Xilinx/Vivado/2018.1/common/technology/xilinx/zynq/zynq_fpv6 
Execute       source D:/Xilinx/Vivado/2018.1/common/technology/xilinx/common/xilinx_fpv7.lib 
Execute         source D:/Xilinx/Vivado/2018.1/common/technology/xilinx/common/xilinx_hp.lib 
Command         ap_source returned 0; 0.001 sec.
Command       ap_source returned 0; 0.004 sec.
Execute       source D:/Xilinx/Vivado/2018.1/common/technology/xilinx/common/xilinx_fpv.hlp 
Execute         source D:/Xilinx/Vivado/2018.1/common/technology/xilinx/common/xilinx.hlp 
Execute           source D:/Xilinx/Vivado/2018.1/common/technology/xilinx/common/target_info.tcl 
Command           ap_source returned 0; 0.049 sec.
Execute           source D:/Xilinx/Vivado/2018.1/common/technology/xilinx/interface/xilinx_interface.hlp 
Execute             source D:/Xilinx/Vivado/2018.1/common/technology/xilinx/interface/maxi.hlp 
Command             ap_source returned 0; 0 sec.
Execute             source D:/Xilinx/Vivado/2018.1/common/technology/xilinx/interface/saxilite.hlp 
Command             ap_source returned 0; 0.001 sec.
Command           ap_source returned 0; 0.001 sec.
Execute           source D:/Xilinx/Vivado/2018.1/common/technology/xilinx/common/dsp48.hlp 
Command           ap_source returned 0; 0.001 sec.
Command         ap_source returned 0; 0.051 sec.
Command       ap_source returned 0; 0.053 sec.
Execute       source D:/Xilinx/Vivado/2018.1/common/technology/xilinx/zynq/zynq_hp.hlp 
Command       ap_source returned 0; 0.001 sec.
Command     import_lib returned 0; 0.065 sec.
Execute     source D:/Xilinx/Vivado/2018.1/common/technology/xilinx/zynq/zynq_fpv6.gen 
Execute       source D:/Xilinx/Vivado/2018.1/common/technology/xilinx/common/xilinx_fpv6.gen 
Command       ap_source returned 0; 0.002 sec.
Command     ap_source returned 0; 0.002 sec.
Execute     set_part xc7z007sclg225-1 
Execute       add_library xilinx/zynq/zynq:xc7z007s:clg225:-1 
Execute         get_default_platform 
Command         get_default_platform returned 0; 0 sec.
Execute         license_isbetapart xc7z007s 
Command         license_isbetapart returned 1; 0.01 sec.
Execute         get_default_platform 
Command         get_default_platform returned 0; 0 sec.
Execute         config_chip_info -quiet -resource  {SLICE 3600}   {LUT 14400}     {FF 28800}  {DSP48E 66}    {BRAM 100}  
Command         config_chip_info returned 0; 0 sec.
Execute         config_chip_info -quiet -speed slow 
Command         config_chip_info returned 0; 0 sec.
Command       add_library returned 0; 0.014 sec.
Execute       add_library xilinx/zynq/zynq_fpv6 
Execute         get_default_platform 
Command         get_default_platform returned 0; 0 sec.
Command       add_library returned 0; 0.003 sec.
INFO: [HLS 200-10] Setting target device to 'xc7z007sclg225-1'
Execute       get_default_platform 
Command       get_default_platform returned 0; 0 sec.
Command     set_part returned 0; 0.067 sec.
Execute     get_default_platform 
Command     get_default_platform returned 0; 0 sec.
Execute     config_chip_info -quiet -resource  {SLICE 3600}   {LUT 14400}     {FF 28800}  {DSP48E 66}    {BRAM 100}  
Command     config_chip_info returned 0; 0 sec.
Execute     config_chip_info -quiet -speed slow 
Command     config_chip_info returned 0; 0 sec.
Command   open_solution returned 0; 0.363 sec.
Execute   set_part xc7z007sclg225-1 
Execute     add_library xilinx/zynq/zynq:xc7z007s:clg225:-1 
Execute       get_default_platform 
Command       get_default_platform returned 0; 0 sec.
Execute       license_isbetapart xc7z007s 
Command       license_isbetapart returned 1; 0 sec.
Execute       get_default_platform 
Command       get_default_platform returned 0; 0 sec.
Execute       config_chip_info -quiet -resource  {SLICE 3600}   {LUT 14400}     {FF 28800}  {DSP48E 66}    {BRAM 100}  
Command       config_chip_info returned 0; 0 sec.
Execute       config_chip_info -quiet -speed slow 
Command       config_chip_info returned 0; 0 sec.
Command     add_library returned 0; 0.003 sec.
Execute     add_library xilinx/zynq/zynq_fpv6 
Execute       get_default_platform 
Command       get_default_platform returned 0; 0 sec.
Command     add_library returned 0; 0.003 sec.
Execute     get_default_platform 
Command     get_default_platform returned 0; 0 sec.
Command   set_part returned 0; 0.035 sec.
Execute   create_clock -period 10 -name default 
Command   create_clock returned 0; 0.003 sec.
Execute   set_clock_uncertainty 0.1 
Command   set_clock_uncertainty returned 0; 0.002 sec.
Execute   source ./abmofParseEvents/solution6/directives.tcl 
Execute     set_directive_interface -mode ap_fifo parseEvents eventSlice 
INFO: [HLS 200-0] Setting directive 'INTERFACE' ap_fifo=positionBoolean0mode port=positionBooleanTextRequiredeventSlice 
Command     set_directive_interface returned 0; 0.003 sec.
Execute     set_directive_interface -mode ap_fifo parseEvents data 
INFO: [HLS 200-0] Setting directive 'INTERFACE' ap_fifo=positionBoolean0mode port=positionBooleanTextRequiredeventSlice 
INFO: [HLS 200-0] Setting directive 'INTERFACE' ap_fifo=positionBoolean0mode port=positionBooleanTextRequireddata 
Command     set_directive_interface returned 0; 0.039 sec.
Execute     set_directive_inline accumulateHW 
INFO: [HLS 200-0] Setting directive 'INTERFACE' ap_fifo=positionBoolean0mode port=positionBooleanTextRequiredeventSlice 
INFO: [HLS 200-0] Setting directive 'INTERFACE' ap_fifo=positionBoolean0mode port=positionBooleanTextRequireddata 
INFO: [HLS 200-0] Setting directive 'INLINE' 
Command     set_directive_inline returned 0; 0.044 sec.
Execute     set_directive_pipeline parseEvents/loop_1 
INFO: [HLS 200-0] Setting directive 'INTERFACE' ap_fifo=positionBoolean0mode port=positionBooleanTextRequiredeventSlice 
INFO: [HLS 200-0] Setting directive 'INTERFACE' ap_fifo=positionBoolean0mode port=positionBooleanTextRequireddata 
INFO: [HLS 200-0] Setting directive 'INLINE' 
INFO: [HLS 200-0] Setting directive 'PIPELINE' 
Command     set_directive_pipeline returned 0; 0.051 sec.
Execute     set_directive_occurrence -cycle 5000 parseEvents/Cond_Region 
INFO: [HLS 200-0] Setting directive 'INTERFACE' ap_fifo=positionBoolean0mode port=positionBooleanTextRequiredeventSlice 
INFO: [HLS 200-0] Setting directive 'INTERFACE' ap_fifo=positionBoolean0mode port=positionBooleanTextRequireddata 
INFO: [HLS 200-0] Setting directive 'INLINE' 
INFO: [HLS 200-0] Setting directive 'PIPELINE' 
INFO: [HLS 200-0] Setting directive 'OCCURRENCE' cycle=5000 
Command     set_directive_occurrence returned 0; 0.058 sec.
Execute     set_directive_resource -core RAM_T2P_BRAM parseEvents glPLSlice0 
INFO: [HLS 200-0] Setting directive 'INTERFACE' ap_fifo=positionBoolean0mode port=positionBooleanTextRequiredeventSlice 
INFO: [HLS 200-0] Setting directive 'INTERFACE' ap_fifo=positionBoolean0mode port=positionBooleanTextRequireddata 
INFO: [HLS 200-0] Setting directive 'INLINE' 
INFO: [HLS 200-0] Setting directive 'PIPELINE' 
INFO: [HLS 200-0] Setting directive 'OCCURRENCE' cycle=5000 
INFO: [HLS 200-0] Setting directive 'RESOURCE' variable=positionBooleanTextRequiredglPLSlice0 core=RAM_T2P_BRAM 
Command     set_directive_resource returned 0; 0.041 sec.
Execute     set_directive_resource -core RAM_T2P_BRAM parseEvents glPLSlice1 
INFO: [HLS 200-0] Setting directive 'INTERFACE' ap_fifo=positionBoolean0mode port=positionBooleanTextRequiredeventSlice 
INFO: [HLS 200-0] Setting directive 'INTERFACE' ap_fifo=positionBoolean0mode port=positionBooleanTextRequireddata 
INFO: [HLS 200-0] Setting directive 'INLINE' 
INFO: [HLS 200-0] Setting directive 'PIPELINE' 
INFO: [HLS 200-0] Setting directive 'OCCURRENCE' cycle=5000 
INFO: [HLS 200-0] Setting directive 'RESOURCE' variable=positionBooleanTextRequiredglPLSlice0 core=RAM_T2P_BRAM 
INFO: [HLS 200-0] Setting directive 'RESOURCE' variable=positionBooleanTextRequiredglPLSlice1 core=RAM_T2P_BRAM 
Command     set_directive_resource returned 0; 0.023 sec.
Execute     set_directive_resource -core RAM_T2P_BRAM parseEvents glPLSlice2 
INFO: [HLS 200-0] Setting directive 'INTERFACE' ap_fifo=positionBoolean0mode port=positionBooleanTextRequiredeventSlice 
INFO: [HLS 200-0] Setting directive 'INTERFACE' ap_fifo=positionBoolean0mode port=positionBooleanTextRequireddata 
INFO: [HLS 200-0] Setting directive 'INLINE' 
INFO: [HLS 200-0] Setting directive 'PIPELINE' 
INFO: [HLS 200-0] Setting directive 'OCCURRENCE' cycle=5000 
INFO: [HLS 200-0] Setting directive 'RESOURCE' variable=positionBooleanTextRequiredglPLSlice0 core=RAM_T2P_BRAM 
INFO: [HLS 200-0] Setting directive 'RESOURCE' variable=positionBooleanTextRequiredglPLSlice1 core=RAM_T2P_BRAM 
INFO: [HLS 200-0] Setting directive 'RESOURCE' variable=positionBooleanTextRequiredglPLSlice2 core=RAM_T2P_BRAM 
Command     set_directive_resource returned 0; 0.019 sec.
Execute     set_directive_array_partition -type cyclic -factor 16 -dim 1 parseEvents glPLSlice0 
INFO: [HLS 200-0] Setting directive 'INTERFACE' ap_fifo=positionBoolean0mode port=positionBooleanTextRequiredeventSlice 
INFO: [HLS 200-0] Setting directive 'INTERFACE' ap_fifo=positionBoolean0mode port=positionBooleanTextRequireddata 
INFO: [HLS 200-0] Setting directive 'INLINE' 
INFO: [HLS 200-0] Setting directive 'PIPELINE' 
INFO: [HLS 200-0] Setting directive 'OCCURRENCE' cycle=5000 
INFO: [HLS 200-0] Setting directive 'RESOURCE' variable=positionBooleanTextRequiredglPLSlice0 core=RAM_T2P_BRAM 
INFO: [HLS 200-0] Setting directive 'RESOURCE' variable=positionBooleanTextRequiredglPLSlice1 core=RAM_T2P_BRAM 
INFO: [HLS 200-0] Setting directive 'RESOURCE' variable=positionBooleanTextRequiredglPLSlice2 core=RAM_T2P_BRAM 
INFO: [HLS 200-0] Setting directive 'ARRAY_PARTITION' partition=positionBooleanCmd variable=positionBooleanTextRequiredglPLSlice0 cyclic=positionBoolean0type factor=16 dim=1 
Command     set_directive_array_partition returned 0; 0.024 sec.
Execute     set_directive_array_partition -type cyclic -factor 16 -dim 1 parseEvents glPLSlice1 
INFO: [HLS 200-0] Setting directive 'INTERFACE' ap_fifo=positionBoolean0mode port=positionBooleanTextRequiredeventSlice 
INFO: [HLS 200-0] Setting directive 'INTERFACE' ap_fifo=positionBoolean0mode port=positionBooleanTextRequireddata 
INFO: [HLS 200-0] Setting directive 'INLINE' 
INFO: [HLS 200-0] Setting directive 'PIPELINE' 
INFO: [HLS 200-0] Setting directive 'OCCURRENCE' cycle=5000 
INFO: [HLS 200-0] Setting directive 'RESOURCE' variable=positionBooleanTextRequiredglPLSlice0 core=RAM_T2P_BRAM 
INFO: [HLS 200-0] Setting directive 'RESOURCE' variable=positionBooleanTextRequiredglPLSlice1 core=RAM_T2P_BRAM 
INFO: [HLS 200-0] Setting directive 'RESOURCE' variable=positionBooleanTextRequiredglPLSlice2 core=RAM_T2P_BRAM 
INFO: [HLS 200-0] Setting directive 'ARRAY_PARTITION' partition=positionBooleanCmd variable=positionBooleanTextRequiredglPLSlice0 cyclic=positionBoolean0type factor=16 dim=1 
INFO: [HLS 200-0] Setting directive 'ARRAY_PARTITION' partition=positionBooleanCmd variable=positionBooleanTextRequiredglPLSlice1 cyclic=positionBoolean0type factor=16 dim=1 
Command     set_directive_array_partition returned 0; 0.024 sec.
Execute     set_directive_array_partition -type cyclic -factor 16 -dim 1 parseEvents glPLSlice2 
INFO: [HLS 200-0] Setting directive 'INTERFACE' ap_fifo=positionBoolean0mode port=positionBooleanTextRequiredeventSlice 
INFO: [HLS 200-0] Setting directive 'INTERFACE' ap_fifo=positionBoolean0mode port=positionBooleanTextRequireddata 
INFO: [HLS 200-0] Setting directive 'INLINE' 
INFO: [HLS 200-0] Setting directive 'PIPELINE' 
INFO: [HLS 200-0] Setting directive 'OCCURRENCE' cycle=5000 
INFO: [HLS 200-0] Setting directive 'RESOURCE' variable=positionBooleanTextRequiredglPLSlice0 core=RAM_T2P_BRAM 
INFO: [HLS 200-0] Setting directive 'RESOURCE' variable=positionBooleanTextRequiredglPLSlice1 core=RAM_T2P_BRAM 
INFO: [HLS 200-0] Setting directive 'RESOURCE' variable=positionBooleanTextRequiredglPLSlice2 core=RAM_T2P_BRAM 
INFO: [HLS 200-0] Setting directive 'ARRAY_PARTITION' partition=positionBooleanCmd variable=positionBooleanTextRequiredglPLSlice0 cyclic=positionBoolean0type factor=16 dim=1 
INFO: [HLS 200-0] Setting directive 'ARRAY_PARTITION' partition=positionBooleanCmd variable=positionBooleanTextRequiredglPLSlice1 cyclic=positionBoolean0type factor=16 dim=1 
INFO: [HLS 200-0] Setting directive 'ARRAY_PARTITION' partition=positionBooleanCmd variable=positionBooleanTextRequiredglPLSlice2 cyclic=positionBoolean0type factor=16 dim=1 
Command     set_directive_array_partition returned 0; 0.017 sec.
Execute     set_directive_inline calcOF 
INFO: [HLS 200-0] Setting directive 'INTERFACE' ap_fifo=positionBoolean0mode port=positionBooleanTextRequiredeventSlice 
INFO: [HLS 200-0] Setting directive 'INTERFACE' ap_fifo=positionBoolean0mode port=positionBooleanTextRequireddata 
INFO: [HLS 200-0] Setting directive 'INLINE' 
INFO: [HLS 200-0] Setting directive 'PIPELINE' 
INFO: [HLS 200-0] Setting directive 'OCCURRENCE' cycle=5000 
INFO: [HLS 200-0] Setting directive 'RESOURCE' variable=positionBooleanTextRequiredglPLSlice0 core=RAM_T2P_BRAM 
INFO: [HLS 200-0] Setting directive 'RESOURCE' variable=positionBooleanTextRequiredglPLSlice1 core=RAM_T2P_BRAM 
INFO: [HLS 200-0] Setting directive 'RESOURCE' variable=positionBooleanTextRequiredglPLSlice2 core=RAM_T2P_BRAM 
INFO: [HLS 200-0] Setting directive 'ARRAY_PARTITION' partition=positionBooleanCmd variable=positionBooleanTextRequiredglPLSlice0 cyclic=positionBoolean0type factor=16 dim=1 
INFO: [HLS 200-0] Setting directive 'ARRAY_PARTITION' partition=positionBooleanCmd variable=positionBooleanTextRequiredglPLSlice1 cyclic=positionBoolean0type factor=16 dim=1 
INFO: [HLS 200-0] Setting directive 'ARRAY_PARTITION' partition=positionBooleanCmd variable=positionBooleanTextRequiredglPLSlice2 cyclic=positionBoolean0type factor=16 dim=1 
INFO: [HLS 200-0] Setting directive 'INLINE' 
Command     set_directive_inline returned 0; 0.017 sec.
Command   ap_source returned 0; 0.361 sec.
Execute   csynth_design 
Execute     elaborate -effort=medium -skip_syncheck=0 -keep_printf=0 -lm=0 -skip_cdt=0 -skip_transform=0 -ng=0 -g=0 -opt_fp=0 -enable_clang39=0 
INFO: [HLS 200-10] Analyzing design file 'abmofParseEvents/src/abmof_hw_accel.cpp' ...
INFO: [HLS 200-0] Compiling one TU...
Execute       is_m_axi_addr64 
Command       is_m_axi_addr64 returned 0; 0 sec.
INFO: [HLS 200-0] Handling abmofParseEvents/src/abmof_hw_accel.cpp as C++
Execute       get_default_platform 
Command       get_default_platform returned 0; 0 sec.
Execute       is_encrypted abmofParseEvents/src/abmof_hw_accel.cpp 
Command       is_encrypted returned 0; 0.001 sec.
Execute       get_default_platform 
Command       get_default_platform returned 0; 0 sec.
INFO: [HLS 200-0] Source preprocessing
Execute       clang  -fno-limit-debug-info -gcc-toolchain "D:/Xilinx/Vivado/2018.1/msys" -hls  -fno-exceptions  -D__llvm__  -E "abmofParseEvents/src/abmof_hw_accel.cpp"     -fno-math-errno -c -emit-llvm -O0  -mllvm -disable-llvm-optzns -fno-threadsafe-statics  -fno-use-cxa-atexit  -fno-threadsafe-statics -fno-use-cxa-atexit -D__CLANG_3_1__ -D__cdecl= -DAESL_SYN -D__SYNTHESIS__ -D__HLS_SYN__ -I "D:/Xilinx/Vivado/2018.1/common/technology/autopilot" -I "D:/Xilinx/Vivado/2018.1/common/technology/autopilot/ap_sysc" -include etc/autopilot_ssdm_op.h -D__DSP48E1__  -o "E:/xfOpenCV/hls_2018_1/abmofParseEvents/solution6/.autopilot/db/abmof_hw_accel.pp.0.cpp" 
INFO: [HLS 200-0] exec clang -fno-limit-debug-info -gcc-toolchain D:/Xilinx/Vivado/2018.1/msys -hls -fno-exceptions -D__llvm__ -E abmofParseEvents/src/abmof_hw_accel.cpp -fno-math-errno -c -emit-llvm -O0 -mllvm -disable-llvm-optzns -fno-threadsafe-statics -fno-use-cxa-atexit -fno-threadsafe-statics -fno-use-cxa-atexit -D__CLANG_3_1__ -D__cdecl= -DAESL_SYN -D__SYNTHESIS__ -D__HLS_SYN__ -I D:/Xilinx/Vivado/2018.1/common/technology/autopilot -I D:/Xilinx/Vivado/2018.1/common/technology/autopilot/ap_sysc -include etc/autopilot_ssdm_op.h -D__DSP48E1__ -o E:/xfOpenCV/hls_2018_1/abmofParseEvents/solution6/.autopilot/db/abmof_hw_accel.pp.0.cpp
Command       clang returned 0; 0.873 sec.
INFO: [HLS 200-0] Syntax Checking before pre-processing...
Execute       clang  -fno-limit-debug-info -gcc-toolchain "D:/Xilinx/Vivado/2018.1/msys" -hls    -fno-math-errno -c -emit-llvm -O0  -mllvm -disable-llvm-optzns -fno-threadsafe-statics  -fno-use-cxa-atexit  -fno-threadsafe-statics -fno-use-cxa-atexit -D__CLANG_3_1__ -D__cdecl= -DAESL_SYN -D__SYNTHESIS__ -D__HLS_SYN__ -I "D:/Xilinx/Vivado/2018.1/common/technology/autopilot" -I "D:/Xilinx/Vivado/2018.1/common/technology/autopilot/ap_sysc" -include etc/autopilot_ssdm_op.h -D__DSP48E1__  "E:/xfOpenCV/hls_2018_1/abmofParseEvents/solution6/.autopilot/db/abmof_hw_accel.pp.0.cpp"  -o "E:/xfOpenCV/hls_2018_1/abmofParseEvents/solution6/.autopilot/db/useless.bc"  
INFO: [HLS 200-0] exec clang -fno-limit-debug-info -gcc-toolchain D:/Xilinx/Vivado/2018.1/msys -hls -fno-math-errno -c -emit-llvm -O0 -mllvm -disable-llvm-optzns -fno-threadsafe-statics -fno-use-cxa-atexit -fno-threadsafe-statics -fno-use-cxa-atexit -D__CLANG_3_1__ -D__cdecl= -DAESL_SYN -D__SYNTHESIS__ -D__HLS_SYN__ -I D:/Xilinx/Vivado/2018.1/common/technology/autopilot -I D:/Xilinx/Vivado/2018.1/common/technology/autopilot/ap_sysc -include etc/autopilot_ssdm_op.h -D__DSP48E1__ E:/xfOpenCV/hls_2018_1/abmofParseEvents/solution6/.autopilot/db/abmof_hw_accel.pp.0.cpp -o E:/xfOpenCV/hls_2018_1/abmofParseEvents/solution6/.autopilot/db/useless.bc
Command       clang returned 0; 1.141 sec.
INFO: [HLS 200-0] GCC PP time: 2 seconds per iteration
INFO: [HLS 200-0] Setting directive 'INTERFACE' ap_fifo=positionBoolean0mode port=positionBooleanTextRequiredeventSlice 
INFO: [HLS 200-0] Setting directive 'INTERFACE' ap_fifo=positionBoolean0mode port=positionBooleanTextRequireddata 
INFO: [HLS 200-0] Setting directive 'INLINE' 
INFO: [HLS 200-0] Setting directive 'PIPELINE' 
INFO: [HLS 200-0] Setting directive 'OCCURRENCE' cycle=5000 
INFO: [HLS 200-0] Setting directive 'RESOURCE' variable=positionBooleanTextRequiredglPLSlice0 core=RAM_T2P_BRAM 
INFO: [HLS 200-0] Setting directive 'RESOURCE' variable=positionBooleanTextRequiredglPLSlice1 core=RAM_T2P_BRAM 
INFO: [HLS 200-0] Setting directive 'RESOURCE' variable=positionBooleanTextRequiredglPLSlice2 core=RAM_T2P_BRAM 
INFO: [HLS 200-0] Setting directive 'ARRAY_PARTITION' partition=positionBooleanCmd variable=positionBooleanTextRequiredglPLSlice0 cyclic=positionBoolean0type factor=16 dim=1 
INFO: [HLS 200-0] Setting directive 'ARRAY_PARTITION' partition=positionBooleanCmd variable=positionBooleanTextRequiredglPLSlice1 cyclic=positionBoolean0type factor=16 dim=1 
INFO: [HLS 200-0] Setting directive 'ARRAY_PARTITION' partition=positionBooleanCmd variable=positionBooleanTextRequiredglPLSlice2 cyclic=positionBoolean0type factor=16 dim=1 
INFO: [HLS 200-0] Setting directive 'INLINE' 
Execute       list_core -type functional_unit 
Command       list_core returned 0; 0 sec.
INFO: [HLS 200-0] CDT Preprocessing...
INFO: [HLS 200-0] Marker-Pragma convertor: E:/xfOpenCV/hls_2018_1/abmofParseEvents/solution6/.autopilot/db/abmof_hw_accel.pp.0.cpp E:/xfOpenCV/hls_2018_1/abmofParseEvents/solution6/.autopilot/db/abmof_hw_accel.pp.0.cpp.ap-line.cpp E:/xfOpenCV/hls_2018_1/abmofParseEvents/solution6/.autopilot/db/abmof_hw_accel.pp.0.cpp.ap-line.cpp.CXX 1
INFO: [HLS 200-0] Converting Markers to Pragmas...
Execute       cdt  "E:/xfOpenCV/hls_2018_1/abmofParseEvents/solution6/.autopilot/db/abmof_hw_accel.pp.0.cpp.ap-line.cpp"  -m "parseEvents" -o "E:/xfOpenCV/hls_2018_1/abmofParseEvents/solution6/.autopilot/db/abmof_hw_accel.pp.0.cpp.ap-cdt.cpp" --pp --directive E:/xfOpenCV/hls_2018_1/abmofParseEvents/solution6/solution6.directive --source E:/xfOpenCV/hls_2018_1/abmofParseEvents/src/abmof_hw_accel.cpp --error E:/xfOpenCV/hls_2018_1/abmofParseEvents/solution6/.autopilot/db --funcunit "AddSub AddSub_DSP AddSubnS DAddSub_fulldsp DAddSub_nodsp DDiv DExp_fulldsp DExp_meddsp DExp_nodsp DLog_fulldsp DLog_meddsp DLog_nodsp DMul_fulldsp DMul_maxdsp DMul_meddsp DMul_nodsp DRSqrt DRecip DSP_Macro DSqrt DivnS FAddSub_fulldsp FAddSub_nodsp FDiv FExp_fulldsp FExp_meddsp FExp_nodsp FLog_fulldsp FLog_meddsp FLog_nodsp FMul_fulldsp FMul_maxdsp FMul_meddsp FMul_nodsp FRSqrt_fulldsp FRSqrt_nodsp FRecip_fulldsp FRecip_nodsp FSqrt HAddSub_fulldsp HAddSub_meddsp HAddSub_nodsp HDiv HMul_fulldsp HMul_maxdsp HMul_nodsp HSqrt Mul Mul2S Mul3S Mul4S Mul5S Mul6S Mul_LUT MulnS MuxnS" --ve --vetcl E:/xfOpenCV/hls_2018_1/abmofParseEvents/solution6/.autopilot/db --ca --es --gf --pd --p2d E:/xfOpenCV/hls_2018_1/abmofParseEvents/solution6/.autopilot/db --sd --scff E:/xfOpenCV/hls_2018_1/abmofParseEvents/solution6/.autopilot/db/.systemc_flag --ad 
Command       cdt returned 0; 5.712 sec.
INFO: [HLS 200-0] Marker-Pragma convertor: E:/xfOpenCV/hls_2018_1/abmofParseEvents/solution6/.autopilot/db/abmof_hw_accel.pp.0.cpp.ap-cdt.cpp E:/xfOpenCV/hls_2018_1/abmofParseEvents/solution6/.autopilot/db/abmof_hw_accel.pragma.0.cpp E:/xfOpenCV/hls_2018_1/abmofParseEvents/solution6/.autopilot/db/abmof_hw_accel.pragma.0.cpp.ap-line.CXX 0
INFO: [HLS 200-0] Converting Pragmas to Markers...
Execute       source E:/xfOpenCV/hls_2018_1/abmofParseEvents/solution6/.autopilot/db/pragma.status.tcl 
Command       ap_source returned 0; 0.001 sec.
INFO: [HLS 200-0] Pragma Handling...
INFO: [HLS 200-0] Source preprocessing
Execute       clang  -fno-limit-debug-info -gcc-toolchain "D:/Xilinx/Vivado/2018.1/msys" -hls  -fno-exceptions  -D__llvm__  -E "E:/xfOpenCV/hls_2018_1/abmofParseEvents/solution6/.autopilot/db/abmof_hw_accel.pragma.1.cpp"     -fno-math-errno -c -emit-llvm -O0  -mllvm -disable-llvm-optzns -fno-threadsafe-statics  -fno-use-cxa-atexit  -fno-threadsafe-statics -fno-use-cxa-atexit -D__CLANG_3_1__ -D__cdecl= -DAESL_SYN -D__SYNTHESIS__ -D__HLS_SYN__ -I "D:/Xilinx/Vivado/2018.1/common/technology/autopilot" -I "D:/Xilinx/Vivado/2018.1/common/technology/autopilot/ap_sysc" -include etc/autopilot_ssdm_op.h -D__DSP48E1__  -o "E:/xfOpenCV/hls_2018_1/abmofParseEvents/solution6/.autopilot/db/abmof_hw_accel.pragma.2.cpp" 
INFO: [HLS 200-0] exec clang -fno-limit-debug-info -gcc-toolchain D:/Xilinx/Vivado/2018.1/msys -hls -fno-exceptions -D__llvm__ -E E:/xfOpenCV/hls_2018_1/abmofParseEvents/solution6/.autopilot/db/abmof_hw_accel.pragma.1.cpp -fno-math-errno -c -emit-llvm -O0 -mllvm -disable-llvm-optzns -fno-threadsafe-statics -fno-use-cxa-atexit -fno-threadsafe-statics -fno-use-cxa-atexit -D__CLANG_3_1__ -D__cdecl= -DAESL_SYN -D__SYNTHESIS__ -D__HLS_SYN__ -I D:/Xilinx/Vivado/2018.1/common/technology/autopilot -I D:/Xilinx/Vivado/2018.1/common/technology/autopilot/ap_sysc -include etc/autopilot_ssdm_op.h -D__DSP48E1__ -o E:/xfOpenCV/hls_2018_1/abmofParseEvents/solution6/.autopilot/db/abmof_hw_accel.pragma.2.cpp
Command       clang returned 0; 0.793 sec.
Execute       get_default_platform 
Command       get_default_platform returned 0; 0 sec.
INFO: [HLS 200-0] Processing labels
Execute       clang  -fno-limit-debug-info -gcc-toolchain D:/Xilinx/Vivado/2018.1/msys -hls -hls-analyze-label -hls-analyze-pragma -fno-exceptions  -D__llvm__  -w  "E:/xfOpenCV/hls_2018_1/abmofParseEvents/solution6/.autopilot/db/abmof_hw_accel.pragma.2.cpp"    -fno-math-errno -c -emit-llvm -O0  -mllvm -disable-llvm-optzns -fno-threadsafe-statics  -fno-use-cxa-atexit -DAESL_SYN -D__SYNTHESIS__ -D__HLS_SYN__ -I "D:/Xilinx/Vivado/2018.1/common/technology/autopilot" -I "D:/Xilinx/Vivado/2018.1/common/technology/autopilot/ap_sysc" -include etc/autopilot_ssdm_op.h -D__DSP48E1__ -g -o "E:/xfOpenCV/hls_2018_1/abmofParseEvents/solution6/.autopilot/db/abmof_hw_accel.g.bc" 
INFO: [HLS 200-0] exec clang -fno-limit-debug-info -gcc-toolchain D:/Xilinx/Vivado/2018.1/msys -hls -hls-analyze-label -hls-analyze-pragma -fno-exceptions -D__llvm__ -w E:/xfOpenCV/hls_2018_1/abmofParseEvents/solution6/.autopilot/db/abmof_hw_accel.pragma.2.cpp -fno-math-errno -c -emit-llvm -O0 -mllvm -disable-llvm-optzns -fno-threadsafe-statics -fno-use-cxa-atexit -DAESL_SYN -D__SYNTHESIS__ -D__HLS_SYN__ -I D:/Xilinx/Vivado/2018.1/common/technology/autopilot -I D:/Xilinx/Vivado/2018.1/common/technology/autopilot/ap_sysc -include etc/autopilot_ssdm_op.h -D__DSP48E1__ -g -o E:/xfOpenCV/hls_2018_1/abmofParseEvents/solution6/.autopilot/db/abmof_hw_accel.g.bc
