==============================================================
File generated by Vivado(TM) HLS - High-Level Synthesis from C, C++ and SystemC
Version: 2018.1
Copyright (C) 1986-2018 Xilinx, Inc. All Rights Reserved.

==============================================================

INFO: [SYN 201-201] Setting up clock 'default' with a period of 16.67ns.
INFO: [HLS 200-10] Setting target device to 'xc7z045ffg900-1'
INFO: [SYN 201-201] Setting up clock 'default' with a period of 16.67ns.
INFO: [HLS 200-10] Analyzing design file 'checkEventRawFIFOTsMon/src/main.cpp' ...
INFO: [HLS 200-10] Validating synthesis directives ...
INFO: [HLS 200-111] Finished Checking Pragmas Time (s): cpu = 00:00:02 ; elapsed = 00:00:13 . Memory (MB): peak = 103.750 ; gain = 46.406
INFO: [HLS 200-111] Finished Linking Time (s): cpu = 00:00:02 ; elapsed = 00:00:18 . Memory (MB): peak = 103.770 ; gain = 46.426
INFO: [HLS 200-10] Starting code transformations ...
ERROR: [SYNCHK 200-79] Cannot find the top function 'convertToStream' in the design. Possible causes are: (1) the top function name is misspelled; (2) the top function is nonexistent or declared as static.
ERROR: [HLS 200-70] Synthesizability check failed.
command 'ap_source' returned error code
    while executing
"source E:/xfOpenCV/hls_2018_1/checkEventRawFIFOTsMon/solution1/csynth.tcl"
    invoked from within
"hls::main E:/xfOpenCV/hls_2018_1/checkEventRawFIFOTsMon/solution1/csynth.tcl"
    ("uplevel" body line 1)
    invoked from within
"uplevel 1 hls::main {*}$args"
    (procedure "hls_proc" line 5)
    invoked from within
"hls_proc $argv"
