

================================================================
== Vivado HLS Report for 'accumulateHW'
================================================================
* Date:           Sat Sep  8 14:13:48 2018

* Version:        2018.1 (Build 2188600 on Wed Apr 04 19:04:02 MDT 2018)
* Project:        abmofParseEvents_SmallBitWidth
* Solution:       solution1
* Product family: zynq
* Target device:  xc7z007sclg225-1


================================================================
== Performance Estimates
================================================================
+ Timing (ns): 
    * Summary: 
    +--------+-------+----------+------------+
    |  Clock | Target| Estimated| Uncertainty|
    +--------+-------+----------+------------+
    |ap_clk  |  10.00|     10.31|        0.10|
    +--------+-------+----------+------------+

+ Latency (clock cycles): 
    * Summary: 
    +-----+-----+-----+-----+----------+
    |  Latency  |  Interval | Pipeline |
    | min | max | min | max |   Type   |
    +-----+-----+-----+-----+----------+
    |    1|    1|    2|    2| function |
    +-----+-----+-----+-----+----------+

    + Detail: 
        * Instance: 
        N/A

        * Loop: 
        N/A



================================================================
== Utilization Estimates
================================================================
* Summary: 
+-----------------+---------+-------+-------+-------+
|       Name      | BRAM_18K| DSP48E|   FF  |  LUT  |
+-----------------+---------+-------+-------+-------+
|DSP              |        -|      -|      -|      -|
|Expression       |        -|      -|      0|    242|
|FIFO             |        -|      -|      -|      -|
|Instance         |        -|      -|      0|    195|
|Memory           |        -|      -|      -|      -|
|Multiplexer      |        -|      -|      -|    735|
|Register         |        -|      -|    311|      -|
+-----------------+---------+-------+-------+-------+
|Total            |        0|      0|    311|   1172|
+-----------------+---------+-------+-------+-------+
|Available        |      100|     66|  28800|  14400|
+-----------------+---------+-------+-------+-------+
|Utilization (%)  |        0|      0|      1|      8|
+-----------------+---------+-------+-------+-------+

+ Detail: 
    * Instance: 
    +-------------------------+----------------------+---------+-------+---+----+
    |         Instance        |        Module        | BRAM_18K| DSP48E| FF| LUT|
    +-------------------------+----------------------+---------+-------+---+----+
    |parseEvents_mux_1bkb_U1  |parseEvents_mux_1bkb  |        0|      0|  0|  65|
    |parseEvents_mux_1bkb_U2  |parseEvents_mux_1bkb  |        0|      0|  0|  65|
    |parseEvents_mux_1bkb_U3  |parseEvents_mux_1bkb  |        0|      0|  0|  65|
    +-------------------------+----------------------+---------+-------+---+----+
    |Total                    |                      |        0|      0|  0| 195|
    +-------------------------+----------------------+---------+-------+---+----+

    * DSP48: 
    N/A

    * Memory: 
    N/A

    * FIFO: 
    N/A

    * Expression: 
    +-----------------------------+----------+-------+---+----+------------+------------+
    |        Variable Name        | Operation| DSP48E| FF| LUT| Bitwidth P0| Bitwidth P1|
    +-----------------------------+----------+-------+---+----+------------+------------+
    |p_s_fu_835_p2                |     +    |      0|  0|  32|          10|          10|
    |tmpTmpData_V_1_fu_1240_p2    |     +    |      0|  0|  13|           1|           4|
    |tmpTmpData_V_2_fu_1032_p2    |     +    |      0|  0|  13|           1|           4|
    |tmpTmpData_V_fu_1448_p2      |     +    |      0|  0|  13|           1|           4|
    |xNewIdx_V_fu_841_p2          |     -    |      0|  0|  32|          10|          10|
    |tmp_13_fu_852_p2             |   icmp   |      0|  0|   8|           2|           1|
    |tmp_21_fu_858_p2             |   icmp   |      0|  0|   8|           2|           1|
    |tmp_26_fu_864_p2             |   icmp   |      0|  0|   9|           2|           3|
    |grp_fu_793_p2                |    or    |      0|  0|   9|           9|           2|
    |grp_fu_798_p2                |    or    |      0|  0|   9|           9|           2|
    |index_assign_1_s_fu_1398_p2  |    or    |      0|  0|  32|          32|           1|
    |index_assign_5_s_fu_1190_p2  |    or    |      0|  0|  32|          32|           1|
    |index_assign_9_s_fu_982_p2   |    or    |      0|  0|  32|          32|           1|
    +-----------------------------+----------+-------+---+----+------------+------------+
    |Total                        |          |      0|  0| 242|         143|          44|
    +-----------------------------+----------+-------+---+----+------------+------------+

    * Multiplexer: 
    +--------------------------+----+-----------+-----+-----------+
    |           Name           | LUT| Input Size| Bits| Total Bits|
    +--------------------------+----+-----------+-----+-----------+
    |ap_NS_fsm                 |  15|          3|    1|          3|
    |glPLSlice0_V_0_address0   |  15|          3|    6|         18|
    |glPLSlice0_V_10_address0  |  15|          3|    6|         18|
    |glPLSlice0_V_11_address0  |  15|          3|    6|         18|
    |glPLSlice0_V_12_address0  |  15|          3|    6|         18|
    |glPLSlice0_V_13_address0  |  15|          3|    6|         18|
    |glPLSlice0_V_14_address0  |  15|          3|    6|         18|
    |glPLSlice0_V_15_address0  |  15|          3|    6|         18|
    |glPLSlice0_V_1_address0   |  15|          3|    6|         18|
    |glPLSlice0_V_2_address0   |  15|          3|    6|         18|
    |glPLSlice0_V_3_address0   |  15|          3|    6|         18|
    |glPLSlice0_V_4_address0   |  15|          3|    6|         18|
    |glPLSlice0_V_5_address0   |  15|          3|    6|         18|
    |glPLSlice0_V_6_address0   |  15|          3|    6|         18|
    |glPLSlice0_V_7_address0   |  15|          3|    6|         18|
    |glPLSlice0_V_8_address0   |  15|          3|    6|         18|
    |glPLSlice0_V_9_address0   |  15|          3|    6|         18|
    |glPLSlice1_V_0_address0   |  15|          3|    6|         18|
    |glPLSlice1_V_10_address0  |  15|          3|    6|         18|
    |glPLSlice1_V_11_address0  |  15|          3|    6|         18|
    |glPLSlice1_V_12_address0  |  15|          3|    6|         18|
    |glPLSlice1_V_13_address0  |  15|          3|    6|         18|
    |glPLSlice1_V_14_address0  |  15|          3|    6|         18|
    |glPLSlice1_V_15_address0  |  15|          3|    6|         18|
    |glPLSlice1_V_1_address0   |  15|          3|    6|         18|
    |glPLSlice1_V_2_address0   |  15|          3|    6|         18|
    |glPLSlice1_V_3_address0   |  15|          3|    6|         18|
    |glPLSlice1_V_4_address0   |  15|          3|    6|         18|
    |glPLSlice1_V_5_address0   |  15|          3|    6|         18|
    |glPLSlice1_V_6_address0   |  15|          3|    6|         18|
    |glPLSlice1_V_7_address0   |  15|          3|    6|         18|
    |glPLSlice1_V_8_address0   |  15|          3|    6|         18|
    |glPLSlice1_V_9_address0   |  15|          3|    6|         18|
    |glPLSlice2_V_0_address0   |  15|          3|    6|         18|
    |glPLSlice2_V_10_address0  |  15|          3|    6|         18|
    |glPLSlice2_V_11_address0  |  15|          3|    6|         18|
    |glPLSlice2_V_12_address0  |  15|          3|    6|         18|
    |glPLSlice2_V_13_address0  |  15|          3|    6|         18|
    |glPLSlice2_V_14_address0  |  15|          3|    6|         18|
    |glPLSlice2_V_15_address0  |  15|          3|    6|         18|
    |glPLSlice2_V_1_address0   |  15|          3|    6|         18|
    |glPLSlice2_V_2_address0   |  15|          3|    6|         18|
    |glPLSlice2_V_3_address0   |  15|          3|    6|         18|
    |glPLSlice2_V_4_address0   |  15|          3|    6|         18|
    |glPLSlice2_V_5_address0   |  15|          3|    6|         18|
    |glPLSlice2_V_6_address0   |  15|          3|    6|         18|
    |glPLSlice2_V_7_address0   |  15|          3|    6|         18|
    |glPLSlice2_V_8_address0   |  15|          3|    6|         18|
    |glPLSlice2_V_9_address0   |  15|          3|    6|         18|
    +--------------------------+----+-----------+-----+-----------+
    |Total                     | 735|        147|  289|        867|
    +--------------------------+----+-----------+-----+-----------+

    * Register: 
    +-------------------------------+----+----+-----+-----------+
    |              Name             | FF | LUT| Bits| Const Bits|
    +-------------------------------+----+----+-----+-----------+
    |ap_CS_fsm                      |   2|   0|    2|          0|
    |glPLSlice0_V_0_addr_reg_1746   |   6|   0|    6|          0|
    |glPLSlice0_V_10_addr_reg_1796  |   6|   0|    6|          0|
    |glPLSlice0_V_11_addr_reg_1801  |   6|   0|    6|          0|
    |glPLSlice0_V_12_addr_reg_1806  |   6|   0|    6|          0|
    |glPLSlice0_V_13_addr_reg_1811  |   6|   0|    6|          0|
    |glPLSlice0_V_14_addr_reg_1816  |   6|   0|    6|          0|
    |glPLSlice0_V_15_addr_reg_1821  |   6|   0|    6|          0|
    |glPLSlice0_V_1_addr_reg_1751   |   6|   0|    6|          0|
    |glPLSlice0_V_2_addr_reg_1756   |   6|   0|    6|          0|
    |glPLSlice0_V_3_addr_reg_1761   |   6|   0|    6|          0|
    |glPLSlice0_V_4_addr_reg_1766   |   6|   0|    6|          0|
    |glPLSlice0_V_5_addr_reg_1771   |   6|   0|    6|          0|
    |glPLSlice0_V_6_addr_reg_1776   |   6|   0|    6|          0|
    |glPLSlice0_V_7_addr_reg_1781   |   6|   0|    6|          0|
    |glPLSlice0_V_8_addr_reg_1786   |   6|   0|    6|          0|
    |glPLSlice0_V_9_addr_reg_1791   |   6|   0|    6|          0|
    |glPLSlice1_V_0_addr_reg_1666   |   6|   0|    6|          0|
    |glPLSlice1_V_10_addr_reg_1716  |   6|   0|    6|          0|
    |glPLSlice1_V_11_addr_reg_1721  |   6|   0|    6|          0|
    |glPLSlice1_V_12_addr_reg_1726  |   6|   0|    6|          0|
    |glPLSlice1_V_13_addr_reg_1731  |   6|   0|    6|          0|
    |glPLSlice1_V_14_addr_reg_1736  |   6|   0|    6|          0|
    |glPLSlice1_V_15_addr_reg_1741  |   6|   0|    6|          0|
    |glPLSlice1_V_1_addr_reg_1671   |   6|   0|    6|          0|
    |glPLSlice1_V_2_addr_reg_1676   |   6|   0|    6|          0|
    |glPLSlice1_V_3_addr_reg_1681   |   6|   0|    6|          0|
    |glPLSlice1_V_4_addr_reg_1686   |   6|   0|    6|          0|
    |glPLSlice1_V_5_addr_reg_1691   |   6|   0|    6|          0|
    |glPLSlice1_V_6_addr_reg_1696   |   6|   0|    6|          0|
    |glPLSlice1_V_7_addr_reg_1701   |   6|   0|    6|          0|
    |glPLSlice1_V_8_addr_reg_1706   |   6|   0|    6|          0|
    |glPLSlice1_V_9_addr_reg_1711   |   6|   0|    6|          0|
    |glPLSlice2_V_0_addr_reg_1586   |   6|   0|    6|          0|
    |glPLSlice2_V_10_addr_reg_1636  |   6|   0|    6|          0|
    |glPLSlice2_V_11_addr_reg_1641  |   6|   0|    6|          0|
    |glPLSlice2_V_12_addr_reg_1646  |   6|   0|    6|          0|
    |glPLSlice2_V_13_addr_reg_1651  |   6|   0|    6|          0|
    |glPLSlice2_V_14_addr_reg_1656  |   6|   0|    6|          0|
    |glPLSlice2_V_15_addr_reg_1661  |   6|   0|    6|          0|
    |glPLSlice2_V_1_addr_reg_1591   |   6|   0|    6|          0|
    |glPLSlice2_V_2_addr_reg_1596   |   6|   0|    6|          0|
    |glPLSlice2_V_3_addr_reg_1601   |   6|   0|    6|          0|
    |glPLSlice2_V_4_addr_reg_1606   |   6|   0|    6|          0|
    |glPLSlice2_V_5_addr_reg_1611   |   6|   0|    6|          0|
    |glPLSlice2_V_6_addr_reg_1616   |   6|   0|    6|          0|
    |glPLSlice2_V_7_addr_reg_1621   |   6|   0|    6|          0|
    |glPLSlice2_V_8_addr_reg_1626   |   6|   0|    6|          0|
    |glPLSlice2_V_9_addr_reg_1631   |   6|   0|    6|          0|
    |pol_read_reg_1554              |   1|   0|    1|          0|
    |tmp_12_reg_1558                |   7|   0|    9|          2|
    |tmp_13_reg_1574                |   1|   0|    1|          0|
    |tmp_21_reg_1578                |   1|   0|    1|          0|
    |tmp_26_reg_1582                |   1|   0|    1|          0|
    |xNewIdx_V_reg_1567             |  10|   0|   10|          0|
    +-------------------------------+----+----+-----+-----------+
    |Total                          | 311|   0|  313|          2|
    +-------------------------------+----+----+-----+-----------+



================================================================
== Interface
================================================================
* Summary: 
+--------------------------+-----+-----+------------+----------------------+--------------+
|         RTL Ports        | Dir | Bits|  Protocol  |     Source Object    |    C Type    |
+--------------------------+-----+-----+------------+----------------------+--------------+
|ap_clk                    |  in |    1| ap_ctrl_hs |     accumulateHW     | return value |
|ap_rst                    |  in |    1| ap_ctrl_hs |     accumulateHW     | return value |
|ap_start                  |  in |    1| ap_ctrl_hs |     accumulateHW     | return value |
|ap_done                   | out |    1| ap_ctrl_hs |     accumulateHW     | return value |
|ap_idle                   | out |    1| ap_ctrl_hs |     accumulateHW     | return value |
|ap_ready                  | out |    1| ap_ctrl_hs |     accumulateHW     | return value |
|ap_ce                     |  in |    1| ap_ctrl_hs |     accumulateHW     | return value |
|x                         |  in |   10|   ap_none  |           x          |    scalar    |
|y                         |  in |    9|   ap_none  |           y          |    scalar    |
|pol                       |  in |    1|   ap_none  |          pol         |    scalar    |
|glPLActiveSliceIdx_V      |  in |    2|   ap_none  | glPLActiveSliceIdx_V |    pointer   |
|glPLSlice0_V_0_address0   | out |    6|  ap_memory |    glPLSlice0_V_0    |     array    |
|glPLSlice0_V_0_ce0        | out |    1|  ap_memory |    glPLSlice0_V_0    |     array    |
|glPLSlice0_V_0_we0        | out |    1|  ap_memory |    glPLSlice0_V_0    |     array    |
|glPLSlice0_V_0_d0         | out |  180|  ap_memory |    glPLSlice0_V_0    |     array    |
|glPLSlice0_V_0_q0         |  in |  180|  ap_memory |    glPLSlice0_V_0    |     array    |
|glPLSlice0_V_1_address0   | out |    6|  ap_memory |    glPLSlice0_V_1    |     array    |
|glPLSlice0_V_1_ce0        | out |    1|  ap_memory |    glPLSlice0_V_1    |     array    |
|glPLSlice0_V_1_we0        | out |    1|  ap_memory |    glPLSlice0_V_1    |     array    |
|glPLSlice0_V_1_d0         | out |  180|  ap_memory |    glPLSlice0_V_1    |     array    |
|glPLSlice0_V_1_q0         |  in |  180|  ap_memory |    glPLSlice0_V_1    |     array    |
|glPLSlice0_V_2_address0   | out |    6|  ap_memory |    glPLSlice0_V_2    |     array    |
|glPLSlice0_V_2_ce0        | out |    1|  ap_memory |    glPLSlice0_V_2    |     array    |
|glPLSlice0_V_2_we0        | out |    1|  ap_memory |    glPLSlice0_V_2    |     array    |
|glPLSlice0_V_2_d0         | out |  180|  ap_memory |    glPLSlice0_V_2    |     array    |
|glPLSlice0_V_2_q0         |  in |  180|  ap_memory |    glPLSlice0_V_2    |     array    |
|glPLSlice0_V_3_address0   | out |    6|  ap_memory |    glPLSlice0_V_3    |     array    |
|glPLSlice0_V_3_ce0        | out |    1|  ap_memory |    glPLSlice0_V_3    |     array    |
|glPLSlice0_V_3_we0        | out |    1|  ap_memory |    glPLSlice0_V_3    |     array    |
|glPLSlice0_V_3_d0         | out |  180|  ap_memory |    glPLSlice0_V_3    |     array    |
|glPLSlice0_V_3_q0         |  in |  180|  ap_memory |    glPLSlice0_V_3    |     array    |
|glPLSlice0_V_4_address0   | out |    6|  ap_memory |    glPLSlice0_V_4    |     array    |
|glPLSlice0_V_4_ce0        | out |    1|  ap_memory |    glPLSlice0_V_4    |     array    |
|glPLSlice0_V_4_we0        | out |    1|  ap_memory |    glPLSlice0_V_4    |     array    |
|glPLSlice0_V_4_d0         | out |  180|  ap_memory |    glPLSlice0_V_4    |     array    |
|glPLSlice0_V_4_q0         |  in |  180|  ap_memory |    glPLSlice0_V_4    |     array    |
|glPLSlice0_V_5_address0   | out |    6|  ap_memory |    glPLSlice0_V_5    |     array    |
|glPLSlice0_V_5_ce0        | out |    1|  ap_memory |    glPLSlice0_V_5    |     array    |
|glPLSlice0_V_5_we0        | out |    1|  ap_memory |    glPLSlice0_V_5    |     array    |
|glPLSlice0_V_5_d0         | out |  180|  ap_memory |    glPLSlice0_V_5    |     array    |
|glPLSlice0_V_5_q0         |  in |  180|  ap_memory |    glPLSlice0_V_5    |     array    |
|glPLSlice0_V_6_address0   | out |    6|  ap_memory |    glPLSlice0_V_6    |     array    |
|glPLSlice0_V_6_ce0        | out |    1|  ap_memory |    glPLSlice0_V_6    |     array    |
|glPLSlice0_V_6_we0        | out |    1|  ap_memory |    glPLSlice0_V_6    |     array    |
|glPLSlice0_V_6_d0         | out |  180|  ap_memory |    glPLSlice0_V_6    |     array    |
|glPLSlice0_V_6_q0         |  in |  180|  ap_memory |    glPLSlice0_V_6    |     array    |
|glPLSlice0_V_7_address0   | out |    6|  ap_memory |    glPLSlice0_V_7    |     array    |
|glPLSlice0_V_7_ce0        | out |    1|  ap_memory |    glPLSlice0_V_7    |     array    |
|glPLSlice0_V_7_we0        | out |    1|  ap_memory |    glPLSlice0_V_7    |     array    |
|glPLSlice0_V_7_d0         | out |  180|  ap_memory |    glPLSlice0_V_7    |     array    |
|glPLSlice0_V_7_q0         |  in |  180|  ap_memory |    glPLSlice0_V_7    |     array    |
|glPLSlice0_V_8_address0   | out |    6|  ap_memory |    glPLSlice0_V_8    |     array    |
|glPLSlice0_V_8_ce0        | out |    1|  ap_memory |    glPLSlice0_V_8    |     array    |
|glPLSlice0_V_8_we0        | out |    1|  ap_memory |    glPLSlice0_V_8    |     array    |
|glPLSlice0_V_8_d0         | out |  180|  ap_memory |    glPLSlice0_V_8    |     array    |
|glPLSlice0_V_8_q0         |  in |  180|  ap_memory |    glPLSlice0_V_8    |     array    |
|glPLSlice0_V_9_address0   | out |    6|  ap_memory |    glPLSlice0_V_9    |     array    |
|glPLSlice0_V_9_ce0        | out |    1|  ap_memory |    glPLSlice0_V_9    |     array    |
|glPLSlice0_V_9_we0        | out |    1|  ap_memory |    glPLSlice0_V_9    |     array    |
|glPLSlice0_V_9_d0         | out |  180|  ap_memory |    glPLSlice0_V_9    |     array    |
|glPLSlice0_V_9_q0         |  in |  180|  ap_memory |    glPLSlice0_V_9    |     array    |
|glPLSlice0_V_10_address0  | out |    6|  ap_memory |    glPLSlice0_V_10   |     array    |
|glPLSlice0_V_10_ce0       | out |    1|  ap_memory |    glPLSlice0_V_10   |     array    |
|glPLSlice0_V_10_we0       | out |    1|  ap_memory |    glPLSlice0_V_10   |     array    |
|glPLSlice0_V_10_d0        | out |  180|  ap_memory |    glPLSlice0_V_10   |     array    |
|glPLSlice0_V_10_q0        |  in |  180|  ap_memory |    glPLSlice0_V_10   |     array    |
|glPLSlice0_V_11_address0  | out |    6|  ap_memory |    glPLSlice0_V_11   |     array    |
|glPLSlice0_V_11_ce0       | out |    1|  ap_memory |    glPLSlice0_V_11   |     array    |
|glPLSlice0_V_11_we0       | out |    1|  ap_memory |    glPLSlice0_V_11   |     array    |
|glPLSlice0_V_11_d0        | out |  180|  ap_memory |    glPLSlice0_V_11   |     array    |
|glPLSlice0_V_11_q0        |  in |  180|  ap_memory |    glPLSlice0_V_11   |     array    |
|glPLSlice0_V_12_address0  | out |    6|  ap_memory |    glPLSlice0_V_12   |     array    |
|glPLSlice0_V_12_ce0       | out |    1|  ap_memory |    glPLSlice0_V_12   |     array    |
|glPLSlice0_V_12_we0       | out |    1|  ap_memory |    glPLSlice0_V_12   |     array    |
|glPLSlice0_V_12_d0        | out |  180|  ap_memory |    glPLSlice0_V_12   |     array    |
|glPLSlice0_V_12_q0        |  in |  180|  ap_memory |    glPLSlice0_V_12   |     array    |
|glPLSlice0_V_13_address0  | out |    6|  ap_memory |    glPLSlice0_V_13   |     array    |
|glPLSlice0_V_13_ce0       | out |    1|  ap_memory |    glPLSlice0_V_13   |     array    |
|glPLSlice0_V_13_we0       | out |    1|  ap_memory |    glPLSlice0_V_13   |     array    |
|glPLSlice0_V_13_d0        | out |  180|  ap_memory |    glPLSlice0_V_13   |     array    |
|glPLSlice0_V_13_q0        |  in |  180|  ap_memory |    glPLSlice0_V_13   |     array    |
|glPLSlice0_V_14_address0  | out |    6|  ap_memory |    glPLSlice0_V_14   |     array    |
|glPLSlice0_V_14_ce0       | out |    1|  ap_memory |    glPLSlice0_V_14   |     array    |
|glPLSlice0_V_14_we0       | out |    1|  ap_memory |    glPLSlice0_V_14   |     array    |
|glPLSlice0_V_14_d0        | out |  180|  ap_memory |    glPLSlice0_V_14   |     array    |
|glPLSlice0_V_14_q0        |  in |  180|  ap_memory |    glPLSlice0_V_14   |     array    |
|glPLSlice0_V_15_address0  | out |    6|  ap_memory |    glPLSlice0_V_15   |     array    |
|glPLSlice0_V_15_ce0       | out |    1|  ap_memory |    glPLSlice0_V_15   |     array    |
|glPLSlice0_V_15_we0       | out |    1|  ap_memory |    glPLSlice0_V_15   |     array    |
|glPLSlice0_V_15_d0        | out |  180|  ap_memory |    glPLSlice0_V_15   |     array    |
|glPLSlice0_V_15_q0        |  in |  180|  ap_memory |    glPLSlice0_V_15   |     array    |
|glPLSlice1_V_0_address0   | out |    6|  ap_memory |    glPLSlice1_V_0    |     array    |
|glPLSlice1_V_0_ce0        | out |    1|  ap_memory |    glPLSlice1_V_0    |     array    |
|glPLSlice1_V_0_we0        | out |    1|  ap_memory |    glPLSlice1_V_0    |     array    |
|glPLSlice1_V_0_d0         | out |  180|  ap_memory |    glPLSlice1_V_0    |     array    |
|glPLSlice1_V_0_q0         |  in |  180|  ap_memory |    glPLSlice1_V_0    |     array    |
|glPLSlice1_V_1_address0   | out |    6|  ap_memory |    glPLSlice1_V_1    |     array    |
|glPLSlice1_V_1_ce0        | out |    1|  ap_memory |    glPLSlice1_V_1    |     array    |
|glPLSlice1_V_1_we0        | out |    1|  ap_memory |    glPLSlice1_V_1    |     array    |
|glPLSlice1_V_1_d0         | out |  180|  ap_memory |    glPLSlice1_V_1    |     array    |
|glPLSlice1_V_1_q0         |  in |  180|  ap_memory |    glPLSlice1_V_1    |     array    |
|glPLSlice1_V_2_address0   | out |    6|  ap_memory |    glPLSlice1_V_2    |     array    |
|glPLSlice1_V_2_ce0        | out |    1|  ap_memory |    glPLSlice1_V_2    |     array    |
|glPLSlice1_V_2_we0        | out |    1|  ap_memory |    glPLSlice1_V_2    |     array    |
|glPLSlice1_V_2_d0         | out |  180|  ap_memory |    glPLSlice1_V_2    |     array    |
|glPLSlice1_V_2_q0         |  in |  180|  ap_memory |    glPLSlice1_V_2    |     array    |
|glPLSlice1_V_3_address0   | out |    6|  ap_memory |    glPLSlice1_V_3    |     array    |
|glPLSlice1_V_3_ce0        | out |    1|  ap_memory |    glPLSlice1_V_3    |     array    |
|glPLSlice1_V_3_we0        | out |    1|  ap_memory |    glPLSlice1_V_3    |     array    |
|glPLSlice1_V_3_d0         | out |  180|  ap_memory |    glPLSlice1_V_3    |     array    |
|glPLSlice1_V_3_q0         |  in |  180|  ap_memory |    glPLSlice1_V_3    |     array    |
|glPLSlice1_V_4_address0   | out |    6|  ap_memory |    glPLSlice1_V_4    |     array    |
|glPLSlice1_V_4_ce0        | out |    1|  ap_memory |    glPLSlice1_V_4    |     array    |
|glPLSlice1_V_4_we0        | out |    1|  ap_memory |    glPLSlice1_V_4    |     array    |
|glPLSlice1_V_4_d0         | out |  180|  ap_memory |    glPLSlice1_V_4    |     array    |
|glPLSlice1_V_4_q0         |  in |  180|  ap_memory |    glPLSlice1_V_4    |     array    |
|glPLSlice1_V_5_address0   | out |    6|  ap_memory |    glPLSlice1_V_5    |     array    |
|glPLSlice1_V_5_ce0        | out |    1|  ap_memory |    glPLSlice1_V_5    |     array    |
|glPLSlice1_V_5_we0        | out |    1|  ap_memory |    glPLSlice1_V_5    |     array    |
|glPLSlice1_V_5_d0         | out |  180|  ap_memory |    glPLSlice1_V_5    |     array    |
|glPLSlice1_V_5_q0         |  in |  180|  ap_memory |    glPLSlice1_V_5    |     array    |
|glPLSlice1_V_6_address0   | out |    6|  ap_memory |    glPLSlice1_V_6    |     array    |
|glPLSlice1_V_6_ce0        | out |    1|  ap_memory |    glPLSlice1_V_6    |     array    |
|glPLSlice1_V_6_we0        | out |    1|  ap_memory |    glPLSlice1_V_6    |     array    |
|glPLSlice1_V_6_d0         | out |  180|  ap_memory |    glPLSlice1_V_6    |     array    |
|glPLSlice1_V_6_q0         |  in |  180|  ap_memory |    glPLSlice1_V_6    |     array    |
|glPLSlice1_V_7_address0   | out |    6|  ap_memory |    glPLSlice1_V_7    |     array    |
|glPLSlice1_V_7_ce0        | out |    1|  ap_memory |    glPLSlice1_V_7    |     array    |
|glPLSlice1_V_7_we0        | out |    1|  ap_memory |    glPLSlice1_V_7    |     array    |
|glPLSlice1_V_7_d0         | out |  180|  ap_memory |    glPLSlice1_V_7    |     array    |
|glPLSlice1_V_7_q0         |  in |  180|  ap_memory |    glPLSlice1_V_7    |     array    |
|glPLSlice1_V_8_address0   | out |    6|  ap_memory |    glPLSlice1_V_8    |     array    |
|glPLSlice1_V_8_ce0        | out |    1|  ap_memory |    glPLSlice1_V_8    |     array    |
|glPLSlice1_V_8_we0        | out |    1|  ap_memory |    glPLSlice1_V_8    |     array    |
|glPLSlice1_V_8_d0         | out |  180|  ap_memory |    glPLSlice1_V_8    |     array    |
|glPLSlice1_V_8_q0         |  in |  180|  ap_memory |    glPLSlice1_V_8    |     array    |
|glPLSlice1_V_9_address0   | out |    6|  ap_memory |    glPLSlice1_V_9    |     array    |
|glPLSlice1_V_9_ce0        | out |    1|  ap_memory |    glPLSlice1_V_9    |     array    |
|glPLSlice1_V_9_we0        | out |    1|  ap_memory |    glPLSlice1_V_9    |     array    |
|glPLSlice1_V_9_d0         | out |  180|  ap_memory |    glPLSlice1_V_9    |     array    |
|glPLSlice1_V_9_q0         |  in |  180|  ap_memory |    glPLSlice1_V_9    |     array    |
|glPLSlice1_V_10_address0  | out |    6|  ap_memory |    glPLSlice1_V_10   |     array    |
|glPLSlice1_V_10_ce0       | out |    1|  ap_memory |    glPLSlice1_V_10   |     array    |
|glPLSlice1_V_10_we0       | out |    1|  ap_memory |    glPLSlice1_V_10   |     array    |
|glPLSlice1_V_10_d0        | out |  180|  ap_memory |    glPLSlice1_V_10   |     array    |
|glPLSlice1_V_10_q0        |  in |  180|  ap_memory |    glPLSlice1_V_10   |     array    |
|glPLSlice1_V_11_address0  | out |    6|  ap_memory |    glPLSlice1_V_11   |     array    |
|glPLSlice1_V_11_ce0       | out |    1|  ap_memory |    glPLSlice1_V_11   |     array    |
|glPLSlice1_V_11_we0       | out |    1|  ap_memory |    glPLSlice1_V_11   |     array    |
|glPLSlice1_V_11_d0        | out |  180|  ap_memory |    glPLSlice1_V_11   |     array    |
|glPLSlice1_V_11_q0        |  in |  180|  ap_memory |    glPLSlice1_V_11   |     array    |
|glPLSlice1_V_12_address0  | out |    6|  ap_memory |    glPLSlice1_V_12   |     array    |
|glPLSlice1_V_12_ce0       | out |    1|  ap_memory |    glPLSlice1_V_12   |     array    |
|glPLSlice1_V_12_we0       | out |    1|  ap_memory |    glPLSlice1_V_12   |     array    |
|glPLSlice1_V_12_d0        | out |  180|  ap_memory |    glPLSlice1_V_12   |     array    |
|glPLSlice1_V_12_q0        |  in |  180|  ap_memory |    glPLSlice1_V_12   |     array    |
|glPLSlice1_V_13_address0  | out |    6|  ap_memory |    glPLSlice1_V_13   |     array    |
|glPLSlice1_V_13_ce0       | out |    1|  ap_memory |    glPLSlice1_V_13   |     array    |
|glPLSlice1_V_13_we0       | out |    1|  ap_memory |    glPLSlice1_V_13   |     array    |
|glPLSlice1_V_13_d0        | out |  180|  ap_memory |    glPLSlice1_V_13   |     array    |
|glPLSlice1_V_13_q0        |  in |  180|  ap_memory |    glPLSlice1_V_13   |     array    |
|glPLSlice1_V_14_address0  | out |    6|  ap_memory |    glPLSlice1_V_14   |     array    |
|glPLSlice1_V_14_ce0       | out |    1|  ap_memory |    glPLSlice1_V_14   |     array    |
|glPLSlice1_V_14_we0       | out |    1|  ap_memory |    glPLSlice1_V_14   |     array    |
|glPLSlice1_V_14_d0        | out |  180|  ap_memory |    glPLSlice1_V_14   |     array    |
|glPLSlice1_V_14_q0        |  in |  180|  ap_memory |    glPLSlice1_V_14   |     array    |
|glPLSlice1_V_15_address0  | out |    6|  ap_memory |    glPLSlice1_V_15   |     array    |
|glPLSlice1_V_15_ce0       | out |    1|  ap_memory |    glPLSlice1_V_15   |     array    |
|glPLSlice1_V_15_we0       | out |    1|  ap_memory |    glPLSlice1_V_15   |     array    |
|glPLSlice1_V_15_d0        | out |  180|  ap_memory |    glPLSlice1_V_15   |     array    |
|glPLSlice1_V_15_q0        |  in |  180|  ap_memory |    glPLSlice1_V_15   |     array    |
|glPLSlice2_V_0_address0   | out |    6|  ap_memory |    glPLSlice2_V_0    |     array    |
|glPLSlice2_V_0_ce0        | out |    1|  ap_memory |    glPLSlice2_V_0    |     array    |
|glPLSlice2_V_0_we0        | out |    1|  ap_memory |    glPLSlice2_V_0    |     array    |
|glPLSlice2_V_0_d0         | out |  180|  ap_memory |    glPLSlice2_V_0    |     array    |
|glPLSlice2_V_0_q0         |  in |  180|  ap_memory |    glPLSlice2_V_0    |     array    |
|glPLSlice2_V_1_address0   | out |    6|  ap_memory |    glPLSlice2_V_1    |     array    |
|glPLSlice2_V_1_ce0        | out |    1|  ap_memory |    glPLSlice2_V_1    |     array    |
|glPLSlice2_V_1_we0        | out |    1|  ap_memory |    glPLSlice2_V_1    |     array    |
|glPLSlice2_V_1_d0         | out |  180|  ap_memory |    glPLSlice2_V_1    |     array    |
|glPLSlice2_V_1_q0         |  in |  180|  ap_memory |    glPLSlice2_V_1    |     array    |
|glPLSlice2_V_2_address0   | out |    6|  ap_memory |    glPLSlice2_V_2    |     array    |
|glPLSlice2_V_2_ce0        | out |    1|  ap_memory |    glPLSlice2_V_2    |     array    |
|glPLSlice2_V_2_we0        | out |    1|  ap_memory |    glPLSlice2_V_2    |     array    |
|glPLSlice2_V_2_d0         | out |  180|  ap_memory |    glPLSlice2_V_2    |     array    |
|glPLSlice2_V_2_q0         |  in |  180|  ap_memory |    glPLSlice2_V_2    |     array    |
|glPLSlice2_V_3_address0   | out |    6|  ap_memory |    glPLSlice2_V_3    |     array    |
|glPLSlice2_V_3_ce0        | out |    1|  ap_memory |    glPLSlice2_V_3    |     array    |
|glPLSlice2_V_3_we0        | out |    1|  ap_memory |    glPLSlice2_V_3    |     array    |
|glPLSlice2_V_3_d0         | out |  180|  ap_memory |    glPLSlice2_V_3    |     array    |
|glPLSlice2_V_3_q0         |  in |  180|  ap_memory |    glPLSlice2_V_3    |     array    |
|glPLSlice2_V_4_address0   | out |    6|  ap_memory |    glPLSlice2_V_4    |     array    |
|glPLSlice2_V_4_ce0        | out |    1|  ap_memory |    glPLSlice2_V_4    |     array    |
|glPLSlice2_V_4_we0        | out |    1|  ap_memory |    glPLSlice2_V_4    |     array    |
|glPLSlice2_V_4_d0         | out |  180|  ap_memory |    glPLSlice2_V_4    |     array    |
|glPLSlice2_V_4_q0         |  in |  180|  ap_memory |    glPLSlice2_V_4    |     array    |
|glPLSlice2_V_5_address0   | out |    6|  ap_memory |    glPLSlice2_V_5    |     array    |
|glPLSlice2_V_5_ce0        | out |    1|  ap_memory |    glPLSlice2_V_5    |     array    |
|glPLSlice2_V_5_we0        | out |    1|  ap_memory |    glPLSlice2_V_5    |     array    |
|glPLSlice2_V_5_d0         | out |  180|  ap_memory |    glPLSlice2_V_5    |     array    |
|glPLSlice2_V_5_q0         |  in |  180|  ap_memory |    glPLSlice2_V_5    |     array    |
|glPLSlice2_V_6_address0   | out |    6|  ap_memory |    glPLSlice2_V_6    |     array    |
|glPLSlice2_V_6_ce0        | out |    1|  ap_memory |    glPLSlice2_V_6    |     array    |
|glPLSlice2_V_6_we0        | out |    1|  ap_memory |    glPLSlice2_V_6    |     array    |
|glPLSlice2_V_6_d0         | out |  180|  ap_memory |    glPLSlice2_V_6    |     array    |
|glPLSlice2_V_6_q0         |  in |  180|  ap_memory |    glPLSlice2_V_6    |     array    |
|glPLSlice2_V_7_address0   | out |    6|  ap_memory |    glPLSlice2_V_7    |     array    |
|glPLSlice2_V_7_ce0        | out |    1|  ap_memory |    glPLSlice2_V_7    |     array    |
|glPLSlice2_V_7_we0        | out |    1|  ap_memory |    glPLSlice2_V_7    |     array    |
|glPLSlice2_V_7_d0         | out |  180|  ap_memory |    glPLSlice2_V_7    |     array    |
|glPLSlice2_V_7_q0         |  in |  180|  ap_memory |    glPLSlice2_V_7    |     array    |
|glPLSlice2_V_8_address0   | out |    6|  ap_memory |    glPLSlice2_V_8    |     array    |
|glPLSlice2_V_8_ce0        | out |    1|  ap_memory |    glPLSlice2_V_8    |     array    |
|glPLSlice2_V_8_we0        | out |    1|  ap_memory |    glPLSlice2_V_8    |     array    |
|glPLSlice2_V_8_d0         | out |  180|  ap_memory |    glPLSlice2_V_8    |     array    |
|glPLSlice2_V_8_q0         |  in |  180|  ap_memory |    glPLSlice2_V_8    |     array    |
|glPLSlice2_V_9_address0   | out |    6|  ap_memory |    glPLSlice2_V_9    |     array    |
|glPLSlice2_V_9_ce0        | out |    1|  ap_memory |    glPLSlice2_V_9    |     array    |
|glPLSlice2_V_9_we0        | out |    1|  ap_memory |    glPLSlice2_V_9    |     array    |
|glPLSlice2_V_9_d0         | out |  180|  ap_memory |    glPLSlice2_V_9    |     array    |
|glPLSlice2_V_9_q0         |  in |  180|  ap_memory |    glPLSlice2_V_9    |     array    |
|glPLSlice2_V_10_address0  | out |    6|  ap_memory |    glPLSlice2_V_10   |     array    |
|glPLSlice2_V_10_ce0       | out |    1|  ap_memory |    glPLSlice2_V_10   |     array    |
|glPLSlice2_V_10_we0       | out |    1|  ap_memory |    glPLSlice2_V_10   |     array    |
|glPLSlice2_V_10_d0        | out |  180|  ap_memory |    glPLSlice2_V_10   |     array    |
|glPLSlice2_V_10_q0        |  in |  180|  ap_memory |    glPLSlice2_V_10   |     array    |
|glPLSlice2_V_11_address0  | out |    6|  ap_memory |    glPLSlice2_V_11   |     array    |
|glPLSlice2_V_11_ce0       | out |    1|  ap_memory |    glPLSlice2_V_11   |     array    |
|glPLSlice2_V_11_we0       | out |    1|  ap_memory |    glPLSlice2_V_11   |     array    |
|glPLSlice2_V_11_d0        | out |  180|  ap_memory |    glPLSlice2_V_11   |     array    |
|glPLSlice2_V_11_q0        |  in |  180|  ap_memory |    glPLSlice2_V_11   |     array    |
|glPLSlice2_V_12_address0  | out |    6|  ap_memory |    glPLSlice2_V_12   |     array    |
|glPLSlice2_V_12_ce0       | out |    1|  ap_memory |    glPLSlice2_V_12   |     array    |
|glPLSlice2_V_12_we0       | out |    1|  ap_memory |    glPLSlice2_V_12   |     array    |
|glPLSlice2_V_12_d0        | out |  180|  ap_memory |    glPLSlice2_V_12   |     array    |
|glPLSlice2_V_12_q0        |  in |  180|  ap_memory |    glPLSlice2_V_12   |     array    |
|glPLSlice2_V_13_address0  | out |    6|  ap_memory |    glPLSlice2_V_13   |     array    |
|glPLSlice2_V_13_ce0       | out |    1|  ap_memory |    glPLSlice2_V_13   |     array    |
|glPLSlice2_V_13_we0       | out |    1|  ap_memory |    glPLSlice2_V_13   |     array    |
|glPLSlice2_V_13_d0        | out |  180|  ap_memory |    glPLSlice2_V_13   |     array    |
|glPLSlice2_V_13_q0        |  in |  180|  ap_memory |    glPLSlice2_V_13   |     array    |
|glPLSlice2_V_14_address0  | out |    6|  ap_memory |    glPLSlice2_V_14   |     array    |
|glPLSlice2_V_14_ce0       | out |    1|  ap_memory |    glPLSlice2_V_14   |     array    |
|glPLSlice2_V_14_we0       | out |    1|  ap_memory |    glPLSlice2_V_14   |     array    |
|glPLSlice2_V_14_d0        | out |  180|  ap_memory |    glPLSlice2_V_14   |     array    |
|glPLSlice2_V_14_q0        |  in |  180|  ap_memory |    glPLSlice2_V_14   |     array    |
|glPLSlice2_V_15_address0  | out |    6|  ap_memory |    glPLSlice2_V_15   |     array    |
|glPLSlice2_V_15_ce0       | out |    1|  ap_memory |    glPLSlice2_V_15   |     array    |
|glPLSlice2_V_15_we0       | out |    1|  ap_memory |    glPLSlice2_V_15   |     array    |
|glPLSlice2_V_15_d0        | out |  180|  ap_memory |    glPLSlice2_V_15   |     array    |
|glPLSlice2_V_15_q0        |  in |  180|  ap_memory |    glPLSlice2_V_15   |     array    |
+--------------------------+-----+-----+------------+----------------------+--------------+

